#! /usr/bin/vvp
:ivl_version "10.3 (stable)";
:ivl_delay_selection "TYPICAL";
:vpi_time_precision - 12;
:vpi_module "system";
:vpi_module "vhdl_sys";
:vpi_module "v2005_math";
:vpi_module "va_math";
S_0x5601e3ae60c0 .scope module, "top" "top" 2 3;
 .timescale -9 -12;
v0x5601e3b96450_0 .var "a", 15 0;
v0x5601e3b96510_0 .var "b", 15 0;
L_0x7fa875786018 .functor BUFT 1, C4<0>, C4<0>, C4<0>, C4<0>;
v0x5601e3b965e0_0 .net "cin", 0 0, L_0x7fa875786018;  1 drivers
v0x5601e3b966b0_0 .net "sum", 16 0, L_0x5601e3bb81d0;  1 drivers
S_0x5601e3ae6240 .scope module, "KS" "koggeStoneAdder" 2 16, 3 6 0, S_0x5601e3ae60c0;
 .timescale -9 -12;
    .port_info 0 /INPUT 16 "A"
    .port_info 1 /INPUT 16 "B"
    .port_info 2 /OUTPUT 17 "S"
v0x5601e3b94480_0 .net "A", 15 0, v0x5601e3b96450_0;  1 drivers
v0x5601e3b94560_0 .net "B", 15 0, v0x5601e3b96510_0;  1 drivers
v0x5601e3b94640_0 .net "C", 15 0, L_0x5601e3bb5070;  1 drivers
L_0x7fa875786060 .functor BUFT 1, C4<0>, C4<0>, C4<0>, C4<0>;
v0x5601e3b94730_0 .net "Cin", 0 0, L_0x7fa875786060;  1 drivers
v0x5601e3b94800_0 .net "G1", 15 0, L_0x5601e3b9ac60;  1 drivers
v0x5601e3b94910_0 .net "G2", 15 1, L_0x5601e3ba6280;  1 drivers
v0x5601e3b949f0_0 .net "G3", 15 3, L_0x5601e3baea30;  1 drivers
v0x5601e3b94ad0_0 .net "G4", 15 7, L_0x5601e3bb3670;  1 drivers
v0x5601e3b94bb0_0 .net "G5", 15 15, L_0x5601e3bb4a90;  1 drivers
v0x5601e3b94c70_0 .net "P1", 15 0, L_0x5601e3b9a760;  1 drivers
v0x5601e3b94d50_0 .net "P2", 15 1, L_0x5601e3ba5a00;  1 drivers
v0x5601e3b94e30_0 .net "P3", 15 3, L_0x5601e3baef40;  1 drivers
v0x5601e3b94f10_0 .net "P4", 15 7, L_0x5601e3bb3250;  1 drivers
v0x5601e3b94ff0_0 .net "P5", 15 15, L_0x5601e3bb4910;  1 drivers
v0x5601e3b950b0_0 .net "S", 16 0, L_0x5601e3bb81d0;  alias, 1 drivers
v0x5601e3b95170_0 .net *"_s111", 1 0, L_0x5601e3ba6940;  1 drivers
v0x5601e3b95250_0 .net *"_s114", 1 0, L_0x5601e3ba72f0;  1 drivers
v0x5601e3b95330_0 .net *"_s118", 12 0, L_0x5601e3ba8bd0;  1 drivers
v0x5601e3b95410_0 .net *"_s133", 12 0, L_0x5601e3baaeb0;  1 drivers
v0x5601e3b954f0_0 .net *"_s148", 12 0, L_0x5601e3bacd00;  1 drivers
v0x5601e3b955d0_0 .net *"_s163", 12 0, L_0x5601e3bada70;  1 drivers
v0x5601e3b956b0_0 .net *"_s180", 3 0, L_0x5601e3bafa30;  1 drivers
v0x5601e3b95790_0 .net *"_s185", 3 0, L_0x5601e3baf710;  1 drivers
v0x5601e3b95870_0 .net *"_s189", 8 0, L_0x5601e3bb1120;  1 drivers
v0x5601e3b95950_0 .net *"_s200", 8 0, L_0x5601e3bb12b0;  1 drivers
v0x5601e3b95a30_0 .net *"_s211", 8 0, L_0x5601e3bb1d30;  1 drivers
v0x5601e3b95b10_0 .net *"_s222", 8 0, L_0x5601e3bb2840;  1 drivers
v0x5601e3b95bf0_0 .net *"_s235", 7 0, L_0x5601e3bb4500;  1 drivers
v0x5601e3b95cd0_0 .net *"_s244", 7 0, L_0x5601e3bb45a0;  1 drivers
v0x5601e3b95db0_0 .net *"_s263", 14 0, L_0x5601e3bb6390;  1 drivers
v0x5601e3b95e90_0 .net *"_s280", 14 0, L_0x5601e3bb6ac0;  1 drivers
v0x5601e3b95f70_0 .net *"_s296", 14 0, L_0x5601e3bb7db0;  1 drivers
v0x5601e3b96050_0 .net *"_s41", 14 0, L_0x5601e3b9d920;  1 drivers
v0x5601e3b96130_0 .net *"_s58", 14 0, L_0x5601e3b9f020;  1 drivers
v0x5601e3b96210_0 .net *"_s75", 14 0, L_0x5601e3ba0dc0;  1 drivers
v0x5601e3b962f0_0 .net *"_s92", 14 0, L_0x5601e3ba31c0;  1 drivers
L_0x5601e3b98630 .part v0x5601e3b96450_0, 0, 1;
L_0x5601e3b98720 .part v0x5601e3b96450_0, 1, 1;
L_0x5601e3b987c0 .part v0x5601e3b96450_0, 2, 1;
L_0x5601e3b98860 .part v0x5601e3b96450_0, 3, 1;
L_0x5601e3b98930 .part v0x5601e3b96450_0, 4, 1;
L_0x5601e3b989d0 .part v0x5601e3b96450_0, 5, 1;
L_0x5601e3b98ab0 .part v0x5601e3b96450_0, 6, 1;
L_0x5601e3b98b50 .part v0x5601e3b96450_0, 7, 1;
L_0x5601e3b98c40 .part v0x5601e3b96450_0, 8, 1;
L_0x5601e3b98ce0 .part v0x5601e3b96450_0, 9, 1;
L_0x5601e3b98de0 .part v0x5601e3b96450_0, 10, 1;
L_0x5601e3b98e80 .part v0x5601e3b96450_0, 11, 1;
L_0x5601e3b98f90 .part v0x5601e3b96450_0, 12, 1;
L_0x5601e3b99030 .part v0x5601e3b96450_0, 13, 1;
L_0x5601e3b99150 .part v0x5601e3b96450_0, 14, 1;
L_0x5601e3b99400 .part v0x5601e3b96450_0, 15, 1;
L_0x5601e3b99530 .part v0x5601e3b96510_0, 0, 1;
L_0x5601e3b995d0 .part v0x5601e3b96510_0, 1, 1;
L_0x5601e3b99710 .part v0x5601e3b96510_0, 2, 1;
L_0x5601e3b997b0 .part v0x5601e3b96510_0, 3, 1;
L_0x5601e3b99670 .part v0x5601e3b96510_0, 4, 1;
L_0x5601e3b99900 .part v0x5601e3b96510_0, 5, 1;
L_0x5601e3b99a60 .part v0x5601e3b96510_0, 6, 1;
L_0x5601e3b99b00 .part v0x5601e3b96510_0, 7, 1;
L_0x5601e3b99c70 .part v0x5601e3b96510_0, 8, 1;
L_0x5601e3b99d10 .part v0x5601e3b96510_0, 9, 1;
L_0x5601e3b99e90 .part v0x5601e3b96510_0, 10, 1;
L_0x5601e3b99f30 .part v0x5601e3b96510_0, 11, 1;
L_0x5601e3b9a0c0 .part v0x5601e3b96510_0, 12, 1;
L_0x5601e3b9a160 .part v0x5601e3b96510_0, 13, 1;
L_0x5601e3b9a300 .part v0x5601e3b96510_0, 14, 1;
L_0x5601e3b9a5b0 .part v0x5601e3b96510_0, 15, 1;
LS_0x5601e3b9a760_0_0 .concat [ 1 1 1 1], L_0x5601e3b96800, L_0x5601e3b96a10, L_0x5601e3b96bf0, L_0x5601e3b96dd0;
LS_0x5601e3b9a760_0_4 .concat [ 1 1 1 1], L_0x5601e3b96fb0, L_0x5601e3b97190, L_0x5601e3b97370, L_0x5601e3b97550;
LS_0x5601e3b9a760_0_8 .concat [ 1 1 1 1], L_0x5601e3b97730, L_0x5601e3b97910, L_0x5601e3b97af0, L_0x5601e3b97cd0;
LS_0x5601e3b9a760_0_12 .concat [ 1 1 1 1], L_0x5601e3b97eb0, L_0x5601e3b98090, L_0x5601e3b98270, L_0x5601e3b98450;
L_0x5601e3b9a760 .concat [ 4 4 4 4], LS_0x5601e3b9a760_0_0, LS_0x5601e3b9a760_0_4, LS_0x5601e3b9a760_0_8, LS_0x5601e3b9a760_0_12;
LS_0x5601e3b9ac60_0_0 .concat [ 1 1 1 1], L_0x5601e3b968d0, L_0x5601e3b96ab0, L_0x5601e3b96c90, L_0x5601e3b96e70;
LS_0x5601e3b9ac60_0_4 .concat [ 1 1 1 1], L_0x5601e3b97050, L_0x5601e3b97230, L_0x5601e3b97410, L_0x5601e3b975f0;
LS_0x5601e3b9ac60_0_8 .concat [ 1 1 1 1], L_0x5601e3b977d0, L_0x5601e3b979b0, L_0x5601e3b97b90, L_0x5601e3b97d70;
LS_0x5601e3b9ac60_0_12 .concat [ 1 1 1 1], L_0x5601e3b97f50, L_0x5601e3b98130, L_0x5601e3b98310, L_0x5601e3b984f0;
L_0x5601e3b9ac60 .concat [ 4 4 4 4], LS_0x5601e3b9ac60_0_0, LS_0x5601e3b9ac60_0_4, LS_0x5601e3b9ac60_0_8, LS_0x5601e3b9ac60_0_12;
L_0x5601e3b9b320 .part L_0x5601e3b9ac60, 0, 1;
L_0x5601e3b9d920 .part L_0x5601e3b9a760, 1, 15;
L_0x5601e3b9b200 .part L_0x5601e3b9d920, 0, 1;
L_0x5601e3b9db40 .part L_0x5601e3b9d920, 1, 1;
L_0x5601e3b9dd20 .part L_0x5601e3b9d920, 2, 1;
L_0x5601e3b9ddc0 .part L_0x5601e3b9d920, 3, 1;
L_0x5601e3b9dfb0 .part L_0x5601e3b9d920, 4, 1;
L_0x5601e3b9e050 .part L_0x5601e3b9d920, 5, 1;
L_0x5601e3b9e250 .part L_0x5601e3b9d920, 6, 1;
L_0x5601e3b9e2f0 .part L_0x5601e3b9d920, 7, 1;
L_0x5601e3b9e500 .part L_0x5601e3b9d920, 8, 1;
L_0x5601e3b9e5a0 .part L_0x5601e3b9d920, 9, 1;
L_0x5601e3b9e7c0 .part L_0x5601e3b9d920, 10, 1;
L_0x5601e3b9e860 .part L_0x5601e3b9d920, 11, 1;
L_0x5601e3b9ea90 .part L_0x5601e3b9d920, 12, 1;
L_0x5601e3b9eb30 .part L_0x5601e3b9d920, 13, 1;
L_0x5601e3b9ed70 .part L_0x5601e3b9d920, 14, 1;
L_0x5601e3b9f020 .part L_0x5601e3b9ac60, 1, 15;
L_0x5601e3b9f270 .part L_0x5601e3b9f020, 0, 1;
L_0x5601e3b9f360 .part L_0x5601e3b9f020, 1, 1;
L_0x5601e3b9f610 .part L_0x5601e3b9f020, 2, 1;
L_0x5601e3b9f700 .part L_0x5601e3b9f020, 3, 1;
L_0x5601e3b9f970 .part L_0x5601e3b9f020, 4, 1;
L_0x5601e3b9fa60 .part L_0x5601e3b9f020, 5, 1;
L_0x5601e3b9fd30 .part L_0x5601e3b9f020, 6, 1;
L_0x5601e3b9fe20 .part L_0x5601e3b9f020, 7, 1;
L_0x5601e3ba0100 .part L_0x5601e3b9f020, 8, 1;
L_0x5601e3ba01f0 .part L_0x5601e3b9f020, 9, 1;
L_0x5601e3ba04e0 .part L_0x5601e3b9f020, 10, 1;
L_0x5601e3ba05d0 .part L_0x5601e3b9f020, 11, 1;
L_0x5601e3ba08d0 .part L_0x5601e3b9f020, 12, 1;
L_0x5601e3ba09c0 .part L_0x5601e3b9f020, 13, 1;
L_0x5601e3ba0cd0 .part L_0x5601e3b9f020, 14, 1;
L_0x5601e3ba0dc0 .part L_0x5601e3b9a760, 0, 15;
L_0x5601e3ba1090 .part L_0x5601e3ba0dc0, 0, 1;
L_0x5601e3ba11d0 .part L_0x5601e3ba0dc0, 1, 1;
L_0x5601e3ba1500 .part L_0x5601e3ba0dc0, 2, 1;
L_0x5601e3ba15f0 .part L_0x5601e3ba0dc0, 3, 1;
L_0x5601e3ba18e0 .part L_0x5601e3ba0dc0, 4, 1;
L_0x5601e3ba19d0 .part L_0x5601e3ba0dc0, 5, 1;
L_0x5601e3ba1d20 .part L_0x5601e3ba0dc0, 6, 1;
L_0x5601e3ba1e10 .part L_0x5601e3ba0dc0, 7, 1;
L_0x5601e3ba2170 .part L_0x5601e3ba0dc0, 8, 1;
L_0x5601e3ba2260 .part L_0x5601e3ba0dc0, 9, 1;
L_0x5601e3ba25d0 .part L_0x5601e3ba0dc0, 10, 1;
L_0x5601e3ba26c0 .part L_0x5601e3ba0dc0, 11, 1;
L_0x5601e3ba2a40 .part L_0x5601e3ba0dc0, 12, 1;
L_0x5601e3ba2b30 .part L_0x5601e3ba0dc0, 13, 1;
L_0x5601e3ba2ec0 .part L_0x5601e3ba0dc0, 14, 1;
L_0x5601e3ba31c0 .part L_0x5601e3b9ac60, 0, 15;
L_0x5601e3ba3510 .part L_0x5601e3ba31c0, 0, 1;
L_0x5601e3ba3600 .part L_0x5601e3ba31c0, 1, 1;
L_0x5601e3ba39b0 .part L_0x5601e3ba31c0, 2, 1;
L_0x5601e3ba3b30 .part L_0x5601e3ba31c0, 3, 1;
L_0x5601e3ba3ea0 .part L_0x5601e3ba31c0, 4, 1;
L_0x5601e3ba3f90 .part L_0x5601e3ba31c0, 5, 1;
L_0x5601e3ba4360 .part L_0x5601e3ba31c0, 6, 1;
L_0x5601e3ba4450 .part L_0x5601e3ba31c0, 7, 1;
L_0x5601e3ba4830 .part L_0x5601e3ba31c0, 8, 1;
L_0x5601e3ba4920 .part L_0x5601e3ba31c0, 9, 1;
L_0x5601e3ba4d10 .part L_0x5601e3ba31c0, 10, 1;
L_0x5601e3ba4e00 .part L_0x5601e3ba31c0, 11, 1;
L_0x5601e3ba5200 .part L_0x5601e3ba31c0, 12, 1;
L_0x5601e3ba52f0 .part L_0x5601e3ba31c0, 13, 1;
L_0x5601e3ba5700 .part L_0x5601e3ba31c0, 14, 1;
LS_0x5601e3ba5a00_0_0 .concat [ 1 1 1 1], L_0x5601e3b9b460, L_0x5601e3b9b650, L_0x5601e3b9b840, L_0x5601e3b9ba30;
LS_0x5601e3ba5a00_0_4 .concat [ 1 1 1 1], L_0x5601e3b9bc20, L_0x5601e3b9be10, L_0x5601e3b9c000, L_0x5601e3b9c220;
LS_0x5601e3ba5a00_0_8 .concat [ 1 1 1 1], L_0x5601e3b9c500, L_0x5601e3b9c7e0, L_0x5601e3b9cac0, L_0x5601e3b9cda0;
LS_0x5601e3ba5a00_0_12 .concat [ 1 1 1 0], L_0x5601e3b9d080, L_0x5601e3b9d360, L_0x5601e3b9d640;
L_0x5601e3ba5a00 .concat [ 4 4 4 3], LS_0x5601e3ba5a00_0_0, LS_0x5601e3ba5a00_0_4, LS_0x5601e3ba5a00_0_8, LS_0x5601e3ba5a00_0_12;
LS_0x5601e3ba6280_0_0 .concat [ 1 1 1 1], L_0x5601e3b9b590, L_0x5601e3b9b780, L_0x5601e3b9b970, L_0x5601e3b9bb60;
LS_0x5601e3ba6280_0_4 .concat [ 1 1 1 1], L_0x5601e3b9bd50, L_0x5601e3b9bf40, L_0x5601e3b9c130, L_0x5601e3b9c3e0;
LS_0x5601e3ba6280_0_8 .concat [ 1 1 1 1], L_0x5601e3b9c6c0, L_0x5601e3b9c9a0, L_0x5601e3b9cc80, L_0x5601e3b9cf60;
LS_0x5601e3ba6280_0_12 .concat [ 1 1 1 0], L_0x5601e3b9d240, L_0x5601e3b9d520, L_0x5601e3b9d800;
L_0x5601e3ba6280 .concat [ 4 4 4 3], LS_0x5601e3ba6280_0_0, LS_0x5601e3ba6280_0_4, LS_0x5601e3ba6280_0_8, LS_0x5601e3ba6280_0_12;
L_0x5601e3ba6940 .part L_0x5601e3ba6280, 0, 2;
L_0x5601e3ba6d70 .part L_0x5601e3ba6940, 0, 1;
L_0x5601e3ba6eb0 .part L_0x5601e3ba6940, 1, 1;
L_0x5601e3ba72f0 .concat [ 1 1 0 0], L_0x5601e3ba6860, L_0x5601e3ba68d0;
L_0x5601e3ba8bd0 .part L_0x5601e3ba5a00, 2, 13;
L_0x5601e3ba9020 .part L_0x5601e3ba8bd0, 0, 1;
L_0x5601e3ba9110 .part L_0x5601e3ba8bd0, 1, 1;
L_0x5601e3ba9520 .part L_0x5601e3ba8bd0, 2, 1;
L_0x5601e3ba9650 .part L_0x5601e3ba8bd0, 3, 1;
L_0x5601e3ba9a70 .part L_0x5601e3ba8bd0, 4, 1;
L_0x5601e3ba9b10 .part L_0x5601e3ba8bd0, 5, 1;
L_0x5601e3ba9f40 .part L_0x5601e3ba8bd0, 6, 1;
L_0x5601e3ba9fe0 .part L_0x5601e3ba8bd0, 7, 1;
L_0x5601e3baa420 .part L_0x5601e3ba8bd0, 8, 1;
L_0x5601e3baa4c0 .part L_0x5601e3ba8bd0, 9, 1;
L_0x5601e3baa910 .part L_0x5601e3ba8bd0, 10, 1;
L_0x5601e3baa9b0 .part L_0x5601e3ba8bd0, 11, 1;
L_0x5601e3baae10 .part L_0x5601e3ba8bd0, 12, 1;
L_0x5601e3baaeb0 .part L_0x5601e3ba6280, 2, 13;
L_0x5601e3bab320 .part L_0x5601e3baaeb0, 0, 1;
L_0x5601e3bab410 .part L_0x5601e3baaeb0, 1, 1;
L_0x5601e3bab8e0 .part L_0x5601e3baaeb0, 2, 1;
L_0x5601e3bab9d0 .part L_0x5601e3baaeb0, 3, 1;
L_0x5601e3babe60 .part L_0x5601e3baaeb0, 4, 1;
L_0x5601e3babf50 .part L_0x5601e3baaeb0, 5, 1;
L_0x5601e3bac440 .part L_0x5601e3baaeb0, 6, 1;
L_0x5601e3bac530 .part L_0x5601e3baaeb0, 7, 1;
L_0x5601e3baca30 .part L_0x5601e3baaeb0, 8, 1;
L_0x5601e3bacb20 .part L_0x5601e3baaeb0, 9, 1;
L_0x5601e3bad030 .part L_0x5601e3baaeb0, 10, 1;
L_0x5601e3bad120 .part L_0x5601e3baaeb0, 11, 1;
L_0x5601e3bacc10 .part L_0x5601e3baaeb0, 12, 1;
L_0x5601e3bacd00 .part L_0x5601e3ba5a00, 0, 13;
L_0x5601e3bacda0 .part L_0x5601e3bacd00, 0, 1;
L_0x5601e3bacee0 .part L_0x5601e3bacd00, 1, 1;
L_0x5601e3bad660 .part L_0x5601e3bacd00, 2, 1;
L_0x5601e3bad700 .part L_0x5601e3bacd00, 3, 1;
L_0x5601e3bad210 .part L_0x5601e3bacd00, 4, 1;
L_0x5601e3bad300 .part L_0x5601e3bacd00, 5, 1;
L_0x5601e3bad3f0 .part L_0x5601e3bacd00, 6, 1;
L_0x5601e3bad4e0 .part L_0x5601e3bacd00, 7, 1;
L_0x5601e3badc20 .part L_0x5601e3bacd00, 8, 1;
L_0x5601e3badcc0 .part L_0x5601e3bacd00, 9, 1;
L_0x5601e3bad7a0 .part L_0x5601e3bacd00, 10, 1;
L_0x5601e3bad890 .part L_0x5601e3bacd00, 11, 1;
L_0x5601e3bad980 .part L_0x5601e3bacd00, 12, 1;
L_0x5601e3bada70 .part L_0x5601e3ba6280, 0, 13;
L_0x5601e3badb10 .part L_0x5601e3bada70, 0, 1;
L_0x5601e3bae260 .part L_0x5601e3bada70, 1, 1;
L_0x5601e3baddb0 .part L_0x5601e3bada70, 2, 1;
L_0x5601e3badf30 .part L_0x5601e3bada70, 3, 1;
L_0x5601e3bae020 .part L_0x5601e3bada70, 4, 1;
L_0x5601e3bae110 .part L_0x5601e3bada70, 5, 1;
L_0x5601e3bae7e0 .part L_0x5601e3bada70, 6, 1;
L_0x5601e3bae990 .part L_0x5601e3bada70, 7, 1;
L_0x5601e3bae300 .part L_0x5601e3bada70, 8, 1;
L_0x5601e3bae3f0 .part L_0x5601e3bada70, 9, 1;
L_0x5601e3bae4e0 .part L_0x5601e3bada70, 10, 1;
L_0x5601e3bae5d0 .part L_0x5601e3bada70, 11, 1;
L_0x5601e3bae6c0 .part L_0x5601e3bada70, 12, 1;
LS_0x5601e3baef40_0_0 .concat [ 1 1 1 1], L_0x5601e3ba7430, L_0x5601e3ba7620, L_0x5601e3ba7810, L_0x5601e3ba7a00;
LS_0x5601e3baef40_0_4 .concat [ 1 1 1 1], L_0x5601e3ba7bf0, L_0x5601e3ba7de0, L_0x5601e3ba7fd0, L_0x5601e3ba8120;
LS_0x5601e3baef40_0_8 .concat [ 1 1 1 1], L_0x5601e3ba8270, L_0x5601e3ba8410, L_0x5601e3ba8600, L_0x5601e3ba87f0;
LS_0x5601e3baef40_0_12 .concat [ 1 0 0 0], L_0x5601e3ba89e0;
L_0x5601e3baef40 .concat [ 4 4 4 1], LS_0x5601e3baef40_0_0, LS_0x5601e3baef40_0_4, LS_0x5601e3baef40_0_8, LS_0x5601e3baef40_0_12;
LS_0x5601e3baea30_0_0 .concat [ 1 1 1 1], L_0x5601e3ba7560, L_0x5601e3ba7750, L_0x5601e3ba7940, L_0x5601e3ba7b30;
LS_0x5601e3baea30_0_4 .concat [ 1 1 1 1], L_0x5601e3ba7d20, L_0x5601e3ba7f10, L_0x5601e3ba80b0, L_0x5601e3ba8200;
LS_0x5601e3baea30_0_8 .concat [ 1 1 1 1], L_0x5601e3ba8350, L_0x5601e3ba8540, L_0x5601e3ba8730, L_0x5601e3ba8920;
LS_0x5601e3baea30_0_12 .concat [ 1 0 0 0], L_0x5601e3ba8b10;
L_0x5601e3baea30 .concat [ 4 4 4 1], LS_0x5601e3baea30_0_0, LS_0x5601e3baea30_0_4, LS_0x5601e3baea30_0_8, LS_0x5601e3baea30_0_12;
L_0x5601e3bafa30 .part L_0x5601e3baea30, 0, 4;
L_0x5601e3baf350 .part L_0x5601e3bafa30, 0, 1;
L_0x5601e3baf490 .part L_0x5601e3bafa30, 1, 1;
L_0x5601e3baf580 .part L_0x5601e3bafa30, 2, 1;
L_0x5601e3baf670 .part L_0x5601e3bafa30, 3, 1;
L_0x5601e3baf710 .concat [ 1 1 1 1], L_0x5601e3baf870, L_0x5601e3baf8e0, L_0x5601e3baf950, L_0x5601e3baf9c0;
L_0x5601e3bb1120 .part L_0x5601e3baef40, 4, 9;
L_0x5601e3bafad0 .part L_0x5601e3bb1120, 0, 1;
L_0x5601e3bafbc0 .part L_0x5601e3bb1120, 1, 1;
L_0x5601e3bafc60 .part L_0x5601e3bb1120, 2, 1;
L_0x5601e3bafd90 .part L_0x5601e3bb1120, 3, 1;
L_0x5601e3bafe30 .part L_0x5601e3bb1120, 4, 1;
L_0x5601e3bafed0 .part L_0x5601e3bb1120, 5, 1;
L_0x5601e3baff70 .part L_0x5601e3bb1120, 6, 1;
L_0x5601e3bb18b0 .part L_0x5601e3bb1120, 7, 1;
L_0x5601e3bb1210 .part L_0x5601e3bb1120, 8, 1;
L_0x5601e3bb12b0 .part L_0x5601e3baea30, 4, 9;
L_0x5601e3bb1350 .part L_0x5601e3bb12b0, 0, 1;
L_0x5601e3bb1440 .part L_0x5601e3bb12b0, 1, 1;
L_0x5601e3bb1530 .part L_0x5601e3bb12b0, 2, 1;
L_0x5601e3bb1620 .part L_0x5601e3bb12b0, 3, 1;
L_0x5601e3bb16c0 .part L_0x5601e3bb12b0, 4, 1;
L_0x5601e3bb1f70 .part L_0x5601e3bb12b0, 5, 1;
L_0x5601e3bb1950 .part L_0x5601e3bb12b0, 6, 1;
L_0x5601e3bb1b50 .part L_0x5601e3bb12b0, 7, 1;
L_0x5601e3bb1c40 .part L_0x5601e3bb12b0, 8, 1;
L_0x5601e3bb1d30 .part L_0x5601e3baef40, 0, 9;
L_0x5601e3bb1dd0 .part L_0x5601e3bb1d30, 0, 1;
L_0x5601e3bb2660 .part L_0x5601e3bb1d30, 1, 1;
L_0x5601e3bb2060 .part L_0x5601e3bb1d30, 2, 1;
L_0x5601e3bb2150 .part L_0x5601e3bb1d30, 3, 1;
L_0x5601e3bb2240 .part L_0x5601e3bb1d30, 4, 1;
L_0x5601e3bb2330 .part L_0x5601e3bb1d30, 5, 1;
L_0x5601e3bb2420 .part L_0x5601e3bb1d30, 6, 1;
L_0x5601e3bb2d80 .part L_0x5601e3bb1d30, 7, 1;
L_0x5601e3bb2750 .part L_0x5601e3bb1d30, 8, 1;
L_0x5601e3bb2840 .part L_0x5601e3baea30, 0, 9;
L_0x5601e3bb28e0 .part L_0x5601e3bb2840, 0, 1;
L_0x5601e3bb2a20 .part L_0x5601e3bb2840, 1, 1;
L_0x5601e3bb2b10 .part L_0x5601e3bb2840, 2, 1;
L_0x5601e3bb2c90 .part L_0x5601e3bb2840, 3, 1;
L_0x5601e3bb34e0 .part L_0x5601e3bb2840, 4, 1;
L_0x5601e3bb3580 .part L_0x5601e3bb2840, 5, 1;
L_0x5601e3bb2e70 .part L_0x5601e3bb2840, 6, 1;
L_0x5601e3bb3070 .part L_0x5601e3bb2840, 7, 1;
L_0x5601e3bb3160 .part L_0x5601e3bb2840, 8, 1;
LS_0x5601e3bb3250_0_0 .concat [ 1 1 1 1], L_0x5601e3baf800, L_0x5601e3bb01a0, L_0x5601e3bb0390, L_0x5601e3bb0580;
LS_0x5601e3bb3250_0_4 .concat [ 1 1 1 1], L_0x5601e3bb0770, L_0x5601e3bb0960, L_0x5601e3bb0b50, L_0x5601e3bb0d40;
LS_0x5601e3bb3250_0_8 .concat [ 1 0 0 0], L_0x5601e3bb0f30;
L_0x5601e3bb3250 .concat [ 4 4 1 0], LS_0x5601e3bb3250_0_0, LS_0x5601e3bb3250_0_4, LS_0x5601e3bb3250_0_8;
LS_0x5601e3bb3670_0_0 .concat [ 1 1 1 1], L_0x5601e3bb00e0, L_0x5601e3bb02d0, L_0x5601e3bb04c0, L_0x5601e3bb06b0;
LS_0x5601e3bb3670_0_4 .concat [ 1 1 1 1], L_0x5601e3bb08a0, L_0x5601e3bb0a90, L_0x5601e3bb0c80, L_0x5601e3bb0e70;
LS_0x5601e3bb3670_0_8 .concat [ 1 0 0 0], L_0x5601e3bb1060;
L_0x5601e3bb3670 .concat [ 4 4 1 0], LS_0x5601e3bb3670_0_0, LS_0x5601e3bb3670_0_4, LS_0x5601e3bb3670_0_8;
L_0x5601e3bb4500 .part L_0x5601e3bb3670, 0, 8;
L_0x5601e3bb3df0 .part L_0x5601e3bb4500, 0, 1;
L_0x5601e3bb3f30 .part L_0x5601e3bb4500, 1, 1;
L_0x5601e3bb4020 .part L_0x5601e3bb4500, 2, 1;
L_0x5601e3bb4110 .part L_0x5601e3bb4500, 3, 1;
L_0x5601e3bb41b0 .part L_0x5601e3bb4500, 4, 1;
L_0x5601e3bb42a0 .part L_0x5601e3bb4500, 5, 1;
L_0x5601e3bb4390 .part L_0x5601e3bb4500, 6, 1;
L_0x5601e3bb4d90 .part L_0x5601e3bb4500, 7, 1;
LS_0x5601e3bb45a0_0_0 .concat [ 1 1 1 1], L_0x5601e3bb39e0, L_0x5601e3bb3a50, L_0x5601e3bb3ac0, L_0x5601e3bb3b30;
LS_0x5601e3bb45a0_0_4 .concat [ 1 1 1 1], L_0x5601e3bb3ba0, L_0x5601e3bb3c10, L_0x5601e3bb3c80, L_0x5601e3bb4490;
L_0x5601e3bb45a0 .concat [ 4 4 0 0], LS_0x5601e3bb45a0_0_0, LS_0x5601e3bb45a0_0_4;
L_0x5601e3bb4b50 .part L_0x5601e3bb3250, 8, 1;
L_0x5601e3bb5580 .part L_0x5601e3bb3670, 8, 1;
L_0x5601e3bb5620 .part L_0x5601e3bb3250, 0, 1;
L_0x5601e3bb4e80 .part L_0x5601e3bb3670, 0, 1;
LS_0x5601e3bb5070_0_0 .concat8 [ 1 2 4 8], L_0x5601e3b98f20, L_0x5601e3ba72f0, L_0x5601e3baf710, L_0x5601e3bb45a0;
LS_0x5601e3bb5070_0_4 .concat8 [ 1 0 0 0], L_0x5601e3bb4f70;
L_0x5601e3bb5070 .concat8 [ 15 1 0 0], LS_0x5601e3bb5070_0_0, LS_0x5601e3bb5070_0_4;
L_0x5601e3bb52c0 .part L_0x5601e3b9a760, 0, 1;
L_0x5601e3bb6390 .part L_0x5601e3b9a760, 1, 15;
L_0x5601e3bb56c0 .part L_0x5601e3bb6390, 0, 1;
L_0x5601e3bb57b0 .part L_0x5601e3bb6390, 1, 1;
L_0x5601e3bb58a0 .part L_0x5601e3bb6390, 2, 1;
L_0x5601e3bb5a20 .part L_0x5601e3bb6390, 3, 1;
L_0x5601e3bb5ac0 .part L_0x5601e3bb6390, 4, 1;
L_0x5601e3bb5bb0 .part L_0x5601e3bb6390, 5, 1;
L_0x5601e3bb5ca0 .part L_0x5601e3bb6390, 6, 1;
L_0x5601e3bb6ca0 .part L_0x5601e3bb6390, 7, 1;
L_0x5601e3bb6430 .part L_0x5601e3bb6390, 8, 1;
L_0x5601e3bb6520 .part L_0x5601e3bb6390, 9, 1;
L_0x5601e3bb6610 .part L_0x5601e3bb6390, 10, 1;
L_0x5601e3bb6700 .part L_0x5601e3bb6390, 11, 1;
L_0x5601e3bb67f0 .part L_0x5601e3bb6390, 12, 1;
L_0x5601e3bb68e0 .part L_0x5601e3bb6390, 13, 1;
L_0x5601e3bb69d0 .part L_0x5601e3bb6390, 14, 1;
L_0x5601e3bb6ac0 .part L_0x5601e3bb5070, 0, 15;
L_0x5601e3bb6d40 .part L_0x5601e3bb6ac0, 0, 1;
L_0x5601e3bb6e80 .part L_0x5601e3bb6ac0, 1, 1;
L_0x5601e3bb6f70 .part L_0x5601e3bb6ac0, 2, 1;
L_0x5601e3bb7060 .part L_0x5601e3bb6ac0, 3, 1;
L_0x5601e3bb7100 .part L_0x5601e3bb6ac0, 4, 1;
L_0x5601e3bb71f0 .part L_0x5601e3bb6ac0, 5, 1;
L_0x5601e3bb72e0 .part L_0x5601e3bb6ac0, 6, 1;
L_0x5601e3bb73d0 .part L_0x5601e3bb6ac0, 7, 1;
L_0x5601e3bb7ee0 .part L_0x5601e3bb6ac0, 8, 1;
L_0x5601e3bb7f80 .part L_0x5601e3bb6ac0, 9, 1;
L_0x5601e3bb76f0 .part L_0x5601e3bb6ac0, 10, 1;
L_0x5601e3bb77e0 .part L_0x5601e3bb6ac0, 11, 1;
L_0x5601e3bb78d0 .part L_0x5601e3bb6ac0, 12, 1;
L_0x5601e3bb79c0 .part L_0x5601e3bb6ac0, 13, 1;
L_0x5601e3bb7ab0 .part L_0x5601e3bb6ac0, 14, 1;
LS_0x5601e3bb7db0_0_0 .concat [ 1 1 1 1], L_0x5601e3bb5440, L_0x5601e3bb54b0, L_0x5601e3bb5de0, L_0x5601e3bb5e50;
LS_0x5601e3bb7db0_0_4 .concat [ 1 1 1 1], L_0x5601e3bb5ec0, L_0x5601e3bb5f30, L_0x5601e3bb5fa0, L_0x5601e3bb6010;
LS_0x5601e3bb7db0_0_8 .concat [ 1 1 1 1], L_0x5601e3bb6080, L_0x5601e3bb60f0, L_0x5601e3bb6160, L_0x5601e3bb61d0;
LS_0x5601e3bb7db0_0_12 .concat [ 1 1 1 0], L_0x5601e3bb6240, L_0x5601e3bb62b0, L_0x5601e3bb6320;
L_0x5601e3bb7db0 .concat [ 4 4 4 3], LS_0x5601e3bb7db0_0_0, LS_0x5601e3bb7db0_0_4, LS_0x5601e3bb7db0_0_8, LS_0x5601e3bb7db0_0_12;
L_0x5601e3bb80e0 .part L_0x5601e3bb5070, 15, 1;
L_0x5601e3bb81d0 .concat8 [ 1 15 1 0], L_0x5601e3bb5250, L_0x5601e3bb7db0, L_0x5601e3bb8070;
S_0x5601e3ae3590 .scope module, "bC[3]" "bigCircle" 3 23, 4 21 0, S_0x5601e3ae6240;
 .timescale -9 -12;
    .port_info 0 /INPUT 1 "Pi"
    .port_info 1 /INPUT 1 "Gi"
    .port_info 2 /INPUT 1 "Pprev"
    .port_info 3 /INPUT 1 "Gprev"
    .port_info 4 /OUTPUT 1 "P"
    .port_info 5 /OUTPUT 1 "G"
L_0x5601e3ba7430 .functor AND 1, L_0x5601e3ba9020, L_0x5601e3bacda0, C4<1>, C4<1>;
L_0x5601e3ba74a0 .functor AND 1, L_0x5601e3ba9020, L_0x5601e3badb10, C4<1>, C4<1>;
L_0x5601e3ba7560 .functor OR 1, L_0x5601e3bab320, L_0x5601e3ba74a0, C4<0>, C4<0>;
v0x5601e3b4db40_0 .net "G", 0 0, L_0x5601e3ba7560;  1 drivers
v0x5601e3b3f200_0 .net "Gi", 0 0, L_0x5601e3bab320;  1 drivers
v0x5601e3b6ecc0_0 .net "Gprev", 0 0, L_0x5601e3badb10;  1 drivers
v0x5601e3b6ed60_0 .net "P", 0 0, L_0x5601e3ba7430;  1 drivers
v0x5601e3b6ee20_0 .net "Pi", 0 0, L_0x5601e3ba9020;  1 drivers
v0x5601e3b6ef30_0 .net "Pprev", 0 0, L_0x5601e3bacda0;  1 drivers
v0x5601e3b6eff0_0 .net "w", 0 0, L_0x5601e3ba74a0;  1 drivers
S_0x5601e3b6f170 .scope module, "bC[4]" "bigCircle" 3 23, 4 21 0, S_0x5601e3ae6240;
 .timescale -9 -12;
    .port_info 0 /INPUT 1 "Pi"
    .port_info 1 /INPUT 1 "Gi"
    .port_info 2 /INPUT 1 "Pprev"
    .port_info 3 /INPUT 1 "Gprev"
    .port_info 4 /OUTPUT 1 "P"
    .port_info 5 /OUTPUT 1 "G"
L_0x5601e3ba7620 .functor AND 1, L_0x5601e3ba9110, L_0x5601e3bacee0, C4<1>, C4<1>;
L_0x5601e3ba7690 .functor AND 1, L_0x5601e3ba9110, L_0x5601e3bae260, C4<1>, C4<1>;
L_0x5601e3ba7750 .functor OR 1, L_0x5601e3bab410, L_0x5601e3ba7690, C4<0>, C4<0>;
v0x5601e3b6f420_0 .net "G", 0 0, L_0x5601e3ba7750;  1 drivers
v0x5601e3b6f4e0_0 .net "Gi", 0 0, L_0x5601e3bab410;  1 drivers
v0x5601e3b6f5a0_0 .net "Gprev", 0 0, L_0x5601e3bae260;  1 drivers
v0x5601e3b6f640_0 .net "P", 0 0, L_0x5601e3ba7620;  1 drivers
v0x5601e3b6f700_0 .net "Pi", 0 0, L_0x5601e3ba9110;  1 drivers
v0x5601e3b6f810_0 .net "Pprev", 0 0, L_0x5601e3bacee0;  1 drivers
v0x5601e3b6f8d0_0 .net "w", 0 0, L_0x5601e3ba7690;  1 drivers
S_0x5601e3b6fa50 .scope module, "bC[5]" "bigCircle" 3 23, 4 21 0, S_0x5601e3ae6240;
 .timescale -9 -12;
    .port_info 0 /INPUT 1 "Pi"
    .port_info 1 /INPUT 1 "Gi"
    .port_info 2 /INPUT 1 "Pprev"
    .port_info 3 /INPUT 1 "Gprev"
    .port_info 4 /OUTPUT 1 "P"
    .port_info 5 /OUTPUT 1 "G"
L_0x5601e3ba7810 .functor AND 1, L_0x5601e3ba9520, L_0x5601e3bad660, C4<1>, C4<1>;
L_0x5601e3ba7880 .functor AND 1, L_0x5601e3ba9520, L_0x5601e3baddb0, C4<1>, C4<1>;
L_0x5601e3ba7940 .functor OR 1, L_0x5601e3bab8e0, L_0x5601e3ba7880, C4<0>, C4<0>;
v0x5601e3b6fce0_0 .net "G", 0 0, L_0x5601e3ba7940;  1 drivers
v0x5601e3b6fda0_0 .net "Gi", 0 0, L_0x5601e3bab8e0;  1 drivers
v0x5601e3b6fe60_0 .net "Gprev", 0 0, L_0x5601e3baddb0;  1 drivers
v0x5601e3b6ff00_0 .net "P", 0 0, L_0x5601e3ba7810;  1 drivers
v0x5601e3b6ffc0_0 .net "Pi", 0 0, L_0x5601e3ba9520;  1 drivers
v0x5601e3b700d0_0 .net "Pprev", 0 0, L_0x5601e3bad660;  1 drivers
v0x5601e3b70190_0 .net "w", 0 0, L_0x5601e3ba7880;  1 drivers
S_0x5601e3b70310 .scope module, "bC[6]" "bigCircle" 3 23, 4 21 0, S_0x5601e3ae6240;
 .timescale -9 -12;
    .port_info 0 /INPUT 1 "Pi"
    .port_info 1 /INPUT 1 "Gi"
    .port_info 2 /INPUT 1 "Pprev"
    .port_info 3 /INPUT 1 "Gprev"
    .port_info 4 /OUTPUT 1 "P"
    .port_info 5 /OUTPUT 1 "G"
L_0x5601e3ba7a00 .functor AND 1, L_0x5601e3ba9650, L_0x5601e3bad700, C4<1>, C4<1>;
L_0x5601e3ba7a70 .functor AND 1, L_0x5601e3ba9650, L_0x5601e3badf30, C4<1>, C4<1>;
L_0x5601e3ba7b30 .functor OR 1, L_0x5601e3bab9d0, L_0x5601e3ba7a70, C4<0>, C4<0>;
v0x5601e3b705a0_0 .net "G", 0 0, L_0x5601e3ba7b30;  1 drivers
v0x5601e3b70680_0 .net "Gi", 0 0, L_0x5601e3bab9d0;  1 drivers
v0x5601e3b70740_0 .net "Gprev", 0 0, L_0x5601e3badf30;  1 drivers
v0x5601e3b707e0_0 .net "P", 0 0, L_0x5601e3ba7a00;  1 drivers
v0x5601e3b708a0_0 .net "Pi", 0 0, L_0x5601e3ba9650;  1 drivers
v0x5601e3b709b0_0 .net "Pprev", 0 0, L_0x5601e3bad700;  1 drivers
v0x5601e3b70a70_0 .net "w", 0 0, L_0x5601e3ba7a70;  1 drivers
S_0x5601e3b70bf0 .scope module, "bC[7]" "bigCircle" 3 23, 4 21 0, S_0x5601e3ae6240;
 .timescale -9 -12;
    .port_info 0 /INPUT 1 "Pi"
    .port_info 1 /INPUT 1 "Gi"
    .port_info 2 /INPUT 1 "Pprev"
    .port_info 3 /INPUT 1 "Gprev"
    .port_info 4 /OUTPUT 1 "P"
    .port_info 5 /OUTPUT 1 "G"
L_0x5601e3ba7bf0 .functor AND 1, L_0x5601e3ba9a70, L_0x5601e3bad210, C4<1>, C4<1>;
L_0x5601e3ba7c60 .functor AND 1, L_0x5601e3ba9a70, L_0x5601e3bae020, C4<1>, C4<1>;
L_0x5601e3ba7d20 .functor OR 1, L_0x5601e3babe60, L_0x5601e3ba7c60, C4<0>, C4<0>;
v0x5601e3b70ed0_0 .net "G", 0 0, L_0x5601e3ba7d20;  1 drivers
v0x5601e3b70fb0_0 .net "Gi", 0 0, L_0x5601e3babe60;  1 drivers
v0x5601e3b71070_0 .net "Gprev", 0 0, L_0x5601e3bae020;  1 drivers
v0x5601e3b71110_0 .net "P", 0 0, L_0x5601e3ba7bf0;  1 drivers
v0x5601e3b711d0_0 .net "Pi", 0 0, L_0x5601e3ba9a70;  1 drivers
v0x5601e3b712e0_0 .net "Pprev", 0 0, L_0x5601e3bad210;  1 drivers
v0x5601e3b713a0_0 .net "w", 0 0, L_0x5601e3ba7c60;  1 drivers
S_0x5601e3b71520 .scope module, "bC[8]" "bigCircle" 3 23, 4 21 0, S_0x5601e3ae6240;
 .timescale -9 -12;
    .port_info 0 /INPUT 1 "Pi"
    .port_info 1 /INPUT 1 "Gi"
    .port_info 2 /INPUT 1 "Pprev"
    .port_info 3 /INPUT 1 "Gprev"
    .port_info 4 /OUTPUT 1 "P"
    .port_info 5 /OUTPUT 1 "G"
L_0x5601e3ba7de0 .functor AND 1, L_0x5601e3ba9b10, L_0x5601e3bad300, C4<1>, C4<1>;
L_0x5601e3ba7e50 .functor AND 1, L_0x5601e3ba9b10, L_0x5601e3bae110, C4<1>, C4<1>;
L_0x5601e3ba7f10 .functor OR 1, L_0x5601e3babf50, L_0x5601e3ba7e50, C4<0>, C4<0>;
v0x5601e3b717b0_0 .net "G", 0 0, L_0x5601e3ba7f10;  1 drivers
v0x5601e3b71890_0 .net "Gi", 0 0, L_0x5601e3babf50;  1 drivers
v0x5601e3b71950_0 .net "Gprev", 0 0, L_0x5601e3bae110;  1 drivers
v0x5601e3b719f0_0 .net "P", 0 0, L_0x5601e3ba7de0;  1 drivers
v0x5601e3b71ab0_0 .net "Pi", 0 0, L_0x5601e3ba9b10;  1 drivers
v0x5601e3b71bc0_0 .net "Pprev", 0 0, L_0x5601e3bad300;  1 drivers
v0x5601e3b71c80_0 .net "w", 0 0, L_0x5601e3ba7e50;  1 drivers
S_0x5601e3b71e40 .scope module, "bC[9]" "bigCircle" 3 23, 4 21 0, S_0x5601e3ae6240;
 .timescale -9 -12;
    .port_info 0 /INPUT 1 "Pi"
    .port_info 1 /INPUT 1 "Gi"
    .port_info 2 /INPUT 1 "Pprev"
    .port_info 3 /INPUT 1 "Gprev"
    .port_info 4 /OUTPUT 1 "P"
    .port_info 5 /OUTPUT 1 "G"
L_0x5601e3ba7fd0 .functor AND 1, L_0x5601e3ba9f40, L_0x5601e3bad3f0, C4<1>, C4<1>;
L_0x5601e3ba8040 .functor AND 1, L_0x5601e3ba9f40, L_0x5601e3bae7e0, C4<1>, C4<1>;
L_0x5601e3ba80b0 .functor OR 1, L_0x5601e3bac440, L_0x5601e3ba8040, C4<0>, C4<0>;
v0x5601e3b720d0_0 .net "G", 0 0, L_0x5601e3ba80b0;  1 drivers
v0x5601e3b721b0_0 .net "Gi", 0 0, L_0x5601e3bac440;  1 drivers
v0x5601e3b72270_0 .net "Gprev", 0 0, L_0x5601e3bae7e0;  1 drivers
v0x5601e3b72310_0 .net "P", 0 0, L_0x5601e3ba7fd0;  1 drivers
v0x5601e3b723d0_0 .net "Pi", 0 0, L_0x5601e3ba9f40;  1 drivers
v0x5601e3b724e0_0 .net "Pprev", 0 0, L_0x5601e3bad3f0;  1 drivers
v0x5601e3b725a0_0 .net "w", 0 0, L_0x5601e3ba8040;  1 drivers
S_0x5601e3b72760 .scope module, "bC[10]" "bigCircle" 3 23, 4 21 0, S_0x5601e3ae6240;
 .timescale -9 -12;
    .port_info 0 /INPUT 1 "Pi"
    .port_info 1 /INPUT 1 "Gi"
    .port_info 2 /INPUT 1 "Pprev"
    .port_info 3 /INPUT 1 "Gprev"
    .port_info 4 /OUTPUT 1 "P"
    .port_info 5 /OUTPUT 1 "G"
L_0x5601e3ba8120 .functor AND 1, L_0x5601e3ba9fe0, L_0x5601e3bad4e0, C4<1>, C4<1>;
L_0x5601e3ba8190 .functor AND 1, L_0x5601e3ba9fe0, L_0x5601e3bae990, C4<1>, C4<1>;
L_0x5601e3ba8200 .functor OR 1, L_0x5601e3bac530, L_0x5601e3ba8190, C4<0>, C4<0>;
v0x5601e3b729f0_0 .net "G", 0 0, L_0x5601e3ba8200;  1 drivers
v0x5601e3b72ad0_0 .net "Gi", 0 0, L_0x5601e3bac530;  1 drivers
v0x5601e3b72b90_0 .net "Gprev", 0 0, L_0x5601e3bae990;  1 drivers
v0x5601e3b72c30_0 .net "P", 0 0, L_0x5601e3ba8120;  1 drivers
v0x5601e3b72cf0_0 .net "Pi", 0 0, L_0x5601e3ba9fe0;  1 drivers
v0x5601e3b72e00_0 .net "Pprev", 0 0, L_0x5601e3bad4e0;  1 drivers
v0x5601e3b72ec0_0 .net "w", 0 0, L_0x5601e3ba8190;  1 drivers
S_0x5601e3b73080 .scope module, "bC[11]" "bigCircle" 3 23, 4 21 0, S_0x5601e3ae6240;
 .timescale -9 -12;
    .port_info 0 /INPUT 1 "Pi"
    .port_info 1 /INPUT 1 "Gi"
    .port_info 2 /INPUT 1 "Pprev"
    .port_info 3 /INPUT 1 "Gprev"
    .port_info 4 /OUTPUT 1 "P"
    .port_info 5 /OUTPUT 1 "G"
L_0x5601e3ba8270 .functor AND 1, L_0x5601e3baa420, L_0x5601e3badc20, C4<1>, C4<1>;
L_0x5601e3ba82e0 .functor AND 1, L_0x5601e3baa420, L_0x5601e3bae300, C4<1>, C4<1>;
L_0x5601e3ba8350 .functor OR 1, L_0x5601e3baca30, L_0x5601e3ba82e0, C4<0>, C4<0>;
v0x5601e3b73310_0 .net "G", 0 0, L_0x5601e3ba8350;  1 drivers
v0x5601e3b733f0_0 .net "Gi", 0 0, L_0x5601e3baca30;  1 drivers
v0x5601e3b734b0_0 .net "Gprev", 0 0, L_0x5601e3bae300;  1 drivers
v0x5601e3b73550_0 .net "P", 0 0, L_0x5601e3ba8270;  1 drivers
v0x5601e3b73610_0 .net "Pi", 0 0, L_0x5601e3baa420;  1 drivers
v0x5601e3b736d0_0 .net "Pprev", 0 0, L_0x5601e3badc20;  1 drivers
v0x5601e3b73790_0 .net "w", 0 0, L_0x5601e3ba82e0;  1 drivers
S_0x5601e3b73950 .scope module, "bC[12]" "bigCircle" 3 23, 4 21 0, S_0x5601e3ae6240;
 .timescale -9 -12;
    .port_info 0 /INPUT 1 "Pi"
    .port_info 1 /INPUT 1 "Gi"
    .port_info 2 /INPUT 1 "Pprev"
    .port_info 3 /INPUT 1 "Gprev"
    .port_info 4 /OUTPUT 1 "P"
    .port_info 5 /OUTPUT 1 "G"
L_0x5601e3ba8410 .functor AND 1, L_0x5601e3baa4c0, L_0x5601e3badcc0, C4<1>, C4<1>;
L_0x5601e3ba8480 .functor AND 1, L_0x5601e3baa4c0, L_0x5601e3bae3f0, C4<1>, C4<1>;
L_0x5601e3ba8540 .functor OR 1, L_0x5601e3bacb20, L_0x5601e3ba8480, C4<0>, C4<0>;
v0x5601e3b73be0_0 .net "G", 0 0, L_0x5601e3ba8540;  1 drivers
v0x5601e3b73cc0_0 .net "Gi", 0 0, L_0x5601e3bacb20;  1 drivers
v0x5601e3b73d80_0 .net "Gprev", 0 0, L_0x5601e3bae3f0;  1 drivers
v0x5601e3b73e20_0 .net "P", 0 0, L_0x5601e3ba8410;  1 drivers
v0x5601e3b73ee0_0 .net "Pi", 0 0, L_0x5601e3baa4c0;  1 drivers
v0x5601e3b73ff0_0 .net "Pprev", 0 0, L_0x5601e3badcc0;  1 drivers
v0x5601e3b740b0_0 .net "w", 0 0, L_0x5601e3ba8480;  1 drivers
S_0x5601e3b74270 .scope module, "bC[13]" "bigCircle" 3 23, 4 21 0, S_0x5601e3ae6240;
 .timescale -9 -12;
    .port_info 0 /INPUT 1 "Pi"
    .port_info 1 /INPUT 1 "Gi"
    .port_info 2 /INPUT 1 "Pprev"
    .port_info 3 /INPUT 1 "Gprev"
    .port_info 4 /OUTPUT 1 "P"
    .port_info 5 /OUTPUT 1 "G"
L_0x5601e3ba8600 .functor AND 1, L_0x5601e3baa910, L_0x5601e3bad7a0, C4<1>, C4<1>;
L_0x5601e3ba8670 .functor AND 1, L_0x5601e3baa910, L_0x5601e3bae4e0, C4<1>, C4<1>;
L_0x5601e3ba8730 .functor OR 1, L_0x5601e3bad030, L_0x5601e3ba8670, C4<0>, C4<0>;
v0x5601e3b74500_0 .net "G", 0 0, L_0x5601e3ba8730;  1 drivers
v0x5601e3b745e0_0 .net "Gi", 0 0, L_0x5601e3bad030;  1 drivers
v0x5601e3b746a0_0 .net "Gprev", 0 0, L_0x5601e3bae4e0;  1 drivers
v0x5601e3b74740_0 .net "P", 0 0, L_0x5601e3ba8600;  1 drivers
v0x5601e3b74800_0 .net "Pi", 0 0, L_0x5601e3baa910;  1 drivers
v0x5601e3b74910_0 .net "Pprev", 0 0, L_0x5601e3bad7a0;  1 drivers
v0x5601e3b749d0_0 .net "w", 0 0, L_0x5601e3ba8670;  1 drivers
S_0x5601e3b74b90 .scope module, "bC[14]" "bigCircle" 3 23, 4 21 0, S_0x5601e3ae6240;
 .timescale -9 -12;
    .port_info 0 /INPUT 1 "Pi"
    .port_info 1 /INPUT 1 "Gi"
    .port_info 2 /INPUT 1 "Pprev"
    .port_info 3 /INPUT 1 "Gprev"
    .port_info 4 /OUTPUT 1 "P"
    .port_info 5 /OUTPUT 1 "G"
L_0x5601e3ba87f0 .functor AND 1, L_0x5601e3baa9b0, L_0x5601e3bad890, C4<1>, C4<1>;
L_0x5601e3ba8860 .functor AND 1, L_0x5601e3baa9b0, L_0x5601e3bae5d0, C4<1>, C4<1>;
L_0x5601e3ba8920 .functor OR 1, L_0x5601e3bad120, L_0x5601e3ba8860, C4<0>, C4<0>;
v0x5601e3b74e20_0 .net "G", 0 0, L_0x5601e3ba8920;  1 drivers
v0x5601e3b74f00_0 .net "Gi", 0 0, L_0x5601e3bad120;  1 drivers
v0x5601e3b74fc0_0 .net "Gprev", 0 0, L_0x5601e3bae5d0;  1 drivers
v0x5601e3b75060_0 .net "P", 0 0, L_0x5601e3ba87f0;  1 drivers
v0x5601e3b75120_0 .net "Pi", 0 0, L_0x5601e3baa9b0;  1 drivers
v0x5601e3b75230_0 .net "Pprev", 0 0, L_0x5601e3bad890;  1 drivers
v0x5601e3b752f0_0 .net "w", 0 0, L_0x5601e3ba8860;  1 drivers
S_0x5601e3b754b0 .scope module, "bC[15]" "bigCircle" 3 23, 4 21 0, S_0x5601e3ae6240;
 .timescale -9 -12;
    .port_info 0 /INPUT 1 "Pi"
    .port_info 1 /INPUT 1 "Gi"
    .port_info 2 /INPUT 1 "Pprev"
    .port_info 3 /INPUT 1 "Gprev"
    .port_info 4 /OUTPUT 1 "P"
    .port_info 5 /OUTPUT 1 "G"
L_0x5601e3ba89e0 .functor AND 1, L_0x5601e3baae10, L_0x5601e3bad980, C4<1>, C4<1>;
L_0x5601e3ba8a50 .functor AND 1, L_0x5601e3baae10, L_0x5601e3bae6c0, C4<1>, C4<1>;
L_0x5601e3ba8b10 .functor OR 1, L_0x5601e3bacc10, L_0x5601e3ba8a50, C4<0>, C4<0>;
v0x5601e3b75740_0 .net "G", 0 0, L_0x5601e3ba8b10;  1 drivers
v0x5601e3b75820_0 .net "Gi", 0 0, L_0x5601e3bacc10;  1 drivers
v0x5601e3b758e0_0 .net "Gprev", 0 0, L_0x5601e3bae6c0;  1 drivers
v0x5601e3b75980_0 .net "P", 0 0, L_0x5601e3ba89e0;  1 drivers
v0x5601e3b75a40_0 .net "Pi", 0 0, L_0x5601e3baae10;  1 drivers
v0x5601e3b75b50_0 .net "Pprev", 0 0, L_0x5601e3bad980;  1 drivers
v0x5601e3b75c10_0 .net "w", 0 0, L_0x5601e3ba8a50;  1 drivers
S_0x5601e3b75dd0 .scope module, "bC0[1]" "bigCircle" 3 19, 4 21 0, S_0x5601e3ae6240;
 .timescale -9 -12;
    .port_info 0 /INPUT 1 "Pi"
    .port_info 1 /INPUT 1 "Gi"
    .port_info 2 /INPUT 1 "Pprev"
    .port_info 3 /INPUT 1 "Gprev"
    .port_info 4 /OUTPUT 1 "P"
    .port_info 5 /OUTPUT 1 "G"
L_0x5601e3b9b460 .functor AND 1, L_0x5601e3b9b200, L_0x5601e3ba1090, C4<1>, C4<1>;
L_0x5601e3b9b4d0 .functor AND 1, L_0x5601e3b9b200, L_0x5601e3ba3510, C4<1>, C4<1>;
L_0x5601e3b9b590 .functor OR 1, L_0x5601e3b9f270, L_0x5601e3b9b4d0, C4<0>, C4<0>;
v0x5601e3b76060_0 .net "G", 0 0, L_0x5601e3b9b590;  1 drivers
v0x5601e3b76140_0 .net "Gi", 0 0, L_0x5601e3b9f270;  1 drivers
v0x5601e3b76200_0 .net "Gprev", 0 0, L_0x5601e3ba3510;  1 drivers
v0x5601e3b762a0_0 .net "P", 0 0, L_0x5601e3b9b460;  1 drivers
v0x5601e3b76360_0 .net "Pi", 0 0, L_0x5601e3b9b200;  1 drivers
v0x5601e3b76470_0 .net "Pprev", 0 0, L_0x5601e3ba1090;  1 drivers
v0x5601e3b76530_0 .net "w", 0 0, L_0x5601e3b9b4d0;  1 drivers
S_0x5601e3b766f0 .scope module, "bC0[2]" "bigCircle" 3 19, 4 21 0, S_0x5601e3ae6240;
 .timescale -9 -12;
    .port_info 0 /INPUT 1 "Pi"
    .port_info 1 /INPUT 1 "Gi"
    .port_info 2 /INPUT 1 "Pprev"
    .port_info 3 /INPUT 1 "Gprev"
    .port_info 4 /OUTPUT 1 "P"
    .port_info 5 /OUTPUT 1 "G"
L_0x5601e3b9b650 .functor AND 1, L_0x5601e3b9db40, L_0x5601e3ba11d0, C4<1>, C4<1>;
L_0x5601e3b9b6c0 .functor AND 1, L_0x5601e3b9db40, L_0x5601e3ba3600, C4<1>, C4<1>;
L_0x5601e3b9b780 .functor OR 1, L_0x5601e3b9f360, L_0x5601e3b9b6c0, C4<0>, C4<0>;
v0x5601e3b76980_0 .net "G", 0 0, L_0x5601e3b9b780;  1 drivers
v0x5601e3b76a60_0 .net "Gi", 0 0, L_0x5601e3b9f360;  1 drivers
v0x5601e3b76b20_0 .net "Gprev", 0 0, L_0x5601e3ba3600;  1 drivers
v0x5601e3b76bc0_0 .net "P", 0 0, L_0x5601e3b9b650;  1 drivers
v0x5601e3b76c80_0 .net "Pi", 0 0, L_0x5601e3b9db40;  1 drivers
v0x5601e3b76d90_0 .net "Pprev", 0 0, L_0x5601e3ba11d0;  1 drivers
v0x5601e3b76e50_0 .net "w", 0 0, L_0x5601e3b9b6c0;  1 drivers
S_0x5601e3b77010 .scope module, "bC0[3]" "bigCircle" 3 19, 4 21 0, S_0x5601e3ae6240;
 .timescale -9 -12;
    .port_info 0 /INPUT 1 "Pi"
    .port_info 1 /INPUT 1 "Gi"
    .port_info 2 /INPUT 1 "Pprev"
    .port_info 3 /INPUT 1 "Gprev"
    .port_info 4 /OUTPUT 1 "P"
    .port_info 5 /OUTPUT 1 "G"
L_0x5601e3b9b840 .functor AND 1, L_0x5601e3b9dd20, L_0x5601e3ba1500, C4<1>, C4<1>;
L_0x5601e3b9b8b0 .functor AND 1, L_0x5601e3b9dd20, L_0x5601e3ba39b0, C4<1>, C4<1>;
L_0x5601e3b9b970 .functor OR 1, L_0x5601e3b9f610, L_0x5601e3b9b8b0, C4<0>, C4<0>;
v0x5601e3b772a0_0 .net "G", 0 0, L_0x5601e3b9b970;  1 drivers
v0x5601e3b77380_0 .net "Gi", 0 0, L_0x5601e3b9f610;  1 drivers
v0x5601e3b77440_0 .net "Gprev", 0 0, L_0x5601e3ba39b0;  1 drivers
v0x5601e3b774e0_0 .net "P", 0 0, L_0x5601e3b9b840;  1 drivers
v0x5601e3b775a0_0 .net "Pi", 0 0, L_0x5601e3b9dd20;  1 drivers
v0x5601e3b776b0_0 .net "Pprev", 0 0, L_0x5601e3ba1500;  1 drivers
v0x5601e3b77770_0 .net "w", 0 0, L_0x5601e3b9b8b0;  1 drivers
S_0x5601e3b77930 .scope module, "bC0[4]" "bigCircle" 3 19, 4 21 0, S_0x5601e3ae6240;
 .timescale -9 -12;
    .port_info 0 /INPUT 1 "Pi"
    .port_info 1 /INPUT 1 "Gi"
    .port_info 2 /INPUT 1 "Pprev"
    .port_info 3 /INPUT 1 "Gprev"
    .port_info 4 /OUTPUT 1 "P"
    .port_info 5 /OUTPUT 1 "G"
L_0x5601e3b9ba30 .functor AND 1, L_0x5601e3b9ddc0, L_0x5601e3ba15f0, C4<1>, C4<1>;
L_0x5601e3b9baa0 .functor AND 1, L_0x5601e3b9ddc0, L_0x5601e3ba3b30, C4<1>, C4<1>;
L_0x5601e3b9bb60 .functor OR 1, L_0x5601e3b9f700, L_0x5601e3b9baa0, C4<0>, C4<0>;
v0x5601e3b77bc0_0 .net "G", 0 0, L_0x5601e3b9bb60;  1 drivers
v0x5601e3b77ca0_0 .net "Gi", 0 0, L_0x5601e3b9f700;  1 drivers
v0x5601e3b77d60_0 .net "Gprev", 0 0, L_0x5601e3ba3b30;  1 drivers
v0x5601e3b77e00_0 .net "P", 0 0, L_0x5601e3b9ba30;  1 drivers
v0x5601e3b77ec0_0 .net "Pi", 0 0, L_0x5601e3b9ddc0;  1 drivers
v0x5601e3b77fd0_0 .net "Pprev", 0 0, L_0x5601e3ba15f0;  1 drivers
v0x5601e3b78090_0 .net "w", 0 0, L_0x5601e3b9baa0;  1 drivers
S_0x5601e3b78250 .scope module, "bC0[5]" "bigCircle" 3 19, 4 21 0, S_0x5601e3ae6240;
 .timescale -9 -12;
    .port_info 0 /INPUT 1 "Pi"
    .port_info 1 /INPUT 1 "Gi"
    .port_info 2 /INPUT 1 "Pprev"
    .port_info 3 /INPUT 1 "Gprev"
    .port_info 4 /OUTPUT 1 "P"
    .port_info 5 /OUTPUT 1 "G"
L_0x5601e3b9bc20 .functor AND 1, L_0x5601e3b9dfb0, L_0x5601e3ba18e0, C4<1>, C4<1>;
L_0x5601e3b9bc90 .functor AND 1, L_0x5601e3b9dfb0, L_0x5601e3ba3ea0, C4<1>, C4<1>;
L_0x5601e3b9bd50 .functor OR 1, L_0x5601e3b9f970, L_0x5601e3b9bc90, C4<0>, C4<0>;
v0x5601e3b784e0_0 .net "G", 0 0, L_0x5601e3b9bd50;  1 drivers
v0x5601e3b785c0_0 .net "Gi", 0 0, L_0x5601e3b9f970;  1 drivers
v0x5601e3b78680_0 .net "Gprev", 0 0, L_0x5601e3ba3ea0;  1 drivers
v0x5601e3b78720_0 .net "P", 0 0, L_0x5601e3b9bc20;  1 drivers
v0x5601e3b787e0_0 .net "Pi", 0 0, L_0x5601e3b9dfb0;  1 drivers
v0x5601e3b788f0_0 .net "Pprev", 0 0, L_0x5601e3ba18e0;  1 drivers
v0x5601e3b789b0_0 .net "w", 0 0, L_0x5601e3b9bc90;  1 drivers
S_0x5601e3b78b70 .scope module, "bC0[6]" "bigCircle" 3 19, 4 21 0, S_0x5601e3ae6240;
 .timescale -9 -12;
    .port_info 0 /INPUT 1 "Pi"
    .port_info 1 /INPUT 1 "Gi"
    .port_info 2 /INPUT 1 "Pprev"
    .port_info 3 /INPUT 1 "Gprev"
    .port_info 4 /OUTPUT 1 "P"
    .port_info 5 /OUTPUT 1 "G"
L_0x5601e3b9be10 .functor AND 1, L_0x5601e3b9e050, L_0x5601e3ba19d0, C4<1>, C4<1>;
L_0x5601e3b9be80 .functor AND 1, L_0x5601e3b9e050, L_0x5601e3ba3f90, C4<1>, C4<1>;
L_0x5601e3b9bf40 .functor OR 1, L_0x5601e3b9fa60, L_0x5601e3b9be80, C4<0>, C4<0>;
v0x5601e3b78e00_0 .net "G", 0 0, L_0x5601e3b9bf40;  1 drivers
v0x5601e3b78ee0_0 .net "Gi", 0 0, L_0x5601e3b9fa60;  1 drivers
v0x5601e3b78fa0_0 .net "Gprev", 0 0, L_0x5601e3ba3f90;  1 drivers
v0x5601e3b79040_0 .net "P", 0 0, L_0x5601e3b9be10;  1 drivers
v0x5601e3b79100_0 .net "Pi", 0 0, L_0x5601e3b9e050;  1 drivers
v0x5601e3b79210_0 .net "Pprev", 0 0, L_0x5601e3ba19d0;  1 drivers
v0x5601e3b792d0_0 .net "w", 0 0, L_0x5601e3b9be80;  1 drivers
S_0x5601e3b79490 .scope module, "bC0[7]" "bigCircle" 3 19, 4 21 0, S_0x5601e3ae6240;
 .timescale -9 -12;
    .port_info 0 /INPUT 1 "Pi"
    .port_info 1 /INPUT 1 "Gi"
    .port_info 2 /INPUT 1 "Pprev"
    .port_info 3 /INPUT 1 "Gprev"
    .port_info 4 /OUTPUT 1 "P"
    .port_info 5 /OUTPUT 1 "G"
L_0x5601e3b9c000 .functor AND 1, L_0x5601e3b9e250, L_0x5601e3ba1d20, C4<1>, C4<1>;
L_0x5601e3b9c070 .functor AND 1, L_0x5601e3b9e250, L_0x5601e3ba4360, C4<1>, C4<1>;
L_0x5601e3b9c130 .functor OR 1, L_0x5601e3b9fd30, L_0x5601e3b9c070, C4<0>, C4<0>;
v0x5601e3b79720_0 .net "G", 0 0, L_0x5601e3b9c130;  1 drivers
v0x5601e3b79800_0 .net "Gi", 0 0, L_0x5601e3b9fd30;  1 drivers
v0x5601e3b798c0_0 .net "Gprev", 0 0, L_0x5601e3ba4360;  1 drivers
v0x5601e3b79960_0 .net "P", 0 0, L_0x5601e3b9c000;  1 drivers
v0x5601e3b79a20_0 .net "Pi", 0 0, L_0x5601e3b9e250;  1 drivers
v0x5601e3b79b30_0 .net "Pprev", 0 0, L_0x5601e3ba1d20;  1 drivers
v0x5601e3b79bf0_0 .net "w", 0 0, L_0x5601e3b9c070;  1 drivers
S_0x5601e3b79db0 .scope module, "bC0[8]" "bigCircle" 3 19, 4 21 0, S_0x5601e3ae6240;
 .timescale -9 -12;
    .port_info 0 /INPUT 1 "Pi"
    .port_info 1 /INPUT 1 "Gi"
    .port_info 2 /INPUT 1 "Pprev"
    .port_info 3 /INPUT 1 "Gprev"
    .port_info 4 /OUTPUT 1 "P"
    .port_info 5 /OUTPUT 1 "G"
L_0x5601e3b9c220 .functor AND 1, L_0x5601e3b9e2f0, L_0x5601e3ba1e10, C4<1>, C4<1>;
L_0x5601e3b9c2f0 .functor AND 1, L_0x5601e3b9e2f0, L_0x5601e3ba4450, C4<1>, C4<1>;
L_0x5601e3b9c3e0 .functor OR 1, L_0x5601e3b9fe20, L_0x5601e3b9c2f0, C4<0>, C4<0>;
v0x5601e3b7a040_0 .net "G", 0 0, L_0x5601e3b9c3e0;  1 drivers
v0x5601e3b7a120_0 .net "Gi", 0 0, L_0x5601e3b9fe20;  1 drivers
v0x5601e3b7a1e0_0 .net "Gprev", 0 0, L_0x5601e3ba4450;  1 drivers
v0x5601e3b7a280_0 .net "P", 0 0, L_0x5601e3b9c220;  1 drivers
v0x5601e3b7a340_0 .net "Pi", 0 0, L_0x5601e3b9e2f0;  1 drivers
v0x5601e3b7a450_0 .net "Pprev", 0 0, L_0x5601e3ba1e10;  1 drivers
v0x5601e3b7a510_0 .net "w", 0 0, L_0x5601e3b9c2f0;  1 drivers
S_0x5601e3b7a6d0 .scope module, "bC0[9]" "bigCircle" 3 19, 4 21 0, S_0x5601e3ae6240;
 .timescale -9 -12;
    .port_info 0 /INPUT 1 "Pi"
    .port_info 1 /INPUT 1 "Gi"
    .port_info 2 /INPUT 1 "Pprev"
    .port_info 3 /INPUT 1 "Gprev"
    .port_info 4 /OUTPUT 1 "P"
    .port_info 5 /OUTPUT 1 "G"
L_0x5601e3b9c500 .functor AND 1, L_0x5601e3b9e500, L_0x5601e3ba2170, C4<1>, C4<1>;
L_0x5601e3b9c5d0 .functor AND 1, L_0x5601e3b9e500, L_0x5601e3ba4830, C4<1>, C4<1>;
L_0x5601e3b9c6c0 .functor OR 1, L_0x5601e3ba0100, L_0x5601e3b9c5d0, C4<0>, C4<0>;
v0x5601e3b7a960_0 .net "G", 0 0, L_0x5601e3b9c6c0;  1 drivers
v0x5601e3b7aa40_0 .net "Gi", 0 0, L_0x5601e3ba0100;  1 drivers
v0x5601e3b7ab00_0 .net "Gprev", 0 0, L_0x5601e3ba4830;  1 drivers
v0x5601e3b7aba0_0 .net "P", 0 0, L_0x5601e3b9c500;  1 drivers
v0x5601e3b7ac60_0 .net "Pi", 0 0, L_0x5601e3b9e500;  1 drivers
v0x5601e3b7ad70_0 .net "Pprev", 0 0, L_0x5601e3ba2170;  1 drivers
v0x5601e3b7ae30_0 .net "w", 0 0, L_0x5601e3b9c5d0;  1 drivers
S_0x5601e3b7aff0 .scope module, "bC0[10]" "bigCircle" 3 19, 4 21 0, S_0x5601e3ae6240;
 .timescale -9 -12;
    .port_info 0 /INPUT 1 "Pi"
    .port_info 1 /INPUT 1 "Gi"
    .port_info 2 /INPUT 1 "Pprev"
    .port_info 3 /INPUT 1 "Gprev"
    .port_info 4 /OUTPUT 1 "P"
    .port_info 5 /OUTPUT 1 "G"
L_0x5601e3b9c7e0 .functor AND 1, L_0x5601e3b9e5a0, L_0x5601e3ba2260, C4<1>, C4<1>;
L_0x5601e3b9c8b0 .functor AND 1, L_0x5601e3b9e5a0, L_0x5601e3ba4920, C4<1>, C4<1>;
L_0x5601e3b9c9a0 .functor OR 1, L_0x5601e3ba01f0, L_0x5601e3b9c8b0, C4<0>, C4<0>;
v0x5601e3b7b280_0 .net "G", 0 0, L_0x5601e3b9c9a0;  1 drivers
v0x5601e3b7b360_0 .net "Gi", 0 0, L_0x5601e3ba01f0;  1 drivers
v0x5601e3b7b420_0 .net "Gprev", 0 0, L_0x5601e3ba4920;  1 drivers
v0x5601e3b7b4c0_0 .net "P", 0 0, L_0x5601e3b9c7e0;  1 drivers
v0x5601e3b7b580_0 .net "Pi", 0 0, L_0x5601e3b9e5a0;  1 drivers
v0x5601e3b7b690_0 .net "Pprev", 0 0, L_0x5601e3ba2260;  1 drivers
v0x5601e3b7b750_0 .net "w", 0 0, L_0x5601e3b9c8b0;  1 drivers
S_0x5601e3b7b910 .scope module, "bC0[11]" "bigCircle" 3 19, 4 21 0, S_0x5601e3ae6240;
 .timescale -9 -12;
    .port_info 0 /INPUT 1 "Pi"
    .port_info 1 /INPUT 1 "Gi"
    .port_info 2 /INPUT 1 "Pprev"
    .port_info 3 /INPUT 1 "Gprev"
    .port_info 4 /OUTPUT 1 "P"
    .port_info 5 /OUTPUT 1 "G"
L_0x5601e3b9cac0 .functor AND 1, L_0x5601e3b9e7c0, L_0x5601e3ba25d0, C4<1>, C4<1>;
L_0x5601e3b9cb90 .functor AND 1, L_0x5601e3b9e7c0, L_0x5601e3ba4d10, C4<1>, C4<1>;
L_0x5601e3b9cc80 .functor OR 1, L_0x5601e3ba04e0, L_0x5601e3b9cb90, C4<0>, C4<0>;
v0x5601e3b7bba0_0 .net "G", 0 0, L_0x5601e3b9cc80;  1 drivers
v0x5601e3b7bc80_0 .net "Gi", 0 0, L_0x5601e3ba04e0;  1 drivers
v0x5601e3b7bd40_0 .net "Gprev", 0 0, L_0x5601e3ba4d10;  1 drivers
v0x5601e3b7bde0_0 .net "P", 0 0, L_0x5601e3b9cac0;  1 drivers
v0x5601e3b7bea0_0 .net "Pi", 0 0, L_0x5601e3b9e7c0;  1 drivers
v0x5601e3b7bfb0_0 .net "Pprev", 0 0, L_0x5601e3ba25d0;  1 drivers
v0x5601e3b7c070_0 .net "w", 0 0, L_0x5601e3b9cb90;  1 drivers
S_0x5601e3b7c230 .scope module, "bC0[12]" "bigCircle" 3 19, 4 21 0, S_0x5601e3ae6240;
 .timescale -9 -12;
    .port_info 0 /INPUT 1 "Pi"
    .port_info 1 /INPUT 1 "Gi"
    .port_info 2 /INPUT 1 "Pprev"
    .port_info 3 /INPUT 1 "Gprev"
    .port_info 4 /OUTPUT 1 "P"
    .port_info 5 /OUTPUT 1 "G"
L_0x5601e3b9cda0 .functor AND 1, L_0x5601e3b9e860, L_0x5601e3ba26c0, C4<1>, C4<1>;
L_0x5601e3b9ce70 .functor AND 1, L_0x5601e3b9e860, L_0x5601e3ba4e00, C4<1>, C4<1>;
L_0x5601e3b9cf60 .functor OR 1, L_0x5601e3ba05d0, L_0x5601e3b9ce70, C4<0>, C4<0>;
v0x5601e3b7c4c0_0 .net "G", 0 0, L_0x5601e3b9cf60;  1 drivers
v0x5601e3b7c5a0_0 .net "Gi", 0 0, L_0x5601e3ba05d0;  1 drivers
v0x5601e3b7c660_0 .net "Gprev", 0 0, L_0x5601e3ba4e00;  1 drivers
v0x5601e3b7c700_0 .net "P", 0 0, L_0x5601e3b9cda0;  1 drivers
v0x5601e3b7c7c0_0 .net "Pi", 0 0, L_0x5601e3b9e860;  1 drivers
v0x5601e3b7c8d0_0 .net "Pprev", 0 0, L_0x5601e3ba26c0;  1 drivers
v0x5601e3b7c990_0 .net "w", 0 0, L_0x5601e3b9ce70;  1 drivers
S_0x5601e3b7cb50 .scope module, "bC0[13]" "bigCircle" 3 19, 4 21 0, S_0x5601e3ae6240;
 .timescale -9 -12;
    .port_info 0 /INPUT 1 "Pi"
    .port_info 1 /INPUT 1 "Gi"
    .port_info 2 /INPUT 1 "Pprev"
    .port_info 3 /INPUT 1 "Gprev"
    .port_info 4 /OUTPUT 1 "P"
    .port_info 5 /OUTPUT 1 "G"
L_0x5601e3b9d080 .functor AND 1, L_0x5601e3b9ea90, L_0x5601e3ba2a40, C4<1>, C4<1>;
L_0x5601e3b9d150 .functor AND 1, L_0x5601e3b9ea90, L_0x5601e3ba5200, C4<1>, C4<1>;
L_0x5601e3b9d240 .functor OR 1, L_0x5601e3ba08d0, L_0x5601e3b9d150, C4<0>, C4<0>;
v0x5601e3b7cde0_0 .net "G", 0 0, L_0x5601e3b9d240;  1 drivers
v0x5601e3b7cec0_0 .net "Gi", 0 0, L_0x5601e3ba08d0;  1 drivers
v0x5601e3b7cf80_0 .net "Gprev", 0 0, L_0x5601e3ba5200;  1 drivers
v0x5601e3b7d020_0 .net "P", 0 0, L_0x5601e3b9d080;  1 drivers
v0x5601e3b7d0e0_0 .net "Pi", 0 0, L_0x5601e3b9ea90;  1 drivers
v0x5601e3b7d1f0_0 .net "Pprev", 0 0, L_0x5601e3ba2a40;  1 drivers
v0x5601e3b7d2b0_0 .net "w", 0 0, L_0x5601e3b9d150;  1 drivers
S_0x5601e3b7d470 .scope module, "bC0[14]" "bigCircle" 3 19, 4 21 0, S_0x5601e3ae6240;
 .timescale -9 -12;
    .port_info 0 /INPUT 1 "Pi"
    .port_info 1 /INPUT 1 "Gi"
    .port_info 2 /INPUT 1 "Pprev"
    .port_info 3 /INPUT 1 "Gprev"
    .port_info 4 /OUTPUT 1 "P"
    .port_info 5 /OUTPUT 1 "G"
L_0x5601e3b9d360 .functor AND 1, L_0x5601e3b9eb30, L_0x5601e3ba2b30, C4<1>, C4<1>;
L_0x5601e3b9d430 .functor AND 1, L_0x5601e3b9eb30, L_0x5601e3ba52f0, C4<1>, C4<1>;
L_0x5601e3b9d520 .functor OR 1, L_0x5601e3ba09c0, L_0x5601e3b9d430, C4<0>, C4<0>;
v0x5601e3b7d700_0 .net "G", 0 0, L_0x5601e3b9d520;  1 drivers
v0x5601e3b7d7e0_0 .net "Gi", 0 0, L_0x5601e3ba09c0;  1 drivers
v0x5601e3b7d8a0_0 .net "Gprev", 0 0, L_0x5601e3ba52f0;  1 drivers
v0x5601e3b7d940_0 .net "P", 0 0, L_0x5601e3b9d360;  1 drivers
v0x5601e3b7da00_0 .net "Pi", 0 0, L_0x5601e3b9eb30;  1 drivers
v0x5601e3b7db10_0 .net "Pprev", 0 0, L_0x5601e3ba2b30;  1 drivers
v0x5601e3b7dbd0_0 .net "w", 0 0, L_0x5601e3b9d430;  1 drivers
S_0x5601e3b7dd90 .scope module, "bC0[15]" "bigCircle" 3 19, 4 21 0, S_0x5601e3ae6240;
 .timescale -9 -12;
    .port_info 0 /INPUT 1 "Pi"
    .port_info 1 /INPUT 1 "Gi"
    .port_info 2 /INPUT 1 "Pprev"
    .port_info 3 /INPUT 1 "Gprev"
    .port_info 4 /OUTPUT 1 "P"
    .port_info 5 /OUTPUT 1 "G"
L_0x5601e3b9d640 .functor AND 1, L_0x5601e3b9ed70, L_0x5601e3ba2ec0, C4<1>, C4<1>;
L_0x5601e3b9d710 .functor AND 1, L_0x5601e3b9ed70, L_0x5601e3ba5700, C4<1>, C4<1>;
L_0x5601e3b9d800 .functor OR 1, L_0x5601e3ba0cd0, L_0x5601e3b9d710, C4<0>, C4<0>;
v0x5601e3b7e020_0 .net "G", 0 0, L_0x5601e3b9d800;  1 drivers
v0x5601e3b7e100_0 .net "Gi", 0 0, L_0x5601e3ba0cd0;  1 drivers
v0x5601e3b7e1c0_0 .net "Gprev", 0 0, L_0x5601e3ba5700;  1 drivers
v0x5601e3b7e260_0 .net "P", 0 0, L_0x5601e3b9d640;  1 drivers
v0x5601e3b7e320_0 .net "Pi", 0 0, L_0x5601e3b9ed70;  1 drivers
v0x5601e3b7e430_0 .net "Pprev", 0 0, L_0x5601e3ba2ec0;  1 drivers
v0x5601e3b7e4f0_0 .net "w", 0 0, L_0x5601e3b9d710;  1 drivers
S_0x5601e3b7e6b0 .scope module, "bC2[7]" "bigCircle" 3 27, 4 21 0, S_0x5601e3ae6240;
 .timescale -9 -12;
    .port_info 0 /INPUT 1 "Pi"
    .port_info 1 /INPUT 1 "Gi"
    .port_info 2 /INPUT 1 "Pprev"
    .port_info 3 /INPUT 1 "Gprev"
    .port_info 4 /OUTPUT 1 "P"
    .port_info 5 /OUTPUT 1 "G"
L_0x5601e3baf800 .functor AND 1, L_0x5601e3bafad0, L_0x5601e3bb1dd0, C4<1>, C4<1>;
L_0x5601e3bb0020 .functor AND 1, L_0x5601e3bafad0, L_0x5601e3bb28e0, C4<1>, C4<1>;
L_0x5601e3bb00e0 .functor OR 1, L_0x5601e3bb1350, L_0x5601e3bb0020, C4<0>, C4<0>;
v0x5601e3b7e940_0 .net "G", 0 0, L_0x5601e3bb00e0;  1 drivers
v0x5601e3b7ea20_0 .net "Gi", 0 0, L_0x5601e3bb1350;  1 drivers
v0x5601e3b7eae0_0 .net "Gprev", 0 0, L_0x5601e3bb28e0;  1 drivers
v0x5601e3b7eb80_0 .net "P", 0 0, L_0x5601e3baf800;  1 drivers
v0x5601e3b7ec40_0 .net "Pi", 0 0, L_0x5601e3bafad0;  1 drivers
v0x5601e3b7ed50_0 .net "Pprev", 0 0, L_0x5601e3bb1dd0;  1 drivers
v0x5601e3b7ee10_0 .net "w", 0 0, L_0x5601e3bb0020;  1 drivers
S_0x5601e3b7efd0 .scope module, "bC2[8]" "bigCircle" 3 27, 4 21 0, S_0x5601e3ae6240;
 .timescale -9 -12;
    .port_info 0 /INPUT 1 "Pi"
    .port_info 1 /INPUT 1 "Gi"
    .port_info 2 /INPUT 1 "Pprev"
    .port_info 3 /INPUT 1 "Gprev"
    .port_info 4 /OUTPUT 1 "P"
    .port_info 5 /OUTPUT 1 "G"
L_0x5601e3bb01a0 .functor AND 1, L_0x5601e3bafbc0, L_0x5601e3bb2660, C4<1>, C4<1>;
L_0x5601e3bb0210 .functor AND 1, L_0x5601e3bafbc0, L_0x5601e3bb2a20, C4<1>, C4<1>;
L_0x5601e3bb02d0 .functor OR 1, L_0x5601e3bb1440, L_0x5601e3bb0210, C4<0>, C4<0>;
v0x5601e3b7f260_0 .net "G", 0 0, L_0x5601e3bb02d0;  1 drivers
v0x5601e3b7f340_0 .net "Gi", 0 0, L_0x5601e3bb1440;  1 drivers
v0x5601e3b7f400_0 .net "Gprev", 0 0, L_0x5601e3bb2a20;  1 drivers
v0x5601e3b7f4a0_0 .net "P", 0 0, L_0x5601e3bb01a0;  1 drivers
v0x5601e3b7f560_0 .net "Pi", 0 0, L_0x5601e3bafbc0;  1 drivers
v0x5601e3b7f670_0 .net "Pprev", 0 0, L_0x5601e3bb2660;  1 drivers
v0x5601e3b7f730_0 .net "w", 0 0, L_0x5601e3bb0210;  1 drivers
S_0x5601e3b7f8f0 .scope module, "bC2[9]" "bigCircle" 3 27, 4 21 0, S_0x5601e3ae6240;
 .timescale -9 -12;
    .port_info 0 /INPUT 1 "Pi"
    .port_info 1 /INPUT 1 "Gi"
    .port_info 2 /INPUT 1 "Pprev"
    .port_info 3 /INPUT 1 "Gprev"
    .port_info 4 /OUTPUT 1 "P"
    .port_info 5 /OUTPUT 1 "G"
L_0x5601e3bb0390 .functor AND 1, L_0x5601e3bafc60, L_0x5601e3bb2060, C4<1>, C4<1>;
L_0x5601e3bb0400 .functor AND 1, L_0x5601e3bafc60, L_0x5601e3bb2b10, C4<1>, C4<1>;
L_0x5601e3bb04c0 .functor OR 1, L_0x5601e3bb1530, L_0x5601e3bb0400, C4<0>, C4<0>;
v0x5601e3b7fb80_0 .net "G", 0 0, L_0x5601e3bb04c0;  1 drivers
v0x5601e3b7fc60_0 .net "Gi", 0 0, L_0x5601e3bb1530;  1 drivers
v0x5601e3b7fd20_0 .net "Gprev", 0 0, L_0x5601e3bb2b10;  1 drivers
v0x5601e3b7fdc0_0 .net "P", 0 0, L_0x5601e3bb0390;  1 drivers
v0x5601e3b7fe80_0 .net "Pi", 0 0, L_0x5601e3bafc60;  1 drivers
v0x5601e3b7ff90_0 .net "Pprev", 0 0, L_0x5601e3bb2060;  1 drivers
v0x5601e3b80050_0 .net "w", 0 0, L_0x5601e3bb0400;  1 drivers
S_0x5601e3b80210 .scope module, "bC2[10]" "bigCircle" 3 27, 4 21 0, S_0x5601e3ae6240;
 .timescale -9 -12;
    .port_info 0 /INPUT 1 "Pi"
    .port_info 1 /INPUT 1 "Gi"
    .port_info 2 /INPUT 1 "Pprev"
    .port_info 3 /INPUT 1 "Gprev"
    .port_info 4 /OUTPUT 1 "P"
    .port_info 5 /OUTPUT 1 "G"
L_0x5601e3bb0580 .functor AND 1, L_0x5601e3bafd90, L_0x5601e3bb2150, C4<1>, C4<1>;
L_0x5601e3bb05f0 .functor AND 1, L_0x5601e3bafd90, L_0x5601e3bb2c90, C4<1>, C4<1>;
L_0x5601e3bb06b0 .functor OR 1, L_0x5601e3bb1620, L_0x5601e3bb05f0, C4<0>, C4<0>;
v0x5601e3b804a0_0 .net "G", 0 0, L_0x5601e3bb06b0;  1 drivers
v0x5601e3b80580_0 .net "Gi", 0 0, L_0x5601e3bb1620;  1 drivers
v0x5601e3b80640_0 .net "Gprev", 0 0, L_0x5601e3bb2c90;  1 drivers
v0x5601e3b806e0_0 .net "P", 0 0, L_0x5601e3bb0580;  1 drivers
v0x5601e3b807a0_0 .net "Pi", 0 0, L_0x5601e3bafd90;  1 drivers
v0x5601e3b808b0_0 .net "Pprev", 0 0, L_0x5601e3bb2150;  1 drivers
v0x5601e3b80970_0 .net "w", 0 0, L_0x5601e3bb05f0;  1 drivers
S_0x5601e3b80b30 .scope module, "bC2[11]" "bigCircle" 3 27, 4 21 0, S_0x5601e3ae6240;
 .timescale -9 -12;
    .port_info 0 /INPUT 1 "Pi"
    .port_info 1 /INPUT 1 "Gi"
    .port_info 2 /INPUT 1 "Pprev"
    .port_info 3 /INPUT 1 "Gprev"
    .port_info 4 /OUTPUT 1 "P"
    .port_info 5 /OUTPUT 1 "G"
L_0x5601e3bb0770 .functor AND 1, L_0x5601e3bafe30, L_0x5601e3bb2240, C4<1>, C4<1>;
L_0x5601e3bb07e0 .functor AND 1, L_0x5601e3bafe30, L_0x5601e3bb34e0, C4<1>, C4<1>;
L_0x5601e3bb08a0 .functor OR 1, L_0x5601e3bb16c0, L_0x5601e3bb07e0, C4<0>, C4<0>;
v0x5601e3b80fd0_0 .net "G", 0 0, L_0x5601e3bb08a0;  1 drivers
v0x5601e3b810b0_0 .net "Gi", 0 0, L_0x5601e3bb16c0;  1 drivers
v0x5601e3b81170_0 .net "Gprev", 0 0, L_0x5601e3bb34e0;  1 drivers
v0x5601e3b81210_0 .net "P", 0 0, L_0x5601e3bb0770;  1 drivers
v0x5601e3b812d0_0 .net "Pi", 0 0, L_0x5601e3bafe30;  1 drivers
v0x5601e3b813e0_0 .net "Pprev", 0 0, L_0x5601e3bb2240;  1 drivers
v0x5601e3b814a0_0 .net "w", 0 0, L_0x5601e3bb07e0;  1 drivers
S_0x5601e3b81660 .scope module, "bC2[12]" "bigCircle" 3 27, 4 21 0, S_0x5601e3ae6240;
 .timescale -9 -12;
    .port_info 0 /INPUT 1 "Pi"
    .port_info 1 /INPUT 1 "Gi"
    .port_info 2 /INPUT 1 "Pprev"
    .port_info 3 /INPUT 1 "Gprev"
    .port_info 4 /OUTPUT 1 "P"
    .port_info 5 /OUTPUT 1 "G"
L_0x5601e3bb0960 .functor AND 1, L_0x5601e3bafed0, L_0x5601e3bb2330, C4<1>, C4<1>;
L_0x5601e3bb09d0 .functor AND 1, L_0x5601e3bafed0, L_0x5601e3bb3580, C4<1>, C4<1>;
L_0x5601e3bb0a90 .functor OR 1, L_0x5601e3bb1f70, L_0x5601e3bb09d0, C4<0>, C4<0>;
v0x5601e3b818f0_0 .net "G", 0 0, L_0x5601e3bb0a90;  1 drivers
v0x5601e3b819d0_0 .net "Gi", 0 0, L_0x5601e3bb1f70;  1 drivers
v0x5601e3b81a90_0 .net "Gprev", 0 0, L_0x5601e3bb3580;  1 drivers
v0x5601e3b81b30_0 .net "P", 0 0, L_0x5601e3bb0960;  1 drivers
v0x5601e3b81bf0_0 .net "Pi", 0 0, L_0x5601e3bafed0;  1 drivers
v0x5601e3b81d00_0 .net "Pprev", 0 0, L_0x5601e3bb2330;  1 drivers
v0x5601e3b81dc0_0 .net "w", 0 0, L_0x5601e3bb09d0;  1 drivers
S_0x5601e3b81f80 .scope module, "bC2[13]" "bigCircle" 3 27, 4 21 0, S_0x5601e3ae6240;
 .timescale -9 -12;
    .port_info 0 /INPUT 1 "Pi"
    .port_info 1 /INPUT 1 "Gi"
    .port_info 2 /INPUT 1 "Pprev"
    .port_info 3 /INPUT 1 "Gprev"
    .port_info 4 /OUTPUT 1 "P"
    .port_info 5 /OUTPUT 1 "G"
L_0x5601e3bb0b50 .functor AND 1, L_0x5601e3baff70, L_0x5601e3bb2420, C4<1>, C4<1>;
L_0x5601e3bb0bc0 .functor AND 1, L_0x5601e3baff70, L_0x5601e3bb2e70, C4<1>, C4<1>;
L_0x5601e3bb0c80 .functor OR 1, L_0x5601e3bb1950, L_0x5601e3bb0bc0, C4<0>, C4<0>;
v0x5601e3b82210_0 .net "G", 0 0, L_0x5601e3bb0c80;  1 drivers
v0x5601e3b822f0_0 .net "Gi", 0 0, L_0x5601e3bb1950;  1 drivers
v0x5601e3b823b0_0 .net "Gprev", 0 0, L_0x5601e3bb2e70;  1 drivers
v0x5601e3b82450_0 .net "P", 0 0, L_0x5601e3bb0b50;  1 drivers
v0x5601e3b82510_0 .net "Pi", 0 0, L_0x5601e3baff70;  1 drivers
v0x5601e3b82620_0 .net "Pprev", 0 0, L_0x5601e3bb2420;  1 drivers
v0x5601e3b826e0_0 .net "w", 0 0, L_0x5601e3bb0bc0;  1 drivers
S_0x5601e3b828a0 .scope module, "bC2[14]" "bigCircle" 3 27, 4 21 0, S_0x5601e3ae6240;
 .timescale -9 -12;
    .port_info 0 /INPUT 1 "Pi"
    .port_info 1 /INPUT 1 "Gi"
    .port_info 2 /INPUT 1 "Pprev"
    .port_info 3 /INPUT 1 "Gprev"
    .port_info 4 /OUTPUT 1 "P"
    .port_info 5 /OUTPUT 1 "G"
L_0x5601e3bb0d40 .functor AND 1, L_0x5601e3bb18b0, L_0x5601e3bb2d80, C4<1>, C4<1>;
L_0x5601e3bb0db0 .functor AND 1, L_0x5601e3bb18b0, L_0x5601e3bb3070, C4<1>, C4<1>;
L_0x5601e3bb0e70 .functor OR 1, L_0x5601e3bb1b50, L_0x5601e3bb0db0, C4<0>, C4<0>;
v0x5601e3b82b30_0 .net "G", 0 0, L_0x5601e3bb0e70;  1 drivers
v0x5601e3b82c10_0 .net "Gi", 0 0, L_0x5601e3bb1b50;  1 drivers
v0x5601e3b82cd0_0 .net "Gprev", 0 0, L_0x5601e3bb3070;  1 drivers
v0x5601e3b82d70_0 .net "P", 0 0, L_0x5601e3bb0d40;  1 drivers
v0x5601e3b82e30_0 .net "Pi", 0 0, L_0x5601e3bb18b0;  1 drivers
v0x5601e3b82f40_0 .net "Pprev", 0 0, L_0x5601e3bb2d80;  1 drivers
v0x5601e3b83000_0 .net "w", 0 0, L_0x5601e3bb0db0;  1 drivers
S_0x5601e3b831c0 .scope module, "bC2[15]" "bigCircle" 3 27, 4 21 0, S_0x5601e3ae6240;
 .timescale -9 -12;
    .port_info 0 /INPUT 1 "Pi"
    .port_info 1 /INPUT 1 "Gi"
    .port_info 2 /INPUT 1 "Pprev"
    .port_info 3 /INPUT 1 "Gprev"
    .port_info 4 /OUTPUT 1 "P"
    .port_info 5 /OUTPUT 1 "G"
L_0x5601e3bb0f30 .functor AND 1, L_0x5601e3bb1210, L_0x5601e3bb2750, C4<1>, C4<1>;
L_0x5601e3bb0fa0 .functor AND 1, L_0x5601e3bb1210, L_0x5601e3bb3160, C4<1>, C4<1>;
L_0x5601e3bb1060 .functor OR 1, L_0x5601e3bb1c40, L_0x5601e3bb0fa0, C4<0>, C4<0>;
v0x5601e3b83450_0 .net "G", 0 0, L_0x5601e3bb1060;  1 drivers
v0x5601e3b83530_0 .net "Gi", 0 0, L_0x5601e3bb1c40;  1 drivers
v0x5601e3b835f0_0 .net "Gprev", 0 0, L_0x5601e3bb3160;  1 drivers
v0x5601e3b83690_0 .net "P", 0 0, L_0x5601e3bb0f30;  1 drivers
v0x5601e3b83750_0 .net "Pi", 0 0, L_0x5601e3bb1210;  1 drivers
v0x5601e3b83860_0 .net "Pprev", 0 0, L_0x5601e3bb2750;  1 drivers
v0x5601e3b83920_0 .net "w", 0 0, L_0x5601e3bb0fa0;  1 drivers
S_0x5601e3b83ae0 .scope module, "bC3" "bigCircle" 3 31, 4 21 0, S_0x5601e3ae6240;
 .timescale -9 -12;
    .port_info 0 /INPUT 1 "Pi"
    .port_info 1 /INPUT 1 "Gi"
    .port_info 2 /INPUT 1 "Pprev"
    .port_info 3 /INPUT 1 "Gprev"
    .port_info 4 /OUTPUT 1 "P"
    .port_info 5 /OUTPUT 1 "G"
L_0x5601e3bb4910 .functor AND 1, L_0x5601e3bb4b50, L_0x5601e3bb5620, C4<1>, C4<1>;
L_0x5601e3bb49d0 .functor AND 1, L_0x5601e3bb4b50, L_0x5601e3bb4e80, C4<1>, C4<1>;
L_0x5601e3bb4a90 .functor OR 1, L_0x5601e3bb5580, L_0x5601e3bb49d0, C4<0>, C4<0>;
v0x5601e3b83d50_0 .net "G", 0 0, L_0x5601e3bb4a90;  alias, 1 drivers
v0x5601e3b83e30_0 .net "Gi", 0 0, L_0x5601e3bb5580;  1 drivers
v0x5601e3b83ef0_0 .net "Gprev", 0 0, L_0x5601e3bb4e80;  1 drivers
v0x5601e3b83f90_0 .net "P", 0 0, L_0x5601e3bb4910;  alias, 1 drivers
v0x5601e3b84050_0 .net "Pi", 0 0, L_0x5601e3bb4b50;  1 drivers
v0x5601e3b84160_0 .net "Pprev", 0 0, L_0x5601e3bb5620;  1 drivers
v0x5601e3b84220_0 .net "w", 0 0, L_0x5601e3bb49d0;  1 drivers
S_0x5601e3b843e0 .scope module, "sC[1]" "smallCircle" 3 22, 5 21 0, S_0x5601e3ae6240;
 .timescale -9 -12;
    .port_info 0 /INPUT 1 "Gi"
    .port_info 1 /OUTPUT 1 "Ci"
L_0x5601e3ba6860 .functor BUF 1, L_0x5601e3ba6d70, C4<0>, C4<0>, C4<0>;
v0x5601e3b845f0_0 .net "Ci", 0 0, L_0x5601e3ba6860;  1 drivers
v0x5601e3b846d0_0 .net "Gi", 0 0, L_0x5601e3ba6d70;  1 drivers
S_0x5601e3b847f0 .scope module, "sC[2]" "smallCircle" 3 22, 5 21 0, S_0x5601e3ae6240;
 .timescale -9 -12;
    .port_info 0 /INPUT 1 "Gi"
    .port_info 1 /OUTPUT 1 "Ci"
L_0x5601e3ba68d0 .functor BUF 1, L_0x5601e3ba6eb0, C4<0>, C4<0>, C4<0>;
v0x5601e3b84a20_0 .net "Ci", 0 0, L_0x5601e3ba68d0;  1 drivers
v0x5601e3b84b00_0 .net "Gi", 0 0, L_0x5601e3ba6eb0;  1 drivers
S_0x5601e3b84c20 .scope module, "sC0" "smallCircle" 3 18, 5 21 0, S_0x5601e3ae6240;
 .timescale -9 -12;
    .port_info 0 /INPUT 1 "Gi"
    .port_info 1 /OUTPUT 1 "Ci"
L_0x5601e3b98f20 .functor BUF 1, L_0x5601e3b9b320, C4<0>, C4<0>, C4<0>;
v0x5601e3b84e30_0 .net "Ci", 0 0, L_0x5601e3b98f20;  1 drivers
v0x5601e3b84f10_0 .net "Gi", 0 0, L_0x5601e3b9b320;  1 drivers
S_0x5601e3b85030 .scope module, "sC2[3]" "smallCircle" 3 26, 5 21 0, S_0x5601e3ae6240;
 .timescale -9 -12;
    .port_info 0 /INPUT 1 "Gi"
    .port_info 1 /OUTPUT 1 "Ci"
L_0x5601e3baf870 .functor BUF 1, L_0x5601e3baf350, C4<0>, C4<0>, C4<0>;
v0x5601e3b85260_0 .net "Ci", 0 0, L_0x5601e3baf870;  1 drivers
v0x5601e3b85340_0 .net "Gi", 0 0, L_0x5601e3baf350;  1 drivers
S_0x5601e3b85460 .scope module, "sC2[4]" "smallCircle" 3 26, 5 21 0, S_0x5601e3ae6240;
 .timescale -9 -12;
    .port_info 0 /INPUT 1 "Gi"
    .port_info 1 /OUTPUT 1 "Ci"
L_0x5601e3baf8e0 .functor BUF 1, L_0x5601e3baf490, C4<0>, C4<0>, C4<0>;
v0x5601e3b85690_0 .net "Ci", 0 0, L_0x5601e3baf8e0;  1 drivers
v0x5601e3b85770_0 .net "Gi", 0 0, L_0x5601e3baf490;  1 drivers
S_0x5601e3b85890 .scope module, "sC2[5]" "smallCircle" 3 26, 5 21 0, S_0x5601e3ae6240;
 .timescale -9 -12;
    .port_info 0 /INPUT 1 "Gi"
    .port_info 1 /OUTPUT 1 "Ci"
L_0x5601e3baf950 .functor BUF 1, L_0x5601e3baf580, C4<0>, C4<0>, C4<0>;
v0x5601e3b85ac0_0 .net "Ci", 0 0, L_0x5601e3baf950;  1 drivers
v0x5601e3b85ba0_0 .net "Gi", 0 0, L_0x5601e3baf580;  1 drivers
S_0x5601e3b85cc0 .scope module, "sC2[6]" "smallCircle" 3 26, 5 21 0, S_0x5601e3ae6240;
 .timescale -9 -12;
    .port_info 0 /INPUT 1 "Gi"
    .port_info 1 /OUTPUT 1 "Ci"
L_0x5601e3baf9c0 .functor BUF 1, L_0x5601e3baf670, C4<0>, C4<0>, C4<0>;
v0x5601e3b85ef0_0 .net "Ci", 0 0, L_0x5601e3baf9c0;  1 drivers
v0x5601e3b85fd0_0 .net "Gi", 0 0, L_0x5601e3baf670;  1 drivers
S_0x5601e3b860f0 .scope module, "sC3[7]" "smallCircle" 3 30, 5 21 0, S_0x5601e3ae6240;
 .timescale -9 -12;
    .port_info 0 /INPUT 1 "Gi"
    .port_info 1 /OUTPUT 1 "Ci"
L_0x5601e3bb39e0 .functor BUF 1, L_0x5601e3bb3df0, C4<0>, C4<0>, C4<0>;
v0x5601e3b86320_0 .net "Ci", 0 0, L_0x5601e3bb39e0;  1 drivers
v0x5601e3b86400_0 .net "Gi", 0 0, L_0x5601e3bb3df0;  1 drivers
S_0x5601e3b86520 .scope module, "sC3[8]" "smallCircle" 3 30, 5 21 0, S_0x5601e3ae6240;
 .timescale -9 -12;
    .port_info 0 /INPUT 1 "Gi"
    .port_info 1 /OUTPUT 1 "Ci"
L_0x5601e3bb3a50 .functor BUF 1, L_0x5601e3bb3f30, C4<0>, C4<0>, C4<0>;
v0x5601e3b86750_0 .net "Ci", 0 0, L_0x5601e3bb3a50;  1 drivers
v0x5601e3b86830_0 .net "Gi", 0 0, L_0x5601e3bb3f30;  1 drivers
S_0x5601e3b86950 .scope module, "sC3[9]" "smallCircle" 3 30, 5 21 0, S_0x5601e3ae6240;
 .timescale -9 -12;
    .port_info 0 /INPUT 1 "Gi"
    .port_info 1 /OUTPUT 1 "Ci"
L_0x5601e3bb3ac0 .functor BUF 1, L_0x5601e3bb4020, C4<0>, C4<0>, C4<0>;
v0x5601e3b86b80_0 .net "Ci", 0 0, L_0x5601e3bb3ac0;  1 drivers
v0x5601e3b86c60_0 .net "Gi", 0 0, L_0x5601e3bb4020;  1 drivers
S_0x5601e3b86d80 .scope module, "sC3[10]" "smallCircle" 3 30, 5 21 0, S_0x5601e3ae6240;
 .timescale -9 -12;
    .port_info 0 /INPUT 1 "Gi"
    .port_info 1 /OUTPUT 1 "Ci"
L_0x5601e3bb3b30 .functor BUF 1, L_0x5601e3bb4110, C4<0>, C4<0>, C4<0>;
v0x5601e3b86fb0_0 .net "Ci", 0 0, L_0x5601e3bb3b30;  1 drivers
v0x5601e3b87090_0 .net "Gi", 0 0, L_0x5601e3bb4110;  1 drivers
S_0x5601e3b871b0 .scope module, "sC3[11]" "smallCircle" 3 30, 5 21 0, S_0x5601e3ae6240;
 .timescale -9 -12;
    .port_info 0 /INPUT 1 "Gi"
    .port_info 1 /OUTPUT 1 "Ci"
L_0x5601e3bb3ba0 .functor BUF 1, L_0x5601e3bb41b0, C4<0>, C4<0>, C4<0>;
v0x5601e3b873e0_0 .net "Ci", 0 0, L_0x5601e3bb3ba0;  1 drivers
v0x5601e3b874c0_0 .net "Gi", 0 0, L_0x5601e3bb41b0;  1 drivers
S_0x5601e3b875e0 .scope module, "sC3[12]" "smallCircle" 3 30, 5 21 0, S_0x5601e3ae6240;
 .timescale -9 -12;
    .port_info 0 /INPUT 1 "Gi"
    .port_info 1 /OUTPUT 1 "Ci"
L_0x5601e3bb3c10 .functor BUF 1, L_0x5601e3bb42a0, C4<0>, C4<0>, C4<0>;
v0x5601e3b87810_0 .net "Ci", 0 0, L_0x5601e3bb3c10;  1 drivers
v0x5601e3b878f0_0 .net "Gi", 0 0, L_0x5601e3bb42a0;  1 drivers
S_0x5601e3b87a10 .scope module, "sC3[13]" "smallCircle" 3 30, 5 21 0, S_0x5601e3ae6240;
 .timescale -9 -12;
    .port_info 0 /INPUT 1 "Gi"
    .port_info 1 /OUTPUT 1 "Ci"
L_0x5601e3bb3c80 .functor BUF 1, L_0x5601e3bb4390, C4<0>, C4<0>, C4<0>;
v0x5601e3b87c40_0 .net "Ci", 0 0, L_0x5601e3bb3c80;  1 drivers
v0x5601e3b87d20_0 .net "Gi", 0 0, L_0x5601e3bb4390;  1 drivers
S_0x5601e3b87e40 .scope module, "sC3[14]" "smallCircle" 3 30, 5 21 0, S_0x5601e3ae6240;
 .timescale -9 -12;
    .port_info 0 /INPUT 1 "Gi"
    .port_info 1 /OUTPUT 1 "Ci"
L_0x5601e3bb4490 .functor BUF 1, L_0x5601e3bb4d90, C4<0>, C4<0>, C4<0>;
v0x5601e3b88070_0 .net "Ci", 0 0, L_0x5601e3bb4490;  1 drivers
v0x5601e3b88150_0 .net "Gi", 0 0, L_0x5601e3bb4d90;  1 drivers
S_0x5601e3b88270 .scope module, "sC4" "smallCircle" 3 33, 5 21 0, S_0x5601e3ae6240;
 .timescale -9 -12;
    .port_info 0 /INPUT 1 "Gi"
    .port_info 1 /OUTPUT 1 "Ci"
L_0x5601e3bb4f70 .functor BUF 1, L_0x5601e3bb4a90, C4<0>, C4<0>, C4<0>;
v0x5601e3b88480_0 .net "Ci", 0 0, L_0x5601e3bb4f70;  1 drivers
v0x5601e3b88560_0 .net "Gi", 0 0, L_0x5601e3bb4a90;  alias, 1 drivers
S_0x5601e3b88640 .scope module, "sC5" "smallCircle" 3 38, 5 21 0, S_0x5601e3ae6240;
 .timescale -9 -12;
    .port_info 0 /INPUT 1 "Gi"
    .port_info 1 /OUTPUT 1 "Ci"
L_0x5601e3bb8070 .functor BUF 1, L_0x5601e3bb80e0, C4<0>, C4<0>, C4<0>;
v0x5601e3b88850_0 .net "Ci", 0 0, L_0x5601e3bb8070;  1 drivers
v0x5601e3b88930_0 .net "Gi", 0 0, L_0x5601e3bb80e0;  1 drivers
S_0x5601e3b88a50 .scope module, "sq[0]" "square" 3 15, 6 21 0, S_0x5601e3ae6240;
 .timescale -9 -12;
    .port_info 0 /INPUT 1 "A"
    .port_info 1 /INPUT 1 "B"
    .port_info 2 /OUTPUT 1 "P"
    .port_info 3 /OUTPUT 1 "G"
L_0x5601e3b96800 .functor XOR 1, L_0x5601e3b98630, L_0x5601e3b99530, C4<0>, C4<0>;
L_0x5601e3b968d0 .functor AND 1, L_0x5601e3b98630, L_0x5601e3b99530, C4<1>, C4<1>;
v0x5601e3b88c90_0 .net "A", 0 0, L_0x5601e3b98630;  1 drivers
v0x5601e3b88d70_0 .net "B", 0 0, L_0x5601e3b99530;  1 drivers
v0x5601e3b88e30_0 .net "G", 0 0, L_0x5601e3b968d0;  1 drivers
v0x5601e3b88ed0_0 .net "P", 0 0, L_0x5601e3b96800;  1 drivers
S_0x5601e3b89010 .scope module, "sq[1]" "square" 3 15, 6 21 0, S_0x5601e3ae6240;
 .timescale -9 -12;
    .port_info 0 /INPUT 1 "A"
    .port_info 1 /INPUT 1 "B"
    .port_info 2 /OUTPUT 1 "P"
    .port_info 3 /OUTPUT 1 "G"
L_0x5601e3b96a10 .functor XOR 1, L_0x5601e3b98720, L_0x5601e3b995d0, C4<0>, C4<0>;
L_0x5601e3b96ab0 .functor AND 1, L_0x5601e3b98720, L_0x5601e3b995d0, C4<1>, C4<1>;
v0x5601e3b89270_0 .net "A", 0 0, L_0x5601e3b98720;  1 drivers
v0x5601e3b89350_0 .net "B", 0 0, L_0x5601e3b995d0;  1 drivers
v0x5601e3b89410_0 .net "G", 0 0, L_0x5601e3b96ab0;  1 drivers
v0x5601e3b894b0_0 .net "P", 0 0, L_0x5601e3b96a10;  1 drivers
S_0x5601e3b89620 .scope module, "sq[2]" "square" 3 15, 6 21 0, S_0x5601e3ae6240;
 .timescale -9 -12;
    .port_info 0 /INPUT 1 "A"
    .port_info 1 /INPUT 1 "B"
    .port_info 2 /OUTPUT 1 "P"
    .port_info 3 /OUTPUT 1 "G"
L_0x5601e3b96bf0 .functor XOR 1, L_0x5601e3b987c0, L_0x5601e3b99710, C4<0>, C4<0>;
L_0x5601e3b96c90 .functor AND 1, L_0x5601e3b987c0, L_0x5601e3b99710, C4<1>, C4<1>;
v0x5601e3b89880_0 .net "A", 0 0, L_0x5601e3b987c0;  1 drivers
v0x5601e3b89960_0 .net "B", 0 0, L_0x5601e3b99710;  1 drivers
v0x5601e3b89a20_0 .net "G", 0 0, L_0x5601e3b96c90;  1 drivers
v0x5601e3b89af0_0 .net "P", 0 0, L_0x5601e3b96bf0;  1 drivers
S_0x5601e3b89c60 .scope module, "sq[3]" "square" 3 15, 6 21 0, S_0x5601e3ae6240;
 .timescale -9 -12;
    .port_info 0 /INPUT 1 "A"
    .port_info 1 /INPUT 1 "B"
    .port_info 2 /OUTPUT 1 "P"
    .port_info 3 /OUTPUT 1 "G"
L_0x5601e3b96dd0 .functor XOR 1, L_0x5601e3b98860, L_0x5601e3b997b0, C4<0>, C4<0>;
L_0x5601e3b96e70 .functor AND 1, L_0x5601e3b98860, L_0x5601e3b997b0, C4<1>, C4<1>;
v0x5601e3b89ec0_0 .net "A", 0 0, L_0x5601e3b98860;  1 drivers
v0x5601e3b89fa0_0 .net "B", 0 0, L_0x5601e3b997b0;  1 drivers
v0x5601e3b8a060_0 .net "G", 0 0, L_0x5601e3b96e70;  1 drivers
v0x5601e3b8a130_0 .net "P", 0 0, L_0x5601e3b96dd0;  1 drivers
S_0x5601e3b8a2a0 .scope module, "sq[4]" "square" 3 15, 6 21 0, S_0x5601e3ae6240;
 .timescale -9 -12;
    .port_info 0 /INPUT 1 "A"
    .port_info 1 /INPUT 1 "B"
    .port_info 2 /OUTPUT 1 "P"
    .port_info 3 /OUTPUT 1 "G"
L_0x5601e3b96fb0 .functor XOR 1, L_0x5601e3b98930, L_0x5601e3b99670, C4<0>, C4<0>;
L_0x5601e3b97050 .functor AND 1, L_0x5601e3b98930, L_0x5601e3b99670, C4<1>, C4<1>;
v0x5601e3b8a500_0 .net "A", 0 0, L_0x5601e3b98930;  1 drivers
v0x5601e3b8a5e0_0 .net "B", 0 0, L_0x5601e3b99670;  1 drivers
v0x5601e3b8a6a0_0 .net "G", 0 0, L_0x5601e3b97050;  1 drivers
v0x5601e3b8a770_0 .net "P", 0 0, L_0x5601e3b96fb0;  1 drivers
S_0x5601e3b8a8e0 .scope module, "sq[5]" "square" 3 15, 6 21 0, S_0x5601e3ae6240;
 .timescale -9 -12;
    .port_info 0 /INPUT 1 "A"
    .port_info 1 /INPUT 1 "B"
    .port_info 2 /OUTPUT 1 "P"
    .port_info 3 /OUTPUT 1 "G"
L_0x5601e3b97190 .functor XOR 1, L_0x5601e3b989d0, L_0x5601e3b99900, C4<0>, C4<0>;
L_0x5601e3b97230 .functor AND 1, L_0x5601e3b989d0, L_0x5601e3b99900, C4<1>, C4<1>;
v0x5601e3b8ab40_0 .net "A", 0 0, L_0x5601e3b989d0;  1 drivers
v0x5601e3b8ac20_0 .net "B", 0 0, L_0x5601e3b99900;  1 drivers
v0x5601e3b8ace0_0 .net "G", 0 0, L_0x5601e3b97230;  1 drivers
v0x5601e3b8adb0_0 .net "P", 0 0, L_0x5601e3b97190;  1 drivers
S_0x5601e3b8af20 .scope module, "sq[6]" "square" 3 15, 6 21 0, S_0x5601e3ae6240;
 .timescale -9 -12;
    .port_info 0 /INPUT 1 "A"
    .port_info 1 /INPUT 1 "B"
    .port_info 2 /OUTPUT 1 "P"
    .port_info 3 /OUTPUT 1 "G"
L_0x5601e3b97370 .functor XOR 1, L_0x5601e3b98ab0, L_0x5601e3b99a60, C4<0>, C4<0>;
L_0x5601e3b97410 .functor AND 1, L_0x5601e3b98ab0, L_0x5601e3b99a60, C4<1>, C4<1>;
v0x5601e3b8b180_0 .net "A", 0 0, L_0x5601e3b98ab0;  1 drivers
v0x5601e3b8b260_0 .net "B", 0 0, L_0x5601e3b99a60;  1 drivers
v0x5601e3b8b320_0 .net "G", 0 0, L_0x5601e3b97410;  1 drivers
v0x5601e3b8b3f0_0 .net "P", 0 0, L_0x5601e3b97370;  1 drivers
S_0x5601e3b8b560 .scope module, "sq[7]" "square" 3 15, 6 21 0, S_0x5601e3ae6240;
 .timescale -9 -12;
    .port_info 0 /INPUT 1 "A"
    .port_info 1 /INPUT 1 "B"
    .port_info 2 /OUTPUT 1 "P"
    .port_info 3 /OUTPUT 1 "G"
L_0x5601e3b97550 .functor XOR 1, L_0x5601e3b98b50, L_0x5601e3b99b00, C4<0>, C4<0>;
L_0x5601e3b975f0 .functor AND 1, L_0x5601e3b98b50, L_0x5601e3b99b00, C4<1>, C4<1>;
v0x5601e3b8b7c0_0 .net "A", 0 0, L_0x5601e3b98b50;  1 drivers
v0x5601e3b8b8a0_0 .net "B", 0 0, L_0x5601e3b99b00;  1 drivers
v0x5601e3b8b960_0 .net "G", 0 0, L_0x5601e3b975f0;  1 drivers
v0x5601e3b8ba30_0 .net "P", 0 0, L_0x5601e3b97550;  1 drivers
S_0x5601e3b8bba0 .scope module, "sq[8]" "square" 3 15, 6 21 0, S_0x5601e3ae6240;
 .timescale -9 -12;
    .port_info 0 /INPUT 1 "A"
    .port_info 1 /INPUT 1 "B"
    .port_info 2 /OUTPUT 1 "P"
    .port_info 3 /OUTPUT 1 "G"
L_0x5601e3b97730 .functor XOR 1, L_0x5601e3b98c40, L_0x5601e3b99c70, C4<0>, C4<0>;
L_0x5601e3b977d0 .functor AND 1, L_0x5601e3b98c40, L_0x5601e3b99c70, C4<1>, C4<1>;
v0x5601e3b8be00_0 .net "A", 0 0, L_0x5601e3b98c40;  1 drivers
v0x5601e3b8bee0_0 .net "B", 0 0, L_0x5601e3b99c70;  1 drivers
v0x5601e3b8bfa0_0 .net "G", 0 0, L_0x5601e3b977d0;  1 drivers
v0x5601e3b8c070_0 .net "P", 0 0, L_0x5601e3b97730;  1 drivers
S_0x5601e3b8c1e0 .scope module, "sq[9]" "square" 3 15, 6 21 0, S_0x5601e3ae6240;
 .timescale -9 -12;
    .port_info 0 /INPUT 1 "A"
    .port_info 1 /INPUT 1 "B"
    .port_info 2 /OUTPUT 1 "P"
    .port_info 3 /OUTPUT 1 "G"
L_0x5601e3b97910 .functor XOR 1, L_0x5601e3b98ce0, L_0x5601e3b99d10, C4<0>, C4<0>;
L_0x5601e3b979b0 .functor AND 1, L_0x5601e3b98ce0, L_0x5601e3b99d10, C4<1>, C4<1>;
v0x5601e3b8c850_0 .net "A", 0 0, L_0x5601e3b98ce0;  1 drivers
v0x5601e3b8c930_0 .net "B", 0 0, L_0x5601e3b99d10;  1 drivers
v0x5601e3b8c9f0_0 .net "G", 0 0, L_0x5601e3b979b0;  1 drivers
v0x5601e3b8cac0_0 .net "P", 0 0, L_0x5601e3b97910;  1 drivers
S_0x5601e3b8cc30 .scope module, "sq[10]" "square" 3 15, 6 21 0, S_0x5601e3ae6240;
 .timescale -9 -12;
    .port_info 0 /INPUT 1 "A"
    .port_info 1 /INPUT 1 "B"
    .port_info 2 /OUTPUT 1 "P"
    .port_info 3 /OUTPUT 1 "G"
L_0x5601e3b97af0 .functor XOR 1, L_0x5601e3b98de0, L_0x5601e3b99e90, C4<0>, C4<0>;
L_0x5601e3b97b90 .functor AND 1, L_0x5601e3b98de0, L_0x5601e3b99e90, C4<1>, C4<1>;
v0x5601e3b8ce90_0 .net "A", 0 0, L_0x5601e3b98de0;  1 drivers
v0x5601e3b8cf70_0 .net "B", 0 0, L_0x5601e3b99e90;  1 drivers
v0x5601e3b8d030_0 .net "G", 0 0, L_0x5601e3b97b90;  1 drivers
v0x5601e3b8d100_0 .net "P", 0 0, L_0x5601e3b97af0;  1 drivers
S_0x5601e3b8d270 .scope module, "sq[11]" "square" 3 15, 6 21 0, S_0x5601e3ae6240;
 .timescale -9 -12;
    .port_info 0 /INPUT 1 "A"
    .port_info 1 /INPUT 1 "B"
    .port_info 2 /OUTPUT 1 "P"
    .port_info 3 /OUTPUT 1 "G"
L_0x5601e3b97cd0 .functor XOR 1, L_0x5601e3b98e80, L_0x5601e3b99f30, C4<0>, C4<0>;
L_0x5601e3b97d70 .functor AND 1, L_0x5601e3b98e80, L_0x5601e3b99f30, C4<1>, C4<1>;
v0x5601e3b8d4d0_0 .net "A", 0 0, L_0x5601e3b98e80;  1 drivers
v0x5601e3b8d5b0_0 .net "B", 0 0, L_0x5601e3b99f30;  1 drivers
v0x5601e3b8d670_0 .net "G", 0 0, L_0x5601e3b97d70;  1 drivers
v0x5601e3b8d740_0 .net "P", 0 0, L_0x5601e3b97cd0;  1 drivers
S_0x5601e3b8d8b0 .scope module, "sq[12]" "square" 3 15, 6 21 0, S_0x5601e3ae6240;
 .timescale -9 -12;
    .port_info 0 /INPUT 1 "A"
    .port_info 1 /INPUT 1 "B"
    .port_info 2 /OUTPUT 1 "P"
    .port_info 3 /OUTPUT 1 "G"
L_0x5601e3b97eb0 .functor XOR 1, L_0x5601e3b98f90, L_0x5601e3b9a0c0, C4<0>, C4<0>;
L_0x5601e3b97f50 .functor AND 1, L_0x5601e3b98f90, L_0x5601e3b9a0c0, C4<1>, C4<1>;
v0x5601e3b8db10_0 .net "A", 0 0, L_0x5601e3b98f90;  1 drivers
v0x5601e3b8dbf0_0 .net "B", 0 0, L_0x5601e3b9a0c0;  1 drivers
v0x5601e3b8dcb0_0 .net "G", 0 0, L_0x5601e3b97f50;  1 drivers
v0x5601e3b8dd80_0 .net "P", 0 0, L_0x5601e3b97eb0;  1 drivers
S_0x5601e3b8def0 .scope module, "sq[13]" "square" 3 15, 6 21 0, S_0x5601e3ae6240;
 .timescale -9 -12;
    .port_info 0 /INPUT 1 "A"
    .port_info 1 /INPUT 1 "B"
    .port_info 2 /OUTPUT 1 "P"
    .port_info 3 /OUTPUT 1 "G"
L_0x5601e3b98090 .functor XOR 1, L_0x5601e3b99030, L_0x5601e3b9a160, C4<0>, C4<0>;
L_0x5601e3b98130 .functor AND 1, L_0x5601e3b99030, L_0x5601e3b9a160, C4<1>, C4<1>;
v0x5601e3b8e150_0 .net "A", 0 0, L_0x5601e3b99030;  1 drivers
v0x5601e3b8e230_0 .net "B", 0 0, L_0x5601e3b9a160;  1 drivers
v0x5601e3b8e2f0_0 .net "G", 0 0, L_0x5601e3b98130;  1 drivers
v0x5601e3b8e3c0_0 .net "P", 0 0, L_0x5601e3b98090;  1 drivers
S_0x5601e3b8e530 .scope module, "sq[14]" "square" 3 15, 6 21 0, S_0x5601e3ae6240;
 .timescale -9 -12;
    .port_info 0 /INPUT 1 "A"
    .port_info 1 /INPUT 1 "B"
    .port_info 2 /OUTPUT 1 "P"
    .port_info 3 /OUTPUT 1 "G"
L_0x5601e3b98270 .functor XOR 1, L_0x5601e3b99150, L_0x5601e3b9a300, C4<0>, C4<0>;
L_0x5601e3b98310 .functor AND 1, L_0x5601e3b99150, L_0x5601e3b9a300, C4<1>, C4<1>;
v0x5601e3b8e790_0 .net "A", 0 0, L_0x5601e3b99150;  1 drivers
v0x5601e3b8e870_0 .net "B", 0 0, L_0x5601e3b9a300;  1 drivers
v0x5601e3b8e930_0 .net "G", 0 0, L_0x5601e3b98310;  1 drivers
v0x5601e3b8ea00_0 .net "P", 0 0, L_0x5601e3b98270;  1 drivers
S_0x5601e3b8eb70 .scope module, "sq[15]" "square" 3 15, 6 21 0, S_0x5601e3ae6240;
 .timescale -9 -12;
    .port_info 0 /INPUT 1 "A"
    .port_info 1 /INPUT 1 "B"
    .port_info 2 /OUTPUT 1 "P"
    .port_info 3 /OUTPUT 1 "G"
L_0x5601e3b98450 .functor XOR 1, L_0x5601e3b99400, L_0x5601e3b9a5b0, C4<0>, C4<0>;
L_0x5601e3b984f0 .functor AND 1, L_0x5601e3b99400, L_0x5601e3b9a5b0, C4<1>, C4<1>;
v0x5601e3b8edd0_0 .net "A", 0 0, L_0x5601e3b99400;  1 drivers
v0x5601e3b8eeb0_0 .net "B", 0 0, L_0x5601e3b9a5b0;  1 drivers
v0x5601e3b8ef70_0 .net "G", 0 0, L_0x5601e3b984f0;  1 drivers
v0x5601e3b8f040_0 .net "P", 0 0, L_0x5601e3b98450;  1 drivers
S_0x5601e3b8f1b0 .scope module, "t0" "triangle" 3 35, 7 21 0, S_0x5601e3ae6240;
 .timescale -9 -12;
    .port_info 0 /INPUT 1 "Pi"
    .port_info 1 /INPUT 1 "Cprev"
    .port_info 2 /OUTPUT 1 "Si"
L_0x5601e3bb5250 .functor XOR 1, L_0x5601e3bb52c0, L_0x7fa875786060, C4<0>, C4<0>;
v0x5601e3b8f3f0_0 .net "Cprev", 0 0, L_0x7fa875786060;  alias, 1 drivers
v0x5601e3b8f4d0_0 .net "Pi", 0 0, L_0x5601e3bb52c0;  1 drivers
v0x5601e3b8f590_0 .net "Si", 0 0, L_0x5601e3bb5250;  1 drivers
S_0x5601e3b8f6b0 .scope module, "t1[1]" "triangle" 3 36, 7 21 0, S_0x5601e3ae6240;
 .timescale -9 -12;
    .port_info 0 /INPUT 1 "Pi"
    .port_info 1 /INPUT 1 "Cprev"
    .port_info 2 /OUTPUT 1 "Si"
L_0x5601e3bb5440 .functor XOR 1, L_0x5601e3bb56c0, L_0x5601e3bb6d40, C4<0>, C4<0>;
v0x5601e3b8f8f0_0 .net "Cprev", 0 0, L_0x5601e3bb6d40;  1 drivers
v0x5601e3b8f9d0_0 .net "Pi", 0 0, L_0x5601e3bb56c0;  1 drivers
v0x5601e3b8fa90_0 .net "Si", 0 0, L_0x5601e3bb5440;  1 drivers
S_0x5601e3b8fbe0 .scope module, "t1[2]" "triangle" 3 36, 7 21 0, S_0x5601e3ae6240;
 .timescale -9 -12;
    .port_info 0 /INPUT 1 "Pi"
    .port_info 1 /INPUT 1 "Cprev"
    .port_info 2 /OUTPUT 1 "Si"
L_0x5601e3bb54b0 .functor XOR 1, L_0x5601e3bb57b0, L_0x5601e3bb6e80, C4<0>, C4<0>;
v0x5601e3b8fe20_0 .net "Cprev", 0 0, L_0x5601e3bb6e80;  1 drivers
v0x5601e3b8ff00_0 .net "Pi", 0 0, L_0x5601e3bb57b0;  1 drivers
v0x5601e3b8ffc0_0 .net "Si", 0 0, L_0x5601e3bb54b0;  1 drivers
S_0x5601e3b90110 .scope module, "t1[3]" "triangle" 3 36, 7 21 0, S_0x5601e3ae6240;
 .timescale -9 -12;
    .port_info 0 /INPUT 1 "Pi"
    .port_info 1 /INPUT 1 "Cprev"
    .port_info 2 /OUTPUT 1 "Si"
L_0x5601e3bb5de0 .functor XOR 1, L_0x5601e3bb58a0, L_0x5601e3bb6f70, C4<0>, C4<0>;
v0x5601e3b90350_0 .net "Cprev", 0 0, L_0x5601e3bb6f70;  1 drivers
v0x5601e3b90430_0 .net "Pi", 0 0, L_0x5601e3bb58a0;  1 drivers
v0x5601e3b904f0_0 .net "Si", 0 0, L_0x5601e3bb5de0;  1 drivers
S_0x5601e3b90640 .scope module, "t1[4]" "triangle" 3 36, 7 21 0, S_0x5601e3ae6240;
 .timescale -9 -12;
    .port_info 0 /INPUT 1 "Pi"
    .port_info 1 /INPUT 1 "Cprev"
    .port_info 2 /OUTPUT 1 "Si"
L_0x5601e3bb5e50 .functor XOR 1, L_0x5601e3bb5a20, L_0x5601e3bb7060, C4<0>, C4<0>;
v0x5601e3b90880_0 .net "Cprev", 0 0, L_0x5601e3bb7060;  1 drivers
v0x5601e3b90960_0 .net "Pi", 0 0, L_0x5601e3bb5a20;  1 drivers
v0x5601e3b90a20_0 .net "Si", 0 0, L_0x5601e3bb5e50;  1 drivers
S_0x5601e3b90b70 .scope module, "t1[5]" "triangle" 3 36, 7 21 0, S_0x5601e3ae6240;
 .timescale -9 -12;
    .port_info 0 /INPUT 1 "Pi"
    .port_info 1 /INPUT 1 "Cprev"
    .port_info 2 /OUTPUT 1 "Si"
L_0x5601e3bb5ec0 .functor XOR 1, L_0x5601e3bb5ac0, L_0x5601e3bb7100, C4<0>, C4<0>;
v0x5601e3b90db0_0 .net "Cprev", 0 0, L_0x5601e3bb7100;  1 drivers
v0x5601e3b90e90_0 .net "Pi", 0 0, L_0x5601e3bb5ac0;  1 drivers
v0x5601e3b90f50_0 .net "Si", 0 0, L_0x5601e3bb5ec0;  1 drivers
S_0x5601e3b910a0 .scope module, "t1[6]" "triangle" 3 36, 7 21 0, S_0x5601e3ae6240;
 .timescale -9 -12;
    .port_info 0 /INPUT 1 "Pi"
    .port_info 1 /INPUT 1 "Cprev"
    .port_info 2 /OUTPUT 1 "Si"
L_0x5601e3bb5f30 .functor XOR 1, L_0x5601e3bb5bb0, L_0x5601e3bb71f0, C4<0>, C4<0>;
v0x5601e3b912e0_0 .net "Cprev", 0 0, L_0x5601e3bb71f0;  1 drivers
v0x5601e3b913c0_0 .net "Pi", 0 0, L_0x5601e3bb5bb0;  1 drivers
v0x5601e3b91480_0 .net "Si", 0 0, L_0x5601e3bb5f30;  1 drivers
S_0x5601e3b915d0 .scope module, "t1[7]" "triangle" 3 36, 7 21 0, S_0x5601e3ae6240;
 .timescale -9 -12;
    .port_info 0 /INPUT 1 "Pi"
    .port_info 1 /INPUT 1 "Cprev"
    .port_info 2 /OUTPUT 1 "Si"
L_0x5601e3bb5fa0 .functor XOR 1, L_0x5601e3bb5ca0, L_0x5601e3bb72e0, C4<0>, C4<0>;
v0x5601e3b91810_0 .net "Cprev", 0 0, L_0x5601e3bb72e0;  1 drivers
v0x5601e3b918f0_0 .net "Pi", 0 0, L_0x5601e3bb5ca0;  1 drivers
v0x5601e3b919b0_0 .net "Si", 0 0, L_0x5601e3bb5fa0;  1 drivers
S_0x5601e3b91b00 .scope module, "t1[8]" "triangle" 3 36, 7 21 0, S_0x5601e3ae6240;
 .timescale -9 -12;
    .port_info 0 /INPUT 1 "Pi"
    .port_info 1 /INPUT 1 "Cprev"
    .port_info 2 /OUTPUT 1 "Si"
L_0x5601e3bb6010 .functor XOR 1, L_0x5601e3bb6ca0, L_0x5601e3bb73d0, C4<0>, C4<0>;
v0x5601e3b91d40_0 .net "Cprev", 0 0, L_0x5601e3bb73d0;  1 drivers
v0x5601e3b91e20_0 .net "Pi", 0 0, L_0x5601e3bb6ca0;  1 drivers
v0x5601e3b91ee0_0 .net "Si", 0 0, L_0x5601e3bb6010;  1 drivers
S_0x5601e3b92030 .scope module, "t1[9]" "triangle" 3 36, 7 21 0, S_0x5601e3ae6240;
 .timescale -9 -12;
    .port_info 0 /INPUT 1 "Pi"
    .port_info 1 /INPUT 1 "Cprev"
    .port_info 2 /OUTPUT 1 "Si"
L_0x5601e3bb6080 .functor XOR 1, L_0x5601e3bb6430, L_0x5601e3bb7ee0, C4<0>, C4<0>;
v0x5601e3b92270_0 .net "Cprev", 0 0, L_0x5601e3bb7ee0;  1 drivers
v0x5601e3b92350_0 .net "Pi", 0 0, L_0x5601e3bb6430;  1 drivers
v0x5601e3b92410_0 .net "Si", 0 0, L_0x5601e3bb6080;  1 drivers
S_0x5601e3b92560 .scope module, "t1[10]" "triangle" 3 36, 7 21 0, S_0x5601e3ae6240;
 .timescale -9 -12;
    .port_info 0 /INPUT 1 "Pi"
    .port_info 1 /INPUT 1 "Cprev"
    .port_info 2 /OUTPUT 1 "Si"
L_0x5601e3bb60f0 .functor XOR 1, L_0x5601e3bb6520, L_0x5601e3bb7f80, C4<0>, C4<0>;
v0x5601e3b927a0_0 .net "Cprev", 0 0, L_0x5601e3bb7f80;  1 drivers
v0x5601e3b92880_0 .net "Pi", 0 0, L_0x5601e3bb6520;  1 drivers
v0x5601e3b92940_0 .net "Si", 0 0, L_0x5601e3bb60f0;  1 drivers
S_0x5601e3b92a90 .scope module, "t1[11]" "triangle" 3 36, 7 21 0, S_0x5601e3ae6240;
 .timescale -9 -12;
    .port_info 0 /INPUT 1 "Pi"
    .port_info 1 /INPUT 1 "Cprev"
    .port_info 2 /OUTPUT 1 "Si"
L_0x5601e3bb6160 .functor XOR 1, L_0x5601e3bb6610, L_0x5601e3bb76f0, C4<0>, C4<0>;
v0x5601e3b92cd0_0 .net "Cprev", 0 0, L_0x5601e3bb76f0;  1 drivers
v0x5601e3b92db0_0 .net "Pi", 0 0, L_0x5601e3bb6610;  1 drivers
v0x5601e3b92e70_0 .net "Si", 0 0, L_0x5601e3bb6160;  1 drivers
S_0x5601e3b92fc0 .scope module, "t1[12]" "triangle" 3 36, 7 21 0, S_0x5601e3ae6240;
 .timescale -9 -12;
    .port_info 0 /INPUT 1 "Pi"
    .port_info 1 /INPUT 1 "Cprev"
    .port_info 2 /OUTPUT 1 "Si"
L_0x5601e3bb61d0 .functor XOR 1, L_0x5601e3bb6700, L_0x5601e3bb77e0, C4<0>, C4<0>;
v0x5601e3b93200_0 .net "Cprev", 0 0, L_0x5601e3bb77e0;  1 drivers
v0x5601e3b932e0_0 .net "Pi", 0 0, L_0x5601e3bb6700;  1 drivers
v0x5601e3b933a0_0 .net "Si", 0 0, L_0x5601e3bb61d0;  1 drivers
S_0x5601e3b934f0 .scope module, "t1[13]" "triangle" 3 36, 7 21 0, S_0x5601e3ae6240;
 .timescale -9 -12;
    .port_info 0 /INPUT 1 "Pi"
    .port_info 1 /INPUT 1 "Cprev"
    .port_info 2 /OUTPUT 1 "Si"
L_0x5601e3bb6240 .functor XOR 1, L_0x5601e3bb67f0, L_0x5601e3bb78d0, C4<0>, C4<0>;
v0x5601e3b93730_0 .net "Cprev", 0 0, L_0x5601e3bb78d0;  1 drivers
v0x5601e3b93810_0 .net "Pi", 0 0, L_0x5601e3bb67f0;  1 drivers
v0x5601e3b938d0_0 .net "Si", 0 0, L_0x5601e3bb6240;  1 drivers
S_0x5601e3b93a20 .scope module, "t1[14]" "triangle" 3 36, 7 21 0, S_0x5601e3ae6240;
 .timescale -9 -12;
    .port_info 0 /INPUT 1 "Pi"
    .port_info 1 /INPUT 1 "Cprev"
    .port_info 2 /OUTPUT 1 "Si"
L_0x5601e3bb62b0 .functor XOR 1, L_0x5601e3bb68e0, L_0x5601e3bb79c0, C4<0>, C4<0>;
v0x5601e3b93c60_0 .net "Cprev", 0 0, L_0x5601e3bb79c0;  1 drivers
v0x5601e3b93d40_0 .net "Pi", 0 0, L_0x5601e3bb68e0;  1 drivers
v0x5601e3b93e00_0 .net "Si", 0 0, L_0x5601e3bb62b0;  1 drivers
S_0x5601e3b93f50 .scope module, "t1[15]" "triangle" 3 36, 7 21 0, S_0x5601e3ae6240;
 .timescale -9 -12;
    .port_info 0 /INPUT 1 "Pi"
    .port_info 1 /INPUT 1 "Cprev"
    .port_info 2 /OUTPUT 1 "Si"
L_0x5601e3bb6320 .functor XOR 1, L_0x5601e3bb69d0, L_0x5601e3bb7ab0, C4<0>, C4<0>;
v0x5601e3b94190_0 .net "Cprev", 0 0, L_0x5601e3bb7ab0;  1 drivers
v0x5601e3b94270_0 .net "Pi", 0 0, L_0x5601e3bb69d0;  1 drivers
v0x5601e3b94330_0 .net "Si", 0 0, L_0x5601e3bb6320;  1 drivers
    .scope S_0x5601e3ae60c0;
T_0 ;
    %vpi_call 2 12 "$dumpfile", "koggeStoneAdder.vcd" {0 0 0};
    %vpi_call 2 13 "$dumpvars", 32'sb00000000000000000000000000000000, S_0x5601e3ae60c0 {0 0 0};
    %end;
    .thread T_0;
    .scope S_0x5601e3ae60c0;
T_1 ;
    %delay 10000, 0;
    %delay 10000, 0;
    %pushi/vec4 15, 0, 16;
    %store/vec4 v0x5601e3b96450_0, 0, 16;
    %pushi/vec4 8, 0, 16;
    %store/vec4 v0x5601e3b96510_0, 0, 16;
    %delay 10000, 0;
    %delay 10000, 0;
    %pushi/vec4 200, 0, 16;
    %store/vec4 v0x5601e3b96450_0, 0, 16;
    %pushi/vec4 490, 0, 16;
    %store/vec4 v0x5601e3b96510_0, 0, 16;
    %delay 10000, 0;
    %delay 10000, 0;
    %pushi/vec4 1981, 0, 16;
    %store/vec4 v0x5601e3b96450_0, 0, 16;
    %pushi/vec4 5196, 0, 16;
    %store/vec4 v0x5601e3b96510_0, 0, 16;
    %delay 10000, 0;
    %delay 10000, 0;
    %pushi/vec4 5158, 0, 16;
    %store/vec4 v0x5601e3b96450_0, 0, 16;
    %pushi/vec4 25000, 0, 16;
    %store/vec4 v0x5601e3b96510_0, 0, 16;
    %delay 10000, 0;
    %delay 10000, 0;
    %pushi/vec4 32768, 0, 16;
    %store/vec4 v0x5601e3b96450_0, 0, 16;
    %pushi/vec4 32767, 0, 16;
    %store/vec4 v0x5601e3b96510_0, 0, 16;
    %end;
    .thread T_1;
    .scope S_0x5601e3ae60c0;
T_2 ;
    %vpi_call 2 49 "$monitor", $time, "\011a=%d;\011b=%d;\011sum=%d;\012", v0x5601e3b96450_0, v0x5601e3b96510_0, v0x5601e3b966b0_0 {0 0 0};
    %end;
    .thread T_2;
# The file index is used to find the file name in the following table.
:file_names 8;
    "N/A";
    "<interactive>";
    "KS_tb.v";
    "./koggeStoneAdder.v";
    "./bigCircle.v";
    "./smallCircle.v";
    "./square.v";
    "./triangle.v";
