#! /usr/bin/vvp
:ivl_version "10.3 (stable)";
:ivl_delay_selection "TYPICAL";
:vpi_time_precision + 0;
:vpi_module "system";
:vpi_module "vhdl_sys";
:vpi_module "v2005_math";
:vpi_module "va_math";
S_0x5608e40bcde0 .scope module, "top" "top" 2 3;
 .timescale 0 0;
v0x5608e4111a10_0 .var "A", 31 0;
v0x5608e4111af0_0 .var "B", 31 0;
v0x5608e4111bc0_0 .net "Carry", 0 0, L_0x5608e411fbc0;  1 drivers
v0x5608e4111cc0_0 .net "Sum", 31 0, L_0x5608e411edc0;  1 drivers
v0x5608e4111d90_0 .var "iniC", 0 0;
S_0x5608e40bc9f0 .scope module, "cr" "CLA" 2 9, 3 2 0, S_0x5608e40bcde0;
 .timescale 0 0;
    .port_info 0 /INPUT 32 "A"
    .port_info 1 /INPUT 32 "B"
    .port_info 2 /OUTPUT 32 "Sum"
    .port_info 3 /INPUT 1 "iniC"
    .port_info 4 /OUTPUT 1 "Carry"
v0x5608e410f510_0 .net "A", 31 0, v0x5608e4111a10_0;  1 drivers
v0x5608e410f610_0 .net "B", 31 0, v0x5608e4111af0_0;  1 drivers
v0x5608e410f6f0_0 .net "Carry", 0 0, L_0x5608e411fbc0;  alias, 1 drivers
v0x5608e410f790_0 .var "Cin", 31 0;
v0x5608e410f870_0 .net "Sum", 31 0, L_0x5608e411edc0;  alias, 1 drivers
v0x5608e410f9a0_0 .var "access", 1 0;
v0x5608e410fa80_0 .var "i", 5 0;
v0x5608e410fb60_0 .var "inaccess1", 1 0;
v0x5608e410fc40_0 .var "inaccess2", 1 0;
v0x5608e410fd20_0 .net "iniC", 0 0, v0x5608e4111d90_0;  1 drivers
v0x5608e410fdc0_0 .var "j", 5 0;
v0x5608e410fe80_0 .var "k", 5 0;
v0x5608e410ff60 .array "kgp", 31 0, 1 0;
v0x5608e4110420 .array "kgp2", 31 0, 1 0;
v0x5608e41109f0 .array "kgp_t1", 31 0, 1 0;
v0x5608e4110fc0 .array "kgp_t2", 31 0, 1 0;
v0x5608e4111590_0 .var "m", 5 0;
v0x5608e4111780_0 .var "n", 5 0;
v0x5608e4111860_0 .var "o", 5 0;
E_0x5608e4081ab0/0 .event edge, v0x5608e410f510_0, v0x5608e410f610_0, v0x5608e40b1170_0, v0x5608e410f9a0_0;
v0x5608e410ff60_0 .array/port v0x5608e410ff60, 0;
v0x5608e410ff60_1 .array/port v0x5608e410ff60, 1;
v0x5608e410ff60_2 .array/port v0x5608e410ff60, 2;
E_0x5608e4081ab0/1 .event edge, v0x5608e4111860_0, v0x5608e410ff60_0, v0x5608e410ff60_1, v0x5608e410ff60_2;
v0x5608e410ff60_3 .array/port v0x5608e410ff60, 3;
v0x5608e410ff60_4 .array/port v0x5608e410ff60, 4;
v0x5608e410ff60_5 .array/port v0x5608e410ff60, 5;
v0x5608e410ff60_6 .array/port v0x5608e410ff60, 6;
E_0x5608e4081ab0/2 .event edge, v0x5608e410ff60_3, v0x5608e410ff60_4, v0x5608e410ff60_5, v0x5608e410ff60_6;
v0x5608e410ff60_7 .array/port v0x5608e410ff60, 7;
v0x5608e410ff60_8 .array/port v0x5608e410ff60, 8;
v0x5608e410ff60_9 .array/port v0x5608e410ff60, 9;
v0x5608e410ff60_10 .array/port v0x5608e410ff60, 10;
E_0x5608e4081ab0/3 .event edge, v0x5608e410ff60_7, v0x5608e410ff60_8, v0x5608e410ff60_9, v0x5608e410ff60_10;
v0x5608e410ff60_11 .array/port v0x5608e410ff60, 11;
v0x5608e410ff60_12 .array/port v0x5608e410ff60, 12;
v0x5608e410ff60_13 .array/port v0x5608e410ff60, 13;
v0x5608e410ff60_14 .array/port v0x5608e410ff60, 14;
E_0x5608e4081ab0/4 .event edge, v0x5608e410ff60_11, v0x5608e410ff60_12, v0x5608e410ff60_13, v0x5608e410ff60_14;
v0x5608e410ff60_15 .array/port v0x5608e410ff60, 15;
v0x5608e410ff60_16 .array/port v0x5608e410ff60, 16;
v0x5608e410ff60_17 .array/port v0x5608e410ff60, 17;
v0x5608e410ff60_18 .array/port v0x5608e410ff60, 18;
E_0x5608e4081ab0/5 .event edge, v0x5608e410ff60_15, v0x5608e410ff60_16, v0x5608e410ff60_17, v0x5608e410ff60_18;
v0x5608e410ff60_19 .array/port v0x5608e410ff60, 19;
v0x5608e410ff60_20 .array/port v0x5608e410ff60, 20;
v0x5608e410ff60_21 .array/port v0x5608e410ff60, 21;
v0x5608e410ff60_22 .array/port v0x5608e410ff60, 22;
E_0x5608e4081ab0/6 .event edge, v0x5608e410ff60_19, v0x5608e410ff60_20, v0x5608e410ff60_21, v0x5608e410ff60_22;
v0x5608e410ff60_23 .array/port v0x5608e410ff60, 23;
v0x5608e410ff60_24 .array/port v0x5608e410ff60, 24;
v0x5608e410ff60_25 .array/port v0x5608e410ff60, 25;
v0x5608e410ff60_26 .array/port v0x5608e410ff60, 26;
E_0x5608e4081ab0/7 .event edge, v0x5608e410ff60_23, v0x5608e410ff60_24, v0x5608e410ff60_25, v0x5608e410ff60_26;
v0x5608e410ff60_27 .array/port v0x5608e410ff60, 27;
v0x5608e410ff60_28 .array/port v0x5608e410ff60, 28;
v0x5608e410ff60_29 .array/port v0x5608e410ff60, 29;
v0x5608e410ff60_30 .array/port v0x5608e410ff60, 30;
E_0x5608e4081ab0/8 .event edge, v0x5608e410ff60_27, v0x5608e410ff60_28, v0x5608e410ff60_29, v0x5608e410ff60_30;
v0x5608e410ff60_31 .array/port v0x5608e410ff60, 31;
E_0x5608e4081ab0/9 .event edge, v0x5608e410ff60_31, v0x5608e4111780_0, v0x5608e410fa80_0, v0x5608e410fdc0_0;
v0x5608e41109f0_0 .array/port v0x5608e41109f0, 0;
v0x5608e41109f0_1 .array/port v0x5608e41109f0, 1;
v0x5608e41109f0_2 .array/port v0x5608e41109f0, 2;
v0x5608e41109f0_3 .array/port v0x5608e41109f0, 3;
E_0x5608e4081ab0/10 .event edge, v0x5608e41109f0_0, v0x5608e41109f0_1, v0x5608e41109f0_2, v0x5608e41109f0_3;
v0x5608e41109f0_4 .array/port v0x5608e41109f0, 4;
v0x5608e41109f0_5 .array/port v0x5608e41109f0, 5;
v0x5608e41109f0_6 .array/port v0x5608e41109f0, 6;
v0x5608e41109f0_7 .array/port v0x5608e41109f0, 7;
E_0x5608e4081ab0/11 .event edge, v0x5608e41109f0_4, v0x5608e41109f0_5, v0x5608e41109f0_6, v0x5608e41109f0_7;
v0x5608e41109f0_8 .array/port v0x5608e41109f0, 8;
v0x5608e41109f0_9 .array/port v0x5608e41109f0, 9;
v0x5608e41109f0_10 .array/port v0x5608e41109f0, 10;
v0x5608e41109f0_11 .array/port v0x5608e41109f0, 11;
E_0x5608e4081ab0/12 .event edge, v0x5608e41109f0_8, v0x5608e41109f0_9, v0x5608e41109f0_10, v0x5608e41109f0_11;
v0x5608e41109f0_12 .array/port v0x5608e41109f0, 12;
v0x5608e41109f0_13 .array/port v0x5608e41109f0, 13;
v0x5608e41109f0_14 .array/port v0x5608e41109f0, 14;
v0x5608e41109f0_15 .array/port v0x5608e41109f0, 15;
E_0x5608e4081ab0/13 .event edge, v0x5608e41109f0_12, v0x5608e41109f0_13, v0x5608e41109f0_14, v0x5608e41109f0_15;
v0x5608e41109f0_16 .array/port v0x5608e41109f0, 16;
v0x5608e41109f0_17 .array/port v0x5608e41109f0, 17;
v0x5608e41109f0_18 .array/port v0x5608e41109f0, 18;
v0x5608e41109f0_19 .array/port v0x5608e41109f0, 19;
E_0x5608e4081ab0/14 .event edge, v0x5608e41109f0_16, v0x5608e41109f0_17, v0x5608e41109f0_18, v0x5608e41109f0_19;
v0x5608e41109f0_20 .array/port v0x5608e41109f0, 20;
v0x5608e41109f0_21 .array/port v0x5608e41109f0, 21;
v0x5608e41109f0_22 .array/port v0x5608e41109f0, 22;
v0x5608e41109f0_23 .array/port v0x5608e41109f0, 23;
E_0x5608e4081ab0/15 .event edge, v0x5608e41109f0_20, v0x5608e41109f0_21, v0x5608e41109f0_22, v0x5608e41109f0_23;
v0x5608e41109f0_24 .array/port v0x5608e41109f0, 24;
v0x5608e41109f0_25 .array/port v0x5608e41109f0, 25;
v0x5608e41109f0_26 .array/port v0x5608e41109f0, 26;
v0x5608e41109f0_27 .array/port v0x5608e41109f0, 27;
E_0x5608e4081ab0/16 .event edge, v0x5608e41109f0_24, v0x5608e41109f0_25, v0x5608e41109f0_26, v0x5608e41109f0_27;
v0x5608e41109f0_28 .array/port v0x5608e41109f0, 28;
v0x5608e41109f0_29 .array/port v0x5608e41109f0, 29;
v0x5608e41109f0_30 .array/port v0x5608e41109f0, 30;
v0x5608e41109f0_31 .array/port v0x5608e41109f0, 31;
E_0x5608e4081ab0/17 .event edge, v0x5608e41109f0_28, v0x5608e41109f0_29, v0x5608e41109f0_30, v0x5608e41109f0_31;
v0x5608e4110fc0_0 .array/port v0x5608e4110fc0, 0;
v0x5608e4110fc0_1 .array/port v0x5608e4110fc0, 1;
v0x5608e4110fc0_2 .array/port v0x5608e4110fc0, 2;
v0x5608e4110fc0_3 .array/port v0x5608e4110fc0, 3;
E_0x5608e4081ab0/18 .event edge, v0x5608e4110fc0_0, v0x5608e4110fc0_1, v0x5608e4110fc0_2, v0x5608e4110fc0_3;
v0x5608e4110fc0_4 .array/port v0x5608e4110fc0, 4;
v0x5608e4110fc0_5 .array/port v0x5608e4110fc0, 5;
v0x5608e4110fc0_6 .array/port v0x5608e4110fc0, 6;
v0x5608e4110fc0_7 .array/port v0x5608e4110fc0, 7;
E_0x5608e4081ab0/19 .event edge, v0x5608e4110fc0_4, v0x5608e4110fc0_5, v0x5608e4110fc0_6, v0x5608e4110fc0_7;
v0x5608e4110fc0_8 .array/port v0x5608e4110fc0, 8;
v0x5608e4110fc0_9 .array/port v0x5608e4110fc0, 9;
v0x5608e4110fc0_10 .array/port v0x5608e4110fc0, 10;
v0x5608e4110fc0_11 .array/port v0x5608e4110fc0, 11;
E_0x5608e4081ab0/20 .event edge, v0x5608e4110fc0_8, v0x5608e4110fc0_9, v0x5608e4110fc0_10, v0x5608e4110fc0_11;
v0x5608e4110fc0_12 .array/port v0x5608e4110fc0, 12;
v0x5608e4110fc0_13 .array/port v0x5608e4110fc0, 13;
v0x5608e4110fc0_14 .array/port v0x5608e4110fc0, 14;
v0x5608e4110fc0_15 .array/port v0x5608e4110fc0, 15;
E_0x5608e4081ab0/21 .event edge, v0x5608e4110fc0_12, v0x5608e4110fc0_13, v0x5608e4110fc0_14, v0x5608e4110fc0_15;
v0x5608e4110fc0_16 .array/port v0x5608e4110fc0, 16;
v0x5608e4110fc0_17 .array/port v0x5608e4110fc0, 17;
v0x5608e4110fc0_18 .array/port v0x5608e4110fc0, 18;
v0x5608e4110fc0_19 .array/port v0x5608e4110fc0, 19;
E_0x5608e4081ab0/22 .event edge, v0x5608e4110fc0_16, v0x5608e4110fc0_17, v0x5608e4110fc0_18, v0x5608e4110fc0_19;
v0x5608e4110fc0_20 .array/port v0x5608e4110fc0, 20;
v0x5608e4110fc0_21 .array/port v0x5608e4110fc0, 21;
v0x5608e4110fc0_22 .array/port v0x5608e4110fc0, 22;
v0x5608e4110fc0_23 .array/port v0x5608e4110fc0, 23;
E_0x5608e4081ab0/23 .event edge, v0x5608e4110fc0_20, v0x5608e4110fc0_21, v0x5608e4110fc0_22, v0x5608e4110fc0_23;
v0x5608e4110fc0_24 .array/port v0x5608e4110fc0, 24;
v0x5608e4110fc0_25 .array/port v0x5608e4110fc0, 25;
v0x5608e4110fc0_26 .array/port v0x5608e4110fc0, 26;
v0x5608e4110fc0_27 .array/port v0x5608e4110fc0, 27;
E_0x5608e4081ab0/24 .event edge, v0x5608e4110fc0_24, v0x5608e4110fc0_25, v0x5608e4110fc0_26, v0x5608e4110fc0_27;
v0x5608e4110fc0_28 .array/port v0x5608e4110fc0, 28;
v0x5608e4110fc0_29 .array/port v0x5608e4110fc0, 29;
v0x5608e4110fc0_30 .array/port v0x5608e4110fc0, 30;
v0x5608e4110fc0_31 .array/port v0x5608e4110fc0, 31;
E_0x5608e4081ab0/25 .event edge, v0x5608e4110fc0_28, v0x5608e4110fc0_29, v0x5608e4110fc0_30, v0x5608e4110fc0_31;
v0x5608e4110420_0 .array/port v0x5608e4110420, 0;
v0x5608e4110420_1 .array/port v0x5608e4110420, 1;
E_0x5608e4081ab0/26 .event edge, v0x5608e410fb60_0, v0x5608e410fc40_0, v0x5608e4110420_0, v0x5608e4110420_1;
v0x5608e4110420_2 .array/port v0x5608e4110420, 2;
v0x5608e4110420_3 .array/port v0x5608e4110420, 3;
v0x5608e4110420_4 .array/port v0x5608e4110420, 4;
v0x5608e4110420_5 .array/port v0x5608e4110420, 5;
E_0x5608e4081ab0/27 .event edge, v0x5608e4110420_2, v0x5608e4110420_3, v0x5608e4110420_4, v0x5608e4110420_5;
v0x5608e4110420_6 .array/port v0x5608e4110420, 6;
v0x5608e4110420_7 .array/port v0x5608e4110420, 7;
v0x5608e4110420_8 .array/port v0x5608e4110420, 8;
v0x5608e4110420_9 .array/port v0x5608e4110420, 9;
E_0x5608e4081ab0/28 .event edge, v0x5608e4110420_6, v0x5608e4110420_7, v0x5608e4110420_8, v0x5608e4110420_9;
v0x5608e4110420_10 .array/port v0x5608e4110420, 10;
v0x5608e4110420_11 .array/port v0x5608e4110420, 11;
v0x5608e4110420_12 .array/port v0x5608e4110420, 12;
v0x5608e4110420_13 .array/port v0x5608e4110420, 13;
E_0x5608e4081ab0/29 .event edge, v0x5608e4110420_10, v0x5608e4110420_11, v0x5608e4110420_12, v0x5608e4110420_13;
v0x5608e4110420_14 .array/port v0x5608e4110420, 14;
v0x5608e4110420_15 .array/port v0x5608e4110420, 15;
v0x5608e4110420_16 .array/port v0x5608e4110420, 16;
v0x5608e4110420_17 .array/port v0x5608e4110420, 17;
E_0x5608e4081ab0/30 .event edge, v0x5608e4110420_14, v0x5608e4110420_15, v0x5608e4110420_16, v0x5608e4110420_17;
v0x5608e4110420_18 .array/port v0x5608e4110420, 18;
v0x5608e4110420_19 .array/port v0x5608e4110420, 19;
v0x5608e4110420_20 .array/port v0x5608e4110420, 20;
v0x5608e4110420_21 .array/port v0x5608e4110420, 21;
E_0x5608e4081ab0/31 .event edge, v0x5608e4110420_18, v0x5608e4110420_19, v0x5608e4110420_20, v0x5608e4110420_21;
v0x5608e4110420_22 .array/port v0x5608e4110420, 22;
v0x5608e4110420_23 .array/port v0x5608e4110420, 23;
v0x5608e4110420_24 .array/port v0x5608e4110420, 24;
v0x5608e4110420_25 .array/port v0x5608e4110420, 25;
E_0x5608e4081ab0/32 .event edge, v0x5608e4110420_22, v0x5608e4110420_23, v0x5608e4110420_24, v0x5608e4110420_25;
v0x5608e4110420_26 .array/port v0x5608e4110420, 26;
v0x5608e4110420_27 .array/port v0x5608e4110420, 27;
v0x5608e4110420_28 .array/port v0x5608e4110420, 28;
v0x5608e4110420_29 .array/port v0x5608e4110420, 29;
E_0x5608e4081ab0/33 .event edge, v0x5608e4110420_26, v0x5608e4110420_27, v0x5608e4110420_28, v0x5608e4110420_29;
v0x5608e4110420_30 .array/port v0x5608e4110420, 30;
v0x5608e4110420_31 .array/port v0x5608e4110420, 31;
E_0x5608e4081ab0/34 .event edge, v0x5608e4110420_30, v0x5608e4110420_31, v0x5608e410fe80_0, v0x5608e4111590_0;
E_0x5608e4081ab0 .event/or E_0x5608e4081ab0/0, E_0x5608e4081ab0/1, E_0x5608e4081ab0/2, E_0x5608e4081ab0/3, E_0x5608e4081ab0/4, E_0x5608e4081ab0/5, E_0x5608e4081ab0/6, E_0x5608e4081ab0/7, E_0x5608e4081ab0/8, E_0x5608e4081ab0/9, E_0x5608e4081ab0/10, E_0x5608e4081ab0/11, E_0x5608e4081ab0/12, E_0x5608e4081ab0/13, E_0x5608e4081ab0/14, E_0x5608e4081ab0/15, E_0x5608e4081ab0/16, E_0x5608e4081ab0/17, E_0x5608e4081ab0/18, E_0x5608e4081ab0/19, E_0x5608e4081ab0/20, E_0x5608e4081ab0/21, E_0x5608e4081ab0/22, E_0x5608e4081ab0/23, E_0x5608e4081ab0/24, E_0x5608e4081ab0/25, E_0x5608e4081ab0/26, E_0x5608e4081ab0/27, E_0x5608e4081ab0/28, E_0x5608e4081ab0/29, E_0x5608e4081ab0/30, E_0x5608e4081ab0/31, E_0x5608e4081ab0/32, E_0x5608e4081ab0/33, E_0x5608e4081ab0/34;
L_0x5608e4112010 .part v0x5608e4111a10_0, 0, 1;
L_0x5608e4112150 .part v0x5608e4111af0_0, 0, 1;
L_0x5608e41123c0 .part v0x5608e4111a10_0, 1, 1;
L_0x5608e41124b0 .part v0x5608e4111af0_0, 1, 1;
L_0x5608e41125d0 .part v0x5608e410f790_0, 0, 1;
L_0x5608e4112820 .part v0x5608e4111a10_0, 2, 1;
L_0x5608e4112950 .part v0x5608e4111af0_0, 2, 1;
L_0x5608e41129f0 .part v0x5608e410f790_0, 1, 1;
L_0x5608e4112c60 .part v0x5608e4111a10_0, 3, 1;
L_0x5608e4112d50 .part v0x5608e4111af0_0, 3, 1;
L_0x5608e4112ea0 .part v0x5608e410f790_0, 2, 1;
L_0x5608e4113070 .part v0x5608e4111a10_0, 4, 1;
L_0x5608e41131d0 .part v0x5608e4111af0_0, 4, 1;
L_0x5608e41132c0 .part v0x5608e410f790_0, 3, 1;
L_0x5608e4113560 .part v0x5608e4111a10_0, 5, 1;
L_0x5608e4113650 .part v0x5608e4111af0_0, 5, 1;
L_0x5608e41137d0 .part v0x5608e410f790_0, 4, 1;
L_0x5608e4113a20 .part v0x5608e4111a10_0, 6, 1;
L_0x5608e4113cc0 .part v0x5608e4111af0_0, 6, 1;
L_0x5608e4113ec0 .part v0x5608e410f790_0, 5, 1;
L_0x5608e4113c20 .part v0x5608e4111a10_0, 7, 1;
L_0x5608e4114210 .part v0x5608e4111af0_0, 7, 1;
L_0x5608e41143c0 .part v0x5608e410f790_0, 6, 1;
L_0x5608e4114610 .part v0x5608e4111a10_0, 8, 1;
L_0x5608e41147d0 .part v0x5608e4111af0_0, 8, 1;
L_0x5608e41148c0 .part v0x5608e410f790_0, 7, 1;
L_0x5608e4114d00 .part v0x5608e4111a10_0, 9, 1;
L_0x5608e4114df0 .part v0x5608e4111af0_0, 9, 1;
L_0x5608e4114fd0 .part v0x5608e410f790_0, 8, 1;
L_0x5608e4115220 .part v0x5608e4111a10_0, 10, 1;
L_0x5608e4115410 .part v0x5608e4111af0_0, 10, 1;
L_0x5608e4115500 .part v0x5608e410f790_0, 9, 1;
L_0x5608e4115860 .part v0x5608e4111a10_0, 11, 1;
L_0x5608e4115950 .part v0x5608e4111af0_0, 11, 1;
L_0x5608e4115b60 .part v0x5608e410f790_0, 10, 1;
L_0x5608e4115db0 .part v0x5608e4111a10_0, 12, 1;
L_0x5608e4115a40 .part v0x5608e4111af0_0, 12, 1;
L_0x5608e4115fd0 .part v0x5608e410f790_0, 11, 1;
L_0x5608e4116330 .part v0x5608e4111a10_0, 13, 1;
L_0x5608e4116420 .part v0x5608e4111af0_0, 13, 1;
L_0x5608e4116660 .part v0x5608e410f790_0, 12, 1;
L_0x5608e41168b0 .part v0x5608e4111a10_0, 14, 1;
L_0x5608e4116b00 .part v0x5608e4111af0_0, 14, 1;
L_0x5608e4116bf0 .part v0x5608e410f790_0, 13, 1;
L_0x5608e4116fb0 .part v0x5608e4111a10_0, 15, 1;
L_0x5608e41170a0 .part v0x5608e4111af0_0, 15, 1;
L_0x5608e4117310 .part v0x5608e410f790_0, 14, 1;
L_0x5608e4117560 .part v0x5608e4111a10_0, 16, 1;
L_0x5608e41177e0 .part v0x5608e4111af0_0, 16, 1;
L_0x5608e41178d0 .part v0x5608e410f790_0, 15, 1;
L_0x5608e4117cc0 .part v0x5608e4111a10_0, 17, 1;
L_0x5608e4117db0 .part v0x5608e4111af0_0, 17, 1;
L_0x5608e4118050 .part v0x5608e410f790_0, 16, 1;
L_0x5608e41182a0 .part v0x5608e4111a10_0, 18, 1;
L_0x5608e4118550 .part v0x5608e4111af0_0, 18, 1;
L_0x5608e4118640 .part v0x5608e410f790_0, 17, 1;
L_0x5608e4118a60 .part v0x5608e4111a10_0, 19, 1;
L_0x5608e4118b50 .part v0x5608e4111af0_0, 19, 1;
L_0x5608e4118e20 .part v0x5608e410f790_0, 18, 1;
L_0x5608e4119070 .part v0x5608e4111a10_0, 20, 1;
L_0x5608e4119350 .part v0x5608e4111af0_0, 20, 1;
L_0x5608e4119440 .part v0x5608e410f790_0, 19, 1;
L_0x5608e4119890 .part v0x5608e4111a10_0, 21, 1;
L_0x5608e4119980 .part v0x5608e4111af0_0, 21, 1;
L_0x5608e4119c80 .part v0x5608e410f790_0, 20, 1;
L_0x5608e4119ed0 .part v0x5608e4111a10_0, 22, 1;
L_0x5608e411a1e0 .part v0x5608e4111af0_0, 22, 1;
L_0x5608e411a2d0 .part v0x5608e410f790_0, 21, 1;
L_0x5608e411a750 .part v0x5608e4111a10_0, 23, 1;
L_0x5608e411a840 .part v0x5608e4111af0_0, 23, 1;
L_0x5608e411ab70 .part v0x5608e410f790_0, 22, 1;
L_0x5608e411adc0 .part v0x5608e4111a10_0, 24, 1;
L_0x5608e411b100 .part v0x5608e4111af0_0, 24, 1;
L_0x5608e411b1f0 .part v0x5608e410f790_0, 23, 1;
L_0x5608e411b6a0 .part v0x5608e4111a10_0, 25, 1;
L_0x5608e411b790 .part v0x5608e4111af0_0, 25, 1;
L_0x5608e411baf0 .part v0x5608e410f790_0, 24, 1;
L_0x5608e411bd40 .part v0x5608e4111a10_0, 26, 1;
L_0x5608e411c0b0 .part v0x5608e4111af0_0, 26, 1;
L_0x5608e411c1a0 .part v0x5608e410f790_0, 25, 1;
L_0x5608e411c680 .part v0x5608e4111a10_0, 27, 1;
L_0x5608e411c770 .part v0x5608e4111af0_0, 27, 1;
L_0x5608e411cb00 .part v0x5608e410f790_0, 26, 1;
L_0x5608e411cd50 .part v0x5608e4111a10_0, 28, 1;
L_0x5608e411d0f0 .part v0x5608e4111af0_0, 28, 1;
L_0x5608e411d1e0 .part v0x5608e410f790_0, 27, 1;
L_0x5608e411d6f0 .part v0x5608e4111a10_0, 29, 1;
L_0x5608e411d7e0 .part v0x5608e4111af0_0, 29, 1;
L_0x5608e411dba0 .part v0x5608e410f790_0, 28, 1;
L_0x5608e411ddf0 .part v0x5608e4111a10_0, 30, 1;
L_0x5608e411e1c0 .part v0x5608e4111af0_0, 30, 1;
L_0x5608e411e2b0 .part v0x5608e410f790_0, 29, 1;
L_0x5608e411e7f0 .part v0x5608e4111a10_0, 31, 1;
L_0x5608e411e8e0 .part v0x5608e4111af0_0, 31, 1;
L_0x5608e411ecd0 .part v0x5608e410f790_0, 30, 1;
LS_0x5608e411edc0_0_0 .concat8 [ 1 1 1 1], L_0x5608e4111f20, L_0x5608e4112300, L_0x5608e4112730, L_0x5608e4112ba0;
LS_0x5608e411edc0_0_4 .concat8 [ 1 1 1 1], L_0x5608e4112fb0, L_0x5608e41134c0, L_0x5608e4113930, L_0x5608e41140d0;
LS_0x5608e411edc0_0_8 .concat8 [ 1 1 1 1], L_0x5608e4114520, L_0x5608e4114c10, L_0x5608e4115130, L_0x5608e4115770;
LS_0x5608e411edc0_0_12 .concat8 [ 1 1 1 1], L_0x5608e4115cc0, L_0x5608e4116270, L_0x5608e41167c0, L_0x5608e4116ec0;
LS_0x5608e411edc0_0_16 .concat8 [ 1 1 1 1], L_0x5608e4117470, L_0x5608e4117bd0, L_0x5608e41181b0, L_0x5608e4118970;
LS_0x5608e411edc0_0_20 .concat8 [ 1 1 1 1], L_0x5608e4118f80, L_0x5608e41197a0, L_0x5608e4119de0, L_0x5608e411a660;
LS_0x5608e411edc0_0_24 .concat8 [ 1 1 1 1], L_0x5608e411acd0, L_0x5608e411b5b0, L_0x5608e411bc50, L_0x5608e411c590;
LS_0x5608e411edc0_0_28 .concat8 [ 1 1 1 1], L_0x5608e411cc60, L_0x5608e411d600, L_0x5608e411dd00, L_0x5608e411e700;
LS_0x5608e411edc0_1_0 .concat8 [ 4 4 4 4], LS_0x5608e411edc0_0_0, LS_0x5608e411edc0_0_4, LS_0x5608e411edc0_0_8, LS_0x5608e411edc0_0_12;
LS_0x5608e411edc0_1_4 .concat8 [ 4 4 4 4], LS_0x5608e411edc0_0_16, LS_0x5608e411edc0_0_20, LS_0x5608e411edc0_0_24, LS_0x5608e411edc0_0_28;
L_0x5608e411edc0 .concat8 [ 16 16 0 0], LS_0x5608e411edc0_1_0, LS_0x5608e411edc0_1_4;
L_0x5608e411fbc0 .part v0x5608e410f790_0, 31, 1;
S_0x5608e40bc610 .scope module, "f1" "FullAdder" 3 93, 4 1 0, S_0x5608e40bc9f0;
 .timescale 0 0;
    .port_info 0 /INPUT 1 "A"
    .port_info 1 /INPUT 1 "B"
    .port_info 2 /INPUT 1 "Cin"
    .port_info 3 /OUTPUT 1 "Sum"
L_0x5608e4111e80 .functor XOR 1, L_0x5608e4112010, L_0x5608e4112150, C4<0>, C4<0>;
L_0x5608e4111f20 .functor XOR 1, L_0x5608e4111e80, v0x5608e4111d90_0, C4<0>, C4<0>;
v0x5608e40f00d0_0 .net "A", 0 0, L_0x5608e4112010;  1 drivers
v0x5608e40b2980_0 .net "B", 0 0, L_0x5608e4112150;  1 drivers
v0x5608e40b1170_0 .net "Cin", 0 0, v0x5608e4111d90_0;  alias, 1 drivers
v0x5608e40af960_0 .net "Sum", 0 0, L_0x5608e4111f20;  1 drivers
v0x5608e40ae150_0 .net *"_s0", 0 0, L_0x5608e4111e80;  1 drivers
S_0x5608e4101ad0 .scope module, "f10" "FullAdder" 3 102, 4 1 0, S_0x5608e40bc9f0;
 .timescale 0 0;
    .port_info 0 /INPUT 1 "A"
    .port_info 1 /INPUT 1 "B"
    .port_info 2 /INPUT 1 "Cin"
    .port_info 3 /OUTPUT 1 "Sum"
L_0x5608e4114ba0 .functor XOR 1, L_0x5608e4114d00, L_0x5608e4114df0, C4<0>, C4<0>;
L_0x5608e4114c10 .functor XOR 1, L_0x5608e4114ba0, L_0x5608e4114fd0, C4<0>, C4<0>;
v0x5608e40ac940_0 .net "A", 0 0, L_0x5608e4114d00;  1 drivers
v0x5608e40aaf90_0 .net "B", 0 0, L_0x5608e4114df0;  1 drivers
v0x5608e4101d00_0 .net "Cin", 0 0, L_0x5608e4114fd0;  1 drivers
v0x5608e4101da0_0 .net "Sum", 0 0, L_0x5608e4114c10;  1 drivers
v0x5608e4101e60_0 .net *"_s0", 0 0, L_0x5608e4114ba0;  1 drivers
S_0x5608e4102010 .scope module, "f11" "FullAdder" 3 103, 4 1 0, S_0x5608e40bc9f0;
 .timescale 0 0;
    .port_info 0 /INPUT 1 "A"
    .port_info 1 /INPUT 1 "B"
    .port_info 2 /INPUT 1 "Cin"
    .port_info 3 /OUTPUT 1 "Sum"
L_0x5608e41150c0 .functor XOR 1, L_0x5608e4115220, L_0x5608e4115410, C4<0>, C4<0>;
L_0x5608e4115130 .functor XOR 1, L_0x5608e41150c0, L_0x5608e4115500, C4<0>, C4<0>;
v0x5608e41021e0_0 .net "A", 0 0, L_0x5608e4115220;  1 drivers
v0x5608e41022a0_0 .net "B", 0 0, L_0x5608e4115410;  1 drivers
v0x5608e4102360_0 .net "Cin", 0 0, L_0x5608e4115500;  1 drivers
v0x5608e4102430_0 .net "Sum", 0 0, L_0x5608e4115130;  1 drivers
v0x5608e41024f0_0 .net *"_s0", 0 0, L_0x5608e41150c0;  1 drivers
S_0x5608e41026a0 .scope module, "f12" "FullAdder" 3 104, 4 1 0, S_0x5608e40bc9f0;
 .timescale 0 0;
    .port_info 0 /INPUT 1 "A"
    .port_info 1 /INPUT 1 "B"
    .port_info 2 /INPUT 1 "Cin"
    .port_info 3 /OUTPUT 1 "Sum"
L_0x5608e4115700 .functor XOR 1, L_0x5608e4115860, L_0x5608e4115950, C4<0>, C4<0>;
L_0x5608e4115770 .functor XOR 1, L_0x5608e4115700, L_0x5608e4115b60, C4<0>, C4<0>;
v0x5608e41028e0_0 .net "A", 0 0, L_0x5608e4115860;  1 drivers
v0x5608e41029c0_0 .net "B", 0 0, L_0x5608e4115950;  1 drivers
v0x5608e4102a80_0 .net "Cin", 0 0, L_0x5608e4115b60;  1 drivers
v0x5608e4102b50_0 .net "Sum", 0 0, L_0x5608e4115770;  1 drivers
v0x5608e4102c10_0 .net *"_s0", 0 0, L_0x5608e4115700;  1 drivers
S_0x5608e4102dc0 .scope module, "f13" "FullAdder" 3 105, 4 1 0, S_0x5608e40bc9f0;
 .timescale 0 0;
    .port_info 0 /INPUT 1 "A"
    .port_info 1 /INPUT 1 "B"
    .port_info 2 /INPUT 1 "Cin"
    .port_info 3 /OUTPUT 1 "Sum"
L_0x5608e4115c50 .functor XOR 1, L_0x5608e4115db0, L_0x5608e4115a40, C4<0>, C4<0>;
L_0x5608e4115cc0 .functor XOR 1, L_0x5608e4115c50, L_0x5608e4115fd0, C4<0>, C4<0>;
v0x5608e4103050_0 .net "A", 0 0, L_0x5608e4115db0;  1 drivers
v0x5608e4103130_0 .net "B", 0 0, L_0x5608e4115a40;  1 drivers
v0x5608e41031f0_0 .net "Cin", 0 0, L_0x5608e4115fd0;  1 drivers
v0x5608e4103290_0 .net "Sum", 0 0, L_0x5608e4115cc0;  1 drivers
v0x5608e4103350_0 .net *"_s0", 0 0, L_0x5608e4115c50;  1 drivers
S_0x5608e4103500 .scope module, "f14" "FullAdder" 3 106, 4 1 0, S_0x5608e40bc9f0;
 .timescale 0 0;
    .port_info 0 /INPUT 1 "A"
    .port_info 1 /INPUT 1 "B"
    .port_info 2 /INPUT 1 "Cin"
    .port_info 3 /OUTPUT 1 "Sum"
L_0x5608e4116200 .functor XOR 1, L_0x5608e4116330, L_0x5608e4116420, C4<0>, C4<0>;
L_0x5608e4116270 .functor XOR 1, L_0x5608e4116200, L_0x5608e4116660, C4<0>, C4<0>;
v0x5608e4103740_0 .net "A", 0 0, L_0x5608e4116330;  1 drivers
v0x5608e4103820_0 .net "B", 0 0, L_0x5608e4116420;  1 drivers
v0x5608e41038e0_0 .net "Cin", 0 0, L_0x5608e4116660;  1 drivers
v0x5608e41039b0_0 .net "Sum", 0 0, L_0x5608e4116270;  1 drivers
v0x5608e4103a70_0 .net *"_s0", 0 0, L_0x5608e4116200;  1 drivers
S_0x5608e4103c20 .scope module, "f15" "FullAdder" 3 107, 4 1 0, S_0x5608e40bc9f0;
 .timescale 0 0;
    .port_info 0 /INPUT 1 "A"
    .port_info 1 /INPUT 1 "B"
    .port_info 2 /INPUT 1 "Cin"
    .port_info 3 /OUTPUT 1 "Sum"
L_0x5608e4116750 .functor XOR 1, L_0x5608e41168b0, L_0x5608e4116b00, C4<0>, C4<0>;
L_0x5608e41167c0 .functor XOR 1, L_0x5608e4116750, L_0x5608e4116bf0, C4<0>, C4<0>;
v0x5608e4103e60_0 .net "A", 0 0, L_0x5608e41168b0;  1 drivers
v0x5608e4103f40_0 .net "B", 0 0, L_0x5608e4116b00;  1 drivers
v0x5608e4104000_0 .net "Cin", 0 0, L_0x5608e4116bf0;  1 drivers
v0x5608e41040d0_0 .net "Sum", 0 0, L_0x5608e41167c0;  1 drivers
v0x5608e4104190_0 .net *"_s0", 0 0, L_0x5608e4116750;  1 drivers
S_0x5608e4104340 .scope module, "f16" "FullAdder" 3 108, 4 1 0, S_0x5608e40bc9f0;
 .timescale 0 0;
    .port_info 0 /INPUT 1 "A"
    .port_info 1 /INPUT 1 "B"
    .port_info 2 /INPUT 1 "Cin"
    .port_info 3 /OUTPUT 1 "Sum"
L_0x5608e4116e50 .functor XOR 1, L_0x5608e4116fb0, L_0x5608e41170a0, C4<0>, C4<0>;
L_0x5608e4116ec0 .functor XOR 1, L_0x5608e4116e50, L_0x5608e4117310, C4<0>, C4<0>;
v0x5608e4104580_0 .net "A", 0 0, L_0x5608e4116fb0;  1 drivers
v0x5608e4104660_0 .net "B", 0 0, L_0x5608e41170a0;  1 drivers
v0x5608e4104720_0 .net "Cin", 0 0, L_0x5608e4117310;  1 drivers
v0x5608e41047f0_0 .net "Sum", 0 0, L_0x5608e4116ec0;  1 drivers
v0x5608e41048b0_0 .net *"_s0", 0 0, L_0x5608e4116e50;  1 drivers
S_0x5608e4104a60 .scope module, "f17" "FullAdder" 3 109, 4 1 0, S_0x5608e40bc9f0;
 .timescale 0 0;
    .port_info 0 /INPUT 1 "A"
    .port_info 1 /INPUT 1 "B"
    .port_info 2 /INPUT 1 "Cin"
    .port_info 3 /OUTPUT 1 "Sum"
L_0x5608e4117400 .functor XOR 1, L_0x5608e4117560, L_0x5608e41177e0, C4<0>, C4<0>;
L_0x5608e4117470 .functor XOR 1, L_0x5608e4117400, L_0x5608e41178d0, C4<0>, C4<0>;
v0x5608e4104ca0_0 .net "A", 0 0, L_0x5608e4117560;  1 drivers
v0x5608e4104d80_0 .net "B", 0 0, L_0x5608e41177e0;  1 drivers
v0x5608e4104e40_0 .net "Cin", 0 0, L_0x5608e41178d0;  1 drivers
v0x5608e4104f10_0 .net "Sum", 0 0, L_0x5608e4117470;  1 drivers
v0x5608e4104fd0_0 .net *"_s0", 0 0, L_0x5608e4117400;  1 drivers
S_0x5608e4105130 .scope module, "f18" "FullAdder" 3 110, 4 1 0, S_0x5608e40bc9f0;
 .timescale 0 0;
    .port_info 0 /INPUT 1 "A"
    .port_info 1 /INPUT 1 "B"
    .port_info 2 /INPUT 1 "Cin"
    .port_info 3 /OUTPUT 1 "Sum"
L_0x5608e4117b60 .functor XOR 1, L_0x5608e4117cc0, L_0x5608e4117db0, C4<0>, C4<0>;
L_0x5608e4117bd0 .functor XOR 1, L_0x5608e4117b60, L_0x5608e4118050, C4<0>, C4<0>;
v0x5608e4105370_0 .net "A", 0 0, L_0x5608e4117cc0;  1 drivers
v0x5608e4105450_0 .net "B", 0 0, L_0x5608e4117db0;  1 drivers
v0x5608e4105510_0 .net "Cin", 0 0, L_0x5608e4118050;  1 drivers
v0x5608e41055e0_0 .net "Sum", 0 0, L_0x5608e4117bd0;  1 drivers
v0x5608e41056a0_0 .net *"_s0", 0 0, L_0x5608e4117b60;  1 drivers
S_0x5608e4105850 .scope module, "f19" "FullAdder" 3 111, 4 1 0, S_0x5608e40bc9f0;
 .timescale 0 0;
    .port_info 0 /INPUT 1 "A"
    .port_info 1 /INPUT 1 "B"
    .port_info 2 /INPUT 1 "Cin"
    .port_info 3 /OUTPUT 1 "Sum"
L_0x5608e4118140 .functor XOR 1, L_0x5608e41182a0, L_0x5608e4118550, C4<0>, C4<0>;
L_0x5608e41181b0 .functor XOR 1, L_0x5608e4118140, L_0x5608e4118640, C4<0>, C4<0>;
v0x5608e4105a90_0 .net "A", 0 0, L_0x5608e41182a0;  1 drivers
v0x5608e4105b70_0 .net "B", 0 0, L_0x5608e4118550;  1 drivers
v0x5608e4105c30_0 .net "Cin", 0 0, L_0x5608e4118640;  1 drivers
v0x5608e4105d00_0 .net "Sum", 0 0, L_0x5608e41181b0;  1 drivers
v0x5608e4105dc0_0 .net *"_s0", 0 0, L_0x5608e4118140;  1 drivers
S_0x5608e4105f70 .scope module, "f2" "FullAdder" 3 94, 4 1 0, S_0x5608e40bc9f0;
 .timescale 0 0;
    .port_info 0 /INPUT 1 "A"
    .port_info 1 /INPUT 1 "B"
    .port_info 2 /INPUT 1 "Cin"
    .port_info 3 /OUTPUT 1 "Sum"
L_0x5608e4112290 .functor XOR 1, L_0x5608e41123c0, L_0x5608e41124b0, C4<0>, C4<0>;
L_0x5608e4112300 .functor XOR 1, L_0x5608e4112290, L_0x5608e41125d0, C4<0>, C4<0>;
v0x5608e41061b0_0 .net "A", 0 0, L_0x5608e41123c0;  1 drivers
v0x5608e4106290_0 .net "B", 0 0, L_0x5608e41124b0;  1 drivers
v0x5608e4106350_0 .net "Cin", 0 0, L_0x5608e41125d0;  1 drivers
v0x5608e4106420_0 .net "Sum", 0 0, L_0x5608e4112300;  1 drivers
v0x5608e41064e0_0 .net *"_s0", 0 0, L_0x5608e4112290;  1 drivers
S_0x5608e4106690 .scope module, "f20" "FullAdder" 3 112, 4 1 0, S_0x5608e40bc9f0;
 .timescale 0 0;
    .port_info 0 /INPUT 1 "A"
    .port_info 1 /INPUT 1 "B"
    .port_info 2 /INPUT 1 "Cin"
    .port_info 3 /OUTPUT 1 "Sum"
L_0x5608e4118900 .functor XOR 1, L_0x5608e4118a60, L_0x5608e4118b50, C4<0>, C4<0>;
L_0x5608e4118970 .functor XOR 1, L_0x5608e4118900, L_0x5608e4118e20, C4<0>, C4<0>;
v0x5608e41068d0_0 .net "A", 0 0, L_0x5608e4118a60;  1 drivers
v0x5608e41069b0_0 .net "B", 0 0, L_0x5608e4118b50;  1 drivers
v0x5608e4106a70_0 .net "Cin", 0 0, L_0x5608e4118e20;  1 drivers
v0x5608e4106b40_0 .net "Sum", 0 0, L_0x5608e4118970;  1 drivers
v0x5608e4106c00_0 .net *"_s0", 0 0, L_0x5608e4118900;  1 drivers
S_0x5608e4106db0 .scope module, "f21" "FullAdder" 3 113, 4 1 0, S_0x5608e40bc9f0;
 .timescale 0 0;
    .port_info 0 /INPUT 1 "A"
    .port_info 1 /INPUT 1 "B"
    .port_info 2 /INPUT 1 "Cin"
    .port_info 3 /OUTPUT 1 "Sum"
L_0x5608e4118f10 .functor XOR 1, L_0x5608e4119070, L_0x5608e4119350, C4<0>, C4<0>;
L_0x5608e4118f80 .functor XOR 1, L_0x5608e4118f10, L_0x5608e4119440, C4<0>, C4<0>;
v0x5608e4106ff0_0 .net "A", 0 0, L_0x5608e4119070;  1 drivers
v0x5608e41070d0_0 .net "B", 0 0, L_0x5608e4119350;  1 drivers
v0x5608e4107190_0 .net "Cin", 0 0, L_0x5608e4119440;  1 drivers
v0x5608e4107260_0 .net "Sum", 0 0, L_0x5608e4118f80;  1 drivers
v0x5608e4107320_0 .net *"_s0", 0 0, L_0x5608e4118f10;  1 drivers
S_0x5608e41074d0 .scope module, "f22" "FullAdder" 3 114, 4 1 0, S_0x5608e40bc9f0;
 .timescale 0 0;
    .port_info 0 /INPUT 1 "A"
    .port_info 1 /INPUT 1 "B"
    .port_info 2 /INPUT 1 "Cin"
    .port_info 3 /OUTPUT 1 "Sum"
L_0x5608e4119730 .functor XOR 1, L_0x5608e4119890, L_0x5608e4119980, C4<0>, C4<0>;
L_0x5608e41197a0 .functor XOR 1, L_0x5608e4119730, L_0x5608e4119c80, C4<0>, C4<0>;
v0x5608e4107710_0 .net "A", 0 0, L_0x5608e4119890;  1 drivers
v0x5608e41077f0_0 .net "B", 0 0, L_0x5608e4119980;  1 drivers
v0x5608e41078b0_0 .net "Cin", 0 0, L_0x5608e4119c80;  1 drivers
v0x5608e4107980_0 .net "Sum", 0 0, L_0x5608e41197a0;  1 drivers
v0x5608e4107a40_0 .net *"_s0", 0 0, L_0x5608e4119730;  1 drivers
S_0x5608e4107bf0 .scope module, "f23" "FullAdder" 3 115, 4 1 0, S_0x5608e40bc9f0;
 .timescale 0 0;
    .port_info 0 /INPUT 1 "A"
    .port_info 1 /INPUT 1 "B"
    .port_info 2 /INPUT 1 "Cin"
    .port_info 3 /OUTPUT 1 "Sum"
L_0x5608e4119d70 .functor XOR 1, L_0x5608e4119ed0, L_0x5608e411a1e0, C4<0>, C4<0>;
L_0x5608e4119de0 .functor XOR 1, L_0x5608e4119d70, L_0x5608e411a2d0, C4<0>, C4<0>;
v0x5608e4107e30_0 .net "A", 0 0, L_0x5608e4119ed0;  1 drivers
v0x5608e4107f10_0 .net "B", 0 0, L_0x5608e411a1e0;  1 drivers
v0x5608e4107fd0_0 .net "Cin", 0 0, L_0x5608e411a2d0;  1 drivers
v0x5608e41080a0_0 .net "Sum", 0 0, L_0x5608e4119de0;  1 drivers
v0x5608e4108160_0 .net *"_s0", 0 0, L_0x5608e4119d70;  1 drivers
S_0x5608e4108310 .scope module, "f24" "FullAdder" 3 116, 4 1 0, S_0x5608e40bc9f0;
 .timescale 0 0;
    .port_info 0 /INPUT 1 "A"
    .port_info 1 /INPUT 1 "B"
    .port_info 2 /INPUT 1 "Cin"
    .port_info 3 /OUTPUT 1 "Sum"
L_0x5608e411a5f0 .functor XOR 1, L_0x5608e411a750, L_0x5608e411a840, C4<0>, C4<0>;
L_0x5608e411a660 .functor XOR 1, L_0x5608e411a5f0, L_0x5608e411ab70, C4<0>, C4<0>;
v0x5608e4108550_0 .net "A", 0 0, L_0x5608e411a750;  1 drivers
v0x5608e4108630_0 .net "B", 0 0, L_0x5608e411a840;  1 drivers
v0x5608e41086f0_0 .net "Cin", 0 0, L_0x5608e411ab70;  1 drivers
v0x5608e41087c0_0 .net "Sum", 0 0, L_0x5608e411a660;  1 drivers
v0x5608e4108880_0 .net *"_s0", 0 0, L_0x5608e411a5f0;  1 drivers
S_0x5608e4108a30 .scope module, "f25" "FullAdder" 3 117, 4 1 0, S_0x5608e40bc9f0;
 .timescale 0 0;
    .port_info 0 /INPUT 1 "A"
    .port_info 1 /INPUT 1 "B"
    .port_info 2 /INPUT 1 "Cin"
    .port_info 3 /OUTPUT 1 "Sum"
L_0x5608e411ac60 .functor XOR 1, L_0x5608e411adc0, L_0x5608e411b100, C4<0>, C4<0>;
L_0x5608e411acd0 .functor XOR 1, L_0x5608e411ac60, L_0x5608e411b1f0, C4<0>, C4<0>;
v0x5608e4108c70_0 .net "A", 0 0, L_0x5608e411adc0;  1 drivers
v0x5608e4108d50_0 .net "B", 0 0, L_0x5608e411b100;  1 drivers
v0x5608e4108e10_0 .net "Cin", 0 0, L_0x5608e411b1f0;  1 drivers
v0x5608e4108ee0_0 .net "Sum", 0 0, L_0x5608e411acd0;  1 drivers
v0x5608e4108fa0_0 .net *"_s0", 0 0, L_0x5608e411ac60;  1 drivers
S_0x5608e4109150 .scope module, "f26" "FullAdder" 3 118, 4 1 0, S_0x5608e40bc9f0;
 .timescale 0 0;
    .port_info 0 /INPUT 1 "A"
    .port_info 1 /INPUT 1 "B"
    .port_info 2 /INPUT 1 "Cin"
    .port_info 3 /OUTPUT 1 "Sum"
L_0x5608e411b540 .functor XOR 1, L_0x5608e411b6a0, L_0x5608e411b790, C4<0>, C4<0>;
L_0x5608e411b5b0 .functor XOR 1, L_0x5608e411b540, L_0x5608e411baf0, C4<0>, C4<0>;
v0x5608e4109390_0 .net "A", 0 0, L_0x5608e411b6a0;  1 drivers
v0x5608e4109470_0 .net "B", 0 0, L_0x5608e411b790;  1 drivers
v0x5608e4109530_0 .net "Cin", 0 0, L_0x5608e411baf0;  1 drivers
v0x5608e4109600_0 .net "Sum", 0 0, L_0x5608e411b5b0;  1 drivers
v0x5608e41096c0_0 .net *"_s0", 0 0, L_0x5608e411b540;  1 drivers
S_0x5608e4109870 .scope module, "f27" "FullAdder" 3 119, 4 1 0, S_0x5608e40bc9f0;
 .timescale 0 0;
    .port_info 0 /INPUT 1 "A"
    .port_info 1 /INPUT 1 "B"
    .port_info 2 /INPUT 1 "Cin"
    .port_info 3 /OUTPUT 1 "Sum"
L_0x5608e411bbe0 .functor XOR 1, L_0x5608e411bd40, L_0x5608e411c0b0, C4<0>, C4<0>;
L_0x5608e411bc50 .functor XOR 1, L_0x5608e411bbe0, L_0x5608e411c1a0, C4<0>, C4<0>;
v0x5608e4109ab0_0 .net "A", 0 0, L_0x5608e411bd40;  1 drivers
v0x5608e4109b90_0 .net "B", 0 0, L_0x5608e411c0b0;  1 drivers
v0x5608e4109c50_0 .net "Cin", 0 0, L_0x5608e411c1a0;  1 drivers
v0x5608e4109d20_0 .net "Sum", 0 0, L_0x5608e411bc50;  1 drivers
v0x5608e4109de0_0 .net *"_s0", 0 0, L_0x5608e411bbe0;  1 drivers
S_0x5608e4109f90 .scope module, "f28" "FullAdder" 3 120, 4 1 0, S_0x5608e40bc9f0;
 .timescale 0 0;
    .port_info 0 /INPUT 1 "A"
    .port_info 1 /INPUT 1 "B"
    .port_info 2 /INPUT 1 "Cin"
    .port_info 3 /OUTPUT 1 "Sum"
L_0x5608e411c520 .functor XOR 1, L_0x5608e411c680, L_0x5608e411c770, C4<0>, C4<0>;
L_0x5608e411c590 .functor XOR 1, L_0x5608e411c520, L_0x5608e411cb00, C4<0>, C4<0>;
v0x5608e410a1d0_0 .net "A", 0 0, L_0x5608e411c680;  1 drivers
v0x5608e410a2b0_0 .net "B", 0 0, L_0x5608e411c770;  1 drivers
v0x5608e410a370_0 .net "Cin", 0 0, L_0x5608e411cb00;  1 drivers
v0x5608e410a440_0 .net "Sum", 0 0, L_0x5608e411c590;  1 drivers
v0x5608e410a500_0 .net *"_s0", 0 0, L_0x5608e411c520;  1 drivers
S_0x5608e410a6b0 .scope module, "f29" "FullAdder" 3 121, 4 1 0, S_0x5608e40bc9f0;
 .timescale 0 0;
    .port_info 0 /INPUT 1 "A"
    .port_info 1 /INPUT 1 "B"
    .port_info 2 /INPUT 1 "Cin"
    .port_info 3 /OUTPUT 1 "Sum"
L_0x5608e411cbf0 .functor XOR 1, L_0x5608e411cd50, L_0x5608e411d0f0, C4<0>, C4<0>;
L_0x5608e411cc60 .functor XOR 1, L_0x5608e411cbf0, L_0x5608e411d1e0, C4<0>, C4<0>;
v0x5608e410a8f0_0 .net "A", 0 0, L_0x5608e411cd50;  1 drivers
v0x5608e410a9d0_0 .net "B", 0 0, L_0x5608e411d0f0;  1 drivers
v0x5608e410aa90_0 .net "Cin", 0 0, L_0x5608e411d1e0;  1 drivers
v0x5608e410ab60_0 .net "Sum", 0 0, L_0x5608e411cc60;  1 drivers
v0x5608e410ac20_0 .net *"_s0", 0 0, L_0x5608e411cbf0;  1 drivers
S_0x5608e410add0 .scope module, "f3" "FullAdder" 3 95, 4 1 0, S_0x5608e40bc9f0;
 .timescale 0 0;
    .port_info 0 /INPUT 1 "A"
    .port_info 1 /INPUT 1 "B"
    .port_info 2 /INPUT 1 "Cin"
    .port_info 3 /OUTPUT 1 "Sum"
L_0x5608e41126c0 .functor XOR 1, L_0x5608e4112820, L_0x5608e4112950, C4<0>, C4<0>;
L_0x5608e4112730 .functor XOR 1, L_0x5608e41126c0, L_0x5608e41129f0, C4<0>, C4<0>;
v0x5608e410b010_0 .net "A", 0 0, L_0x5608e4112820;  1 drivers
v0x5608e410b0f0_0 .net "B", 0 0, L_0x5608e4112950;  1 drivers
v0x5608e410b1b0_0 .net "Cin", 0 0, L_0x5608e41129f0;  1 drivers
v0x5608e410b280_0 .net "Sum", 0 0, L_0x5608e4112730;  1 drivers
v0x5608e410b340_0 .net *"_s0", 0 0, L_0x5608e41126c0;  1 drivers
S_0x5608e410b4f0 .scope module, "f30" "FullAdder" 3 122, 4 1 0, S_0x5608e40bc9f0;
 .timescale 0 0;
    .port_info 0 /INPUT 1 "A"
    .port_info 1 /INPUT 1 "B"
    .port_info 2 /INPUT 1 "Cin"
    .port_info 3 /OUTPUT 1 "Sum"
L_0x5608e411d590 .functor XOR 1, L_0x5608e411d6f0, L_0x5608e411d7e0, C4<0>, C4<0>;
L_0x5608e411d600 .functor XOR 1, L_0x5608e411d590, L_0x5608e411dba0, C4<0>, C4<0>;
v0x5608e410b730_0 .net "A", 0 0, L_0x5608e411d6f0;  1 drivers
v0x5608e410b810_0 .net "B", 0 0, L_0x5608e411d7e0;  1 drivers
v0x5608e410b8d0_0 .net "Cin", 0 0, L_0x5608e411dba0;  1 drivers
v0x5608e410b9a0_0 .net "Sum", 0 0, L_0x5608e411d600;  1 drivers
v0x5608e410ba60_0 .net *"_s0", 0 0, L_0x5608e411d590;  1 drivers
S_0x5608e410bc10 .scope module, "f31" "FullAdder" 3 123, 4 1 0, S_0x5608e40bc9f0;
 .timescale 0 0;
    .port_info 0 /INPUT 1 "A"
    .port_info 1 /INPUT 1 "B"
    .port_info 2 /INPUT 1 "Cin"
    .port_info 3 /OUTPUT 1 "Sum"
L_0x5608e411dc90 .functor XOR 1, L_0x5608e411ddf0, L_0x5608e411e1c0, C4<0>, C4<0>;
L_0x5608e411dd00 .functor XOR 1, L_0x5608e411dc90, L_0x5608e411e2b0, C4<0>, C4<0>;
v0x5608e410be50_0 .net "A", 0 0, L_0x5608e411ddf0;  1 drivers
v0x5608e410bf30_0 .net "B", 0 0, L_0x5608e411e1c0;  1 drivers
v0x5608e410bff0_0 .net "Cin", 0 0, L_0x5608e411e2b0;  1 drivers
v0x5608e410c0c0_0 .net "Sum", 0 0, L_0x5608e411dd00;  1 drivers
v0x5608e410c180_0 .net *"_s0", 0 0, L_0x5608e411dc90;  1 drivers
S_0x5608e410c330 .scope module, "f32" "FullAdder" 3 124, 4 1 0, S_0x5608e40bc9f0;
 .timescale 0 0;
    .port_info 0 /INPUT 1 "A"
    .port_info 1 /INPUT 1 "B"
    .port_info 2 /INPUT 1 "Cin"
    .port_info 3 /OUTPUT 1 "Sum"
L_0x5608e411e690 .functor XOR 1, L_0x5608e411e7f0, L_0x5608e411e8e0, C4<0>, C4<0>;
L_0x5608e411e700 .functor XOR 1, L_0x5608e411e690, L_0x5608e411ecd0, C4<0>, C4<0>;
v0x5608e410c570_0 .net "A", 0 0, L_0x5608e411e7f0;  1 drivers
v0x5608e410c650_0 .net "B", 0 0, L_0x5608e411e8e0;  1 drivers
v0x5608e410c710_0 .net "Cin", 0 0, L_0x5608e411ecd0;  1 drivers
v0x5608e410c7e0_0 .net "Sum", 0 0, L_0x5608e411e700;  1 drivers
v0x5608e410c8a0_0 .net *"_s0", 0 0, L_0x5608e411e690;  1 drivers
S_0x5608e410ca50 .scope module, "f4" "FullAdder" 3 96, 4 1 0, S_0x5608e40bc9f0;
 .timescale 0 0;
    .port_info 0 /INPUT 1 "A"
    .port_info 1 /INPUT 1 "B"
    .port_info 2 /INPUT 1 "Cin"
    .port_info 3 /OUTPUT 1 "Sum"
L_0x5608e4112b30 .functor XOR 1, L_0x5608e4112c60, L_0x5608e4112d50, C4<0>, C4<0>;
L_0x5608e4112ba0 .functor XOR 1, L_0x5608e4112b30, L_0x5608e4112ea0, C4<0>, C4<0>;
v0x5608e410cc90_0 .net "A", 0 0, L_0x5608e4112c60;  1 drivers
v0x5608e410cd70_0 .net "B", 0 0, L_0x5608e4112d50;  1 drivers
v0x5608e410ce30_0 .net "Cin", 0 0, L_0x5608e4112ea0;  1 drivers
v0x5608e410cf00_0 .net "Sum", 0 0, L_0x5608e4112ba0;  1 drivers
v0x5608e410cfc0_0 .net *"_s0", 0 0, L_0x5608e4112b30;  1 drivers
S_0x5608e410d170 .scope module, "f5" "FullAdder" 3 97, 4 1 0, S_0x5608e40bc9f0;
 .timescale 0 0;
    .port_info 0 /INPUT 1 "A"
    .port_info 1 /INPUT 1 "B"
    .port_info 2 /INPUT 1 "Cin"
    .port_info 3 /OUTPUT 1 "Sum"
L_0x5608e4112f40 .functor XOR 1, L_0x5608e4113070, L_0x5608e41131d0, C4<0>, C4<0>;
L_0x5608e4112fb0 .functor XOR 1, L_0x5608e4112f40, L_0x5608e41132c0, C4<0>, C4<0>;
v0x5608e410d3b0_0 .net "A", 0 0, L_0x5608e4113070;  1 drivers
v0x5608e410d490_0 .net "B", 0 0, L_0x5608e41131d0;  1 drivers
v0x5608e410d550_0 .net "Cin", 0 0, L_0x5608e41132c0;  1 drivers
v0x5608e410d620_0 .net "Sum", 0 0, L_0x5608e4112fb0;  1 drivers
v0x5608e410d6e0_0 .net *"_s0", 0 0, L_0x5608e4112f40;  1 drivers
S_0x5608e410d890 .scope module, "f6" "FullAdder" 3 98, 4 1 0, S_0x5608e40bc9f0;
 .timescale 0 0;
    .port_info 0 /INPUT 1 "A"
    .port_info 1 /INPUT 1 "B"
    .port_info 2 /INPUT 1 "Cin"
    .port_info 3 /OUTPUT 1 "Sum"
L_0x5608e4113160 .functor XOR 1, L_0x5608e4113560, L_0x5608e4113650, C4<0>, C4<0>;
L_0x5608e41134c0 .functor XOR 1, L_0x5608e4113160, L_0x5608e41137d0, C4<0>, C4<0>;
v0x5608e410dad0_0 .net "A", 0 0, L_0x5608e4113560;  1 drivers
v0x5608e410dbb0_0 .net "B", 0 0, L_0x5608e4113650;  1 drivers
v0x5608e410dc70_0 .net "Cin", 0 0, L_0x5608e41137d0;  1 drivers
v0x5608e410dd40_0 .net "Sum", 0 0, L_0x5608e41134c0;  1 drivers
v0x5608e410de00_0 .net *"_s0", 0 0, L_0x5608e4113160;  1 drivers
S_0x5608e410dfb0 .scope module, "f7" "FullAdder" 3 99, 4 1 0, S_0x5608e40bc9f0;
 .timescale 0 0;
    .port_info 0 /INPUT 1 "A"
    .port_info 1 /INPUT 1 "B"
    .port_info 2 /INPUT 1 "Cin"
    .port_info 3 /OUTPUT 1 "Sum"
L_0x5608e41138c0 .functor XOR 1, L_0x5608e4113a20, L_0x5608e4113cc0, C4<0>, C4<0>;
L_0x5608e4113930 .functor XOR 1, L_0x5608e41138c0, L_0x5608e4113ec0, C4<0>, C4<0>;
v0x5608e410e1f0_0 .net "A", 0 0, L_0x5608e4113a20;  1 drivers
v0x5608e410e2d0_0 .net "B", 0 0, L_0x5608e4113cc0;  1 drivers
v0x5608e410e390_0 .net "Cin", 0 0, L_0x5608e4113ec0;  1 drivers
v0x5608e410e460_0 .net "Sum", 0 0, L_0x5608e4113930;  1 drivers
v0x5608e410e520_0 .net *"_s0", 0 0, L_0x5608e41138c0;  1 drivers
S_0x5608e410e6d0 .scope module, "f8" "FullAdder" 3 100, 4 1 0, S_0x5608e40bc9f0;
 .timescale 0 0;
    .port_info 0 /INPUT 1 "A"
    .port_info 1 /INPUT 1 "B"
    .port_info 2 /INPUT 1 "Cin"
    .port_info 3 /OUTPUT 1 "Sum"
L_0x5608e4114060 .functor XOR 1, L_0x5608e4113c20, L_0x5608e4114210, C4<0>, C4<0>;
L_0x5608e41140d0 .functor XOR 1, L_0x5608e4114060, L_0x5608e41143c0, C4<0>, C4<0>;
v0x5608e410e910_0 .net "A", 0 0, L_0x5608e4113c20;  1 drivers
v0x5608e410e9f0_0 .net "B", 0 0, L_0x5608e4114210;  1 drivers
v0x5608e410eab0_0 .net "Cin", 0 0, L_0x5608e41143c0;  1 drivers
v0x5608e410eb80_0 .net "Sum", 0 0, L_0x5608e41140d0;  1 drivers
v0x5608e410ec40_0 .net *"_s0", 0 0, L_0x5608e4114060;  1 drivers
S_0x5608e410edf0 .scope module, "f9" "FullAdder" 3 101, 4 1 0, S_0x5608e40bc9f0;
 .timescale 0 0;
    .port_info 0 /INPUT 1 "A"
    .port_info 1 /INPUT 1 "B"
    .port_info 2 /INPUT 1 "Cin"
    .port_info 3 /OUTPUT 1 "Sum"
L_0x5608e41144b0 .functor XOR 1, L_0x5608e4114610, L_0x5608e41147d0, C4<0>, C4<0>;
L_0x5608e4114520 .functor XOR 1, L_0x5608e41144b0, L_0x5608e41148c0, C4<0>, C4<0>;
v0x5608e410f030_0 .net "A", 0 0, L_0x5608e4114610;  1 drivers
v0x5608e410f110_0 .net "B", 0 0, L_0x5608e41147d0;  1 drivers
v0x5608e410f1d0_0 .net "Cin", 0 0, L_0x5608e41148c0;  1 drivers
v0x5608e410f2a0_0 .net "Sum", 0 0, L_0x5608e4114520;  1 drivers
v0x5608e410f360_0 .net *"_s0", 0 0, L_0x5608e41144b0;  1 drivers
    .scope S_0x5608e40bc9f0;
T_0 ;
    %wait E_0x5608e4081ab0;
    %load/vec4 v0x5608e410f510_0;
    %parti/s 1, 0, 2;
    %load/vec4 v0x5608e410f610_0;
    %parti/s 1, 0, 2;
    %and;
    %load/vec4 v0x5608e410f510_0;
    %parti/s 1, 0, 2;
    %load/vec4 v0x5608e410fd20_0;
    %and;
    %or;
    %load/vec4 v0x5608e410f610_0;
    %parti/s 1, 0, 2;
    %load/vec4 v0x5608e410fd20_0;
    %and;
    %or;
    %ix/load 4, 1, 0;
    %flag_set/imm 4, 0;
    %store/vec4 v0x5608e410f9a0_0, 4, 1;
    %load/vec4 v0x5608e410f510_0;
    %parti/s 1, 0, 2;
    %load/vec4 v0x5608e410f610_0;
    %parti/s 1, 0, 2;
    %and;
    %load/vec4 v0x5608e410f510_0;
    %parti/s 1, 0, 2;
    %load/vec4 v0x5608e410fd20_0;
    %and;
    %or;
    %load/vec4 v0x5608e410f610_0;
    %parti/s 1, 0, 2;
    %load/vec4 v0x5608e410fd20_0;
    %and;
    %or;
    %ix/load 4, 0, 0;
    %flag_set/imm 4, 0;
    %store/vec4 v0x5608e410f9a0_0, 4, 1;
    %load/vec4 v0x5608e410f9a0_0;
    %ix/load 4, 0, 0;
    %flag_set/imm 4, 0;
    %store/vec4a v0x5608e410ff60, 4, 0;
    %pushi/vec4 1, 0, 6;
    %store/vec4 v0x5608e4111860_0, 0, 6;
T_0.0 ;
    %load/vec4 v0x5608e4111860_0;
    %pad/u 32;
    %cmpi/u 31, 0, 32;
    %flag_or 5, 4;
    %jmp/0xz T_0.1, 5;
    %load/vec4 v0x5608e410f510_0;
    %load/vec4 v0x5608e4111860_0;
    %part/u 1;
    %load/vec4 v0x5608e410f610_0;
    %load/vec4 v0x5608e4111860_0;
    %part/u 1;
    %and;
    %ix/load 4, 1, 0;
    %flag_set/imm 4, 0;
    %store/vec4 v0x5608e410f9a0_0, 4, 1;
    %load/vec4 v0x5608e410f510_0;
    %load/vec4 v0x5608e4111860_0;
    %part/u 1;
    %load/vec4 v0x5608e410f610_0;
    %load/vec4 v0x5608e4111860_0;
    %part/u 1;
    %or;
    %ix/load 4, 0, 0;
    %flag_set/imm 4, 0;
    %store/vec4 v0x5608e410f9a0_0, 4, 1;
    %load/vec4 v0x5608e410f9a0_0;
    %load/vec4 v0x5608e4111860_0;
    %pad/u 7;
    %ix/vec4 4;
    %store/vec4a v0x5608e410ff60, 4, 0;
    %load/vec4 v0x5608e4111860_0;
    %addi 1, 0, 6;
    %store/vec4 v0x5608e4111860_0, 0, 6;
    %jmp T_0.0;
T_0.1 ;
    %vpi_call 3 42 "$display", "%b %b %b %b %b %b %b %b %b %b %b %b %b %b %b %b %b %b %b %b %b %b %b %b %b %b %b %b %b %b %b %b", &A<v0x5608e410ff60, 31>, &A<v0x5608e410ff60, 30>, &A<v0x5608e410ff60, 29>, &A<v0x5608e410ff60, 28>, &A<v0x5608e410ff60, 27>, &A<v0x5608e410ff60, 26>, &A<v0x5608e410ff60, 25>, &A<v0x5608e410ff60, 24>, &A<v0x5608e410ff60, 23>, &A<v0x5608e410ff60, 22>, &A<v0x5608e410ff60, 21>, &A<v0x5608e410ff60, 20>, &A<v0x5608e410ff60, 19>, &A<v0x5608e410ff60, 18>, &A<v0x5608e410ff60, 17>, &A<v0x5608e410ff60, 16>, &A<v0x5608e410ff60, 15>, &A<v0x5608e410ff60, 14>, &A<v0x5608e410ff60, 13>, &A<v0x5608e410ff60, 12>, &A<v0x5608e410ff60, 11>, &A<v0x5608e410ff60, 10>, &A<v0x5608e410ff60, 9>, &A<v0x5608e410ff60, 8>, &A<v0x5608e410ff60, 7>, &A<v0x5608e410ff60, 6>, &A<v0x5608e410ff60, 5>, &A<v0x5608e410ff60, 4>, &A<v0x5608e410ff60, 3>, &A<v0x5608e410ff60, 2>, &A<v0x5608e410ff60, 1>, &A<v0x5608e410ff60, 0> {0 0 0};
    %pushi/vec4 0, 0, 6;
    %store/vec4 v0x5608e4111780_0, 0, 6;
T_0.2 ;
    %load/vec4 v0x5608e4111780_0;
    %pad/u 32;
    %cmpi/u 31, 0, 32;
    %flag_or 5, 4;
    %jmp/0xz T_0.3, 5;
    %load/vec4 v0x5608e4111780_0;
    %pad/u 7;
    %ix/vec4 4;
    %load/vec4a v0x5608e410ff60, 4;
    %load/vec4 v0x5608e4111780_0;
    %pad/u 7;
    %ix/vec4 4;
    %store/vec4a v0x5608e4110420, 4, 0;
    %load/vec4 v0x5608e4111780_0;
    %pad/u 7;
    %ix/vec4 4;
    %load/vec4a v0x5608e410ff60, 4;
    %load/vec4 v0x5608e4111780_0;
    %pad/u 7;
    %ix/vec4 4;
    %store/vec4a v0x5608e4110fc0, 4, 0;
    %load/vec4 v0x5608e4111780_0;
    %pad/u 7;
    %ix/vec4 4;
    %load/vec4a v0x5608e410ff60, 4;
    %load/vec4 v0x5608e4111780_0;
    %pad/u 7;
    %ix/vec4 4;
    %store/vec4a v0x5608e41109f0, 4, 0;
    %load/vec4 v0x5608e4111780_0;
    %addi 1, 0, 6;
    %store/vec4 v0x5608e4111780_0, 0, 6;
    %jmp T_0.2;
T_0.3 ;
    %pushi/vec4 1, 0, 6;
    %store/vec4 v0x5608e410fa80_0, 0, 6;
T_0.4 ;
    %load/vec4 v0x5608e410fa80_0;
    %pad/u 32;
    %cmpi/u 32, 0, 32;
    %jmp/0xz T_0.5, 5;
    %load/vec4 v0x5608e410fa80_0;
    %store/vec4 v0x5608e410fdc0_0, 0, 6;
T_0.6 ;
    %load/vec4 v0x5608e410fdc0_0;
    %pad/u 32;
    %cmpi/u 32, 0, 32;
    %jmp/0xz T_0.7, 5;
    %load/vec4 v0x5608e410fdc0_0;
    %pad/u 7;
    %load/vec4 v0x5608e410fa80_0;
    %pad/u 7;
    %sub;
    %ix/vec4 4;
    %load/vec4a v0x5608e41109f0, 4;
    %store/vec4 v0x5608e410fb60_0, 0, 2;
    %load/vec4 v0x5608e410fdc0_0;
    %pad/u 7;
    %ix/vec4 4;
    %load/vec4a v0x5608e4110fc0, 4;
    %store/vec4 v0x5608e410fc40_0, 0, 2;
    %load/vec4 v0x5608e410fb60_0;
    %parti/s 1, 1, 2;
    %load/vec4 v0x5608e410fc40_0;
    %parti/s 1, 0, 2;
    %and;
    %load/vec4 v0x5608e410fc40_0;
    %parti/s 1, 1, 2;
    %or;
    %ix/load 4, 1, 0;
    %flag_set/imm 4, 0;
    %store/vec4 v0x5608e410f9a0_0, 4, 1;
    %load/vec4 v0x5608e410fb60_0;
    %parti/s 1, 0, 2;
    %load/vec4 v0x5608e410fc40_0;
    %parti/s 1, 0, 2;
    %and;
    %load/vec4 v0x5608e410fc40_0;
    %parti/s 1, 1, 2;
    %or;
    %ix/load 4, 0, 0;
    %flag_set/imm 4, 0;
    %store/vec4 v0x5608e410f9a0_0, 4, 1;
    %load/vec4 v0x5608e410f9a0_0;
    %load/vec4 v0x5608e410fdc0_0;
    %pad/u 7;
    %ix/vec4 4;
    %store/vec4a v0x5608e4110420, 4, 0;
    %load/vec4 v0x5608e410fdc0_0;
    %addi 1, 0, 6;
    %store/vec4 v0x5608e410fdc0_0, 0, 6;
    %jmp T_0.6;
T_0.7 ;
    %vpi_call 3 67 "$display", "%b %b %b %b %b %b %b %b %b %b %b %b %b %b %b %b %b %b %b %b %b %b %b %b %b %b %b %b %b %b %b %b", &A<v0x5608e4110420, 31>, &A<v0x5608e4110420, 30>, &A<v0x5608e4110420, 29>, &A<v0x5608e4110420, 28>, &A<v0x5608e4110420, 27>, &A<v0x5608e4110420, 26>, &A<v0x5608e4110420, 25>, &A<v0x5608e4110420, 24>, &A<v0x5608e4110420, 23>, &A<v0x5608e4110420, 22>, &A<v0x5608e4110420, 21>, &A<v0x5608e4110420, 20>, &A<v0x5608e4110420, 19>, &A<v0x5608e4110420, 18>, &A<v0x5608e4110420, 17>, &A<v0x5608e4110420, 16>, &A<v0x5608e4110420, 15>, &A<v0x5608e4110420, 14>, &A<v0x5608e4110420, 13>, &A<v0x5608e4110420, 12>, &A<v0x5608e4110420, 11>, &A<v0x5608e4110420, 10>, &A<v0x5608e4110420, 9>, &A<v0x5608e4110420, 8>, &A<v0x5608e4110420, 7>, &A<v0x5608e4110420, 6>, &A<v0x5608e4110420, 5>, &A<v0x5608e4110420, 4>, &A<v0x5608e4110420, 3>, &A<v0x5608e4110420, 2>, &A<v0x5608e4110420, 1>, &A<v0x5608e4110420, 0> {0 0 0};
    %pushi/vec4 0, 0, 6;
    %store/vec4 v0x5608e410fe80_0, 0, 6;
T_0.8 ;
    %load/vec4 v0x5608e410fe80_0;
    %pad/u 32;
    %cmpi/u 31, 0, 32;
    %flag_or 5, 4;
    %jmp/0xz T_0.9, 5;
    %load/vec4 v0x5608e410fe80_0;
    %pad/u 7;
    %ix/vec4 4;
    %load/vec4a v0x5608e4110420, 4;
    %load/vec4 v0x5608e410fe80_0;
    %pad/u 7;
    %ix/vec4 4;
    %store/vec4a v0x5608e41109f0, 4, 0;
    %load/vec4 v0x5608e410fe80_0;
    %pad/u 7;
    %ix/vec4 4;
    %load/vec4a v0x5608e4110420, 4;
    %load/vec4 v0x5608e410fe80_0;
    %pad/u 7;
    %ix/vec4 4;
    %store/vec4a v0x5608e4110fc0, 4, 0;
    %load/vec4 v0x5608e410fe80_0;
    %addi 1, 0, 6;
    %store/vec4 v0x5608e410fe80_0, 0, 6;
    %jmp T_0.8;
T_0.9 ;
    %load/vec4 v0x5608e410fa80_0;
    %ix/load 4, 1, 0;
    %flag_set/imm 4, 0;
    %shiftl 4;
    %store/vec4 v0x5608e410fa80_0, 0, 6;
    %jmp T_0.4;
T_0.5 ;
    %pushi/vec4 0, 0, 6;
    %store/vec4 v0x5608e4111590_0, 0, 6;
T_0.10 ;
    %load/vec4 v0x5608e4111590_0;
    %pad/u 32;
    %cmpi/u 32, 0, 32;
    %jmp/0xz T_0.11, 5;
    %load/vec4 v0x5608e4111590_0;
    %pad/u 7;
    %ix/vec4 4;
    %load/vec4a v0x5608e4110420, 4;
    %store/vec4 v0x5608e410f9a0_0, 0, 2;
    %load/vec4 v0x5608e410f9a0_0;
    %parti/s 1, 0, 2;
    %load/vec4 v0x5608e410f9a0_0;
    %parti/s 1, 1, 2;
    %and;
    %ix/getv 4, v0x5608e4111590_0;
    %store/vec4 v0x5608e410f790_0, 4, 1;
    %load/vec4 v0x5608e4111590_0;
    %addi 1, 0, 6;
    %store/vec4 v0x5608e4111590_0, 0, 6;
    %jmp T_0.10;
T_0.11 ;
    %vpi_call 3 87 "$display", "%b %b %b %b %b %b %b %b %b %b %b %b %b %b %b %b %b %b %b %b %b %b %b %b %b %b %b %b %b %b %b %b", &A<v0x5608e4110420, 31>, &A<v0x5608e4110420, 30>, &A<v0x5608e4110420, 29>, &A<v0x5608e4110420, 28>, &A<v0x5608e4110420, 27>, &A<v0x5608e4110420, 26>, &A<v0x5608e4110420, 25>, &A<v0x5608e4110420, 24>, &A<v0x5608e4110420, 23>, &A<v0x5608e4110420, 22>, &A<v0x5608e4110420, 21>, &A<v0x5608e4110420, 20>, &A<v0x5608e4110420, 19>, &A<v0x5608e4110420, 18>, &A<v0x5608e4110420, 17>, &A<v0x5608e4110420, 16>, &A<v0x5608e4110420, 15>, &A<v0x5608e4110420, 14>, &A<v0x5608e4110420, 13>, &A<v0x5608e4110420, 12>, &A<v0x5608e4110420, 11>, &A<v0x5608e4110420, 10>, &A<v0x5608e4110420, 9>, &A<v0x5608e4110420, 8>, &A<v0x5608e4110420, 7>, &A<v0x5608e4110420, 6>, &A<v0x5608e4110420, 5>, &A<v0x5608e4110420, 4>, &A<v0x5608e4110420, 3>, &A<v0x5608e4110420, 2>, &A<v0x5608e4110420, 1>, &A<v0x5608e4110420, 0> {0 0 0};
    %jmp T_0;
    .thread T_0, $push;
    .scope S_0x5608e40bcde0;
T_1 ;
    %pushi/vec4 10000, 0, 32;
    %store/vec4 v0x5608e4111a10_0, 0, 32;
    %pushi/vec4 20000, 0, 32;
    %store/vec4 v0x5608e4111af0_0, 0, 32;
    %pushi/vec4 1, 0, 1;
    %store/vec4 v0x5608e4111d90_0, 0, 1;
    %delay 5, 0;
    %pushi/vec4 45000, 0, 32;
    %store/vec4 v0x5608e4111a10_0, 0, 32;
    %pushi/vec4 4, 0, 32;
    %store/vec4 v0x5608e4111af0_0, 0, 32;
    %pushi/vec4 1, 0, 1;
    %store/vec4 v0x5608e4111d90_0, 0, 1;
    %delay 5, 0;
    %pushi/vec4 1, 0, 32;
    %store/vec4 v0x5608e4111a10_0, 0, 32;
    %pushi/vec4 999, 0, 32;
    %store/vec4 v0x5608e4111af0_0, 0, 32;
    %pushi/vec4 1, 0, 1;
    %store/vec4 v0x5608e4111d90_0, 0, 1;
    %delay 5, 0;
    %pushi/vec4 7800, 0, 32;
    %store/vec4 v0x5608e4111a10_0, 0, 32;
    %pushi/vec4 8700, 0, 32;
    %store/vec4 v0x5608e4111af0_0, 0, 32;
    %pushi/vec4 0, 0, 1;
    %store/vec4 v0x5608e4111d90_0, 0, 1;
    %end;
    .thread T_1;
    .scope S_0x5608e40bcde0;
T_2 ;
    %vpi_call 2 20 "$monitor", $time, ": A=%d B=%d Cin=%d, Sum=%d Carry=%d\012\012\012\012\012\012", v0x5608e4111a10_0, v0x5608e4111af0_0, v0x5608e4111d90_0, v0x5608e4111cc0_0, v0x5608e4111bc0_0 {0 0 0};
    %vpi_call 2 21 "$dumpfile", "cla.vcd" {0 0 0};
    %vpi_call 2 22 "$dumpvars" {0 0 0};
    %end;
    .thread T_2;
# The file index is used to find the file name in the following table.
:file_names 5;
    "N/A";
    "<interactive>";
    "recursiveDouble_tb.v";
    "./recursiveDouble.v";
    "./FullAdder.v";
