#! /usr/bin/vvp
:ivl_version "10.3 (stable)";
:ivl_delay_selection "TYPICAL";
:vpi_time_precision + 0;
:vpi_module "system";
:vpi_module "vhdl_sys";
:vpi_module "v2005_math";
:vpi_module "va_math";
S_0x55f2d532d430 .scope module, "SR_SIPO_tb" "SR_SIPO_tb" 2 3;
 .timescale 0 0;
v0x55f2d53598a0_0 .var "clk", 0 0;
v0x55f2d5359960_0 .var "inp", 0 0;
v0x55f2d5359a20_0 .net "q", 8 1, L_0x55f2d535a530;  1 drivers
v0x55f2d5359af0_0 .var "reset", 0 0;
E_0x55f2d52ffa50 .event negedge, v0x55f2d53298e0_0;
S_0x55f2d532c6b0 .scope module, "srSIPO" "SR_SIPO_eight" 2 16, 3 16 0, S_0x55f2d532d430;
 .timescale 0 0;
    .port_info 0 /INPUT 1 "d"
    .port_info 1 /INPUT 1 "clk"
    .port_info 2 /INPUT 1 "reset"
    .port_info 3 /OUTPUT 8 "q"
v0x55f2d5359510_0 .net "clk", 0 0, v0x55f2d53598a0_0;  1 drivers
v0x55f2d53595d0_0 .net "d", 0 0, v0x55f2d5359960_0;  1 drivers
v0x55f2d53596e0_0 .net "q", 8 1, L_0x55f2d535a530;  alias, 1 drivers
v0x55f2d5359780_0 .net "reset", 0 0, v0x55f2d5359af0_0;  1 drivers
L_0x55f2d535a440 .part L_0x55f2d535a530, 3, 1;
L_0x55f2d535a530 .concat8 [ 4 4 0 0], L_0x55f2d5359e50, L_0x55f2d535a280;
S_0x55f2d532e240 .scope module, "dff_1" "SR_SIPO" 3 21, 3 3 0, S_0x55f2d532c6b0;
 .timescale 0 0;
    .port_info 0 /INPUT 1 "d"
    .port_info 1 /INPUT 1 "clk"
    .port_info 2 /INPUT 1 "reset"
    .port_info 3 /OUTPUT 4 "q"
v0x55f2d5357490_0 .net "clk", 0 0, v0x55f2d53598a0_0;  alias, 1 drivers
v0x55f2d5357550_0 .net "d", 0 0, v0x55f2d5359960_0;  alias, 1 drivers
v0x55f2d5357610_0 .net "q", 4 1, L_0x55f2d5359e50;  1 drivers
v0x55f2d53576e0_0 .net "reset", 0 0, v0x55f2d5359af0_0;  alias, 1 drivers
L_0x55f2d5359b90 .part L_0x55f2d5359e50, 0, 1;
L_0x55f2d5359c90 .part L_0x55f2d5359e50, 1, 1;
L_0x55f2d5359db0 .part L_0x55f2d5359e50, 2, 1;
L_0x55f2d5359e50 .concat8 [ 1 1 1 1], v0x55f2d5328ad0_0, v0x55f2d53285b0_0, v0x55f2d5356ca0_0, v0x55f2d5357270_0;
S_0x55f2d5335080 .scope module, "dff_1" "DFF" 3 8, 4 1 0, S_0x55f2d532e240;
 .timescale 0 0;
    .port_info 0 /INPUT 1 "d"
    .port_info 1 /INPUT 1 "clk"
    .port_info 2 /INPUT 1 "reset"
    .port_info 3 /OUTPUT 1 "q"
v0x55f2d53298e0_0 .net "clk", 0 0, v0x55f2d53598a0_0;  alias, 1 drivers
v0x55f2d53299e0_0 .net "d", 0 0, v0x55f2d5359960_0;  alias, 1 drivers
v0x55f2d5328ad0_0 .var "q", 0 0;
v0x55f2d5328bd0_0 .net "reset", 0 0, v0x55f2d5359af0_0;  alias, 1 drivers
E_0x55f2d53344c0/0 .event negedge, v0x55f2d53298e0_0;
E_0x55f2d53344c0/1 .event posedge, v0x55f2d5328bd0_0;
E_0x55f2d53344c0 .event/or E_0x55f2d53344c0/0, E_0x55f2d53344c0/1;
S_0x55f2d5356460 .scope module, "dff_2" "DFF" 3 9, 4 1 0, S_0x55f2d532e240;
 .timescale 0 0;
    .port_info 0 /INPUT 1 "d"
    .port_info 1 /INPUT 1 "clk"
    .port_info 2 /INPUT 1 "reset"
    .port_info 3 /OUTPUT 1 "q"
v0x55f2d532b060_0 .net "clk", 0 0, v0x55f2d53598a0_0;  alias, 1 drivers
v0x55f2d532c9e0_0 .net "d", 0 0, L_0x55f2d5359b90;  1 drivers
v0x55f2d53285b0_0 .var "q", 0 0;
v0x55f2d5356720_0 .net "reset", 0 0, v0x55f2d5359af0_0;  alias, 1 drivers
S_0x55f2d5356880 .scope module, "dff_3" "DFF" 3 10, 4 1 0, S_0x55f2d532e240;
 .timescale 0 0;
    .port_info 0 /INPUT 1 "d"
    .port_info 1 /INPUT 1 "clk"
    .port_info 2 /INPUT 1 "reset"
    .port_info 3 /OUTPUT 1 "q"
v0x55f2d5356af0_0 .net "clk", 0 0, v0x55f2d53598a0_0;  alias, 1 drivers
v0x55f2d5356be0_0 .net "d", 0 0, L_0x55f2d5359c90;  1 drivers
v0x55f2d5356ca0_0 .var "q", 0 0;
v0x55f2d5356d40_0 .net "reset", 0 0, v0x55f2d5359af0_0;  alias, 1 drivers
S_0x55f2d5356eb0 .scope module, "dff_4" "DFF" 3 11, 4 1 0, S_0x55f2d532e240;
 .timescale 0 0;
    .port_info 0 /INPUT 1 "d"
    .port_info 1 /INPUT 1 "clk"
    .port_info 2 /INPUT 1 "reset"
    .port_info 3 /OUTPUT 1 "q"
v0x55f2d53570f0_0 .net "clk", 0 0, v0x55f2d53598a0_0;  alias, 1 drivers
v0x55f2d53571b0_0 .net "d", 0 0, L_0x55f2d5359db0;  1 drivers
v0x55f2d5357270_0 .var "q", 0 0;
v0x55f2d5357340_0 .net "reset", 0 0, v0x55f2d5359af0_0;  alias, 1 drivers
S_0x55f2d5357810 .scope module, "dff_2" "SR_SIPO" 3 22, 3 3 0, S_0x55f2d532c6b0;
 .timescale 0 0;
    .port_info 0 /INPUT 1 "d"
    .port_info 1 /INPUT 1 "clk"
    .port_info 2 /INPUT 1 "reset"
    .port_info 3 /OUTPUT 4 "q"
v0x55f2d5359190_0 .net "clk", 0 0, v0x55f2d53598a0_0;  alias, 1 drivers
v0x55f2d5359250_0 .net "d", 0 0, L_0x55f2d535a440;  1 drivers
v0x55f2d5359310_0 .net "q", 4 1, L_0x55f2d535a280;  1 drivers
v0x55f2d53593e0_0 .net "reset", 0 0, v0x55f2d5359af0_0;  alias, 1 drivers
L_0x55f2d535a010 .part L_0x55f2d535a280, 0, 1;
L_0x55f2d535a110 .part L_0x55f2d535a280, 1, 1;
L_0x55f2d535a1e0 .part L_0x55f2d535a280, 2, 1;
L_0x55f2d535a280 .concat8 [ 1 1 1 1], v0x55f2d5357dc0_0, v0x55f2d53583a0_0, v0x55f2d5358990_0, v0x55f2d5358f70_0;
S_0x55f2d5357a20 .scope module, "dff_1" "DFF" 3 8, 4 1 0, S_0x55f2d5357810;
 .timescale 0 0;
    .port_info 0 /INPUT 1 "d"
    .port_info 1 /INPUT 1 "clk"
    .port_info 2 /INPUT 1 "reset"
    .port_info 3 /OUTPUT 1 "q"
v0x55f2d5357c40_0 .net "clk", 0 0, v0x55f2d53598a0_0;  alias, 1 drivers
v0x55f2d5357d00_0 .net "d", 0 0, L_0x55f2d535a440;  alias, 1 drivers
v0x55f2d5357dc0_0 .var "q", 0 0;
v0x55f2d5357e90_0 .net "reset", 0 0, v0x55f2d5359af0_0;  alias, 1 drivers
S_0x55f2d5357fe0 .scope module, "dff_2" "DFF" 3 9, 4 1 0, S_0x55f2d5357810;
 .timescale 0 0;
    .port_info 0 /INPUT 1 "d"
    .port_info 1 /INPUT 1 "clk"
    .port_info 2 /INPUT 1 "reset"
    .port_info 3 /OUTPUT 1 "q"
v0x55f2d5358240_0 .net "clk", 0 0, v0x55f2d53598a0_0;  alias, 1 drivers
v0x55f2d53582e0_0 .net "d", 0 0, L_0x55f2d535a010;  1 drivers
v0x55f2d53583a0_0 .var "q", 0 0;
v0x55f2d5358470_0 .net "reset", 0 0, v0x55f2d5359af0_0;  alias, 1 drivers
S_0x55f2d53585c0 .scope module, "dff_3" "DFF" 3 10, 4 1 0, S_0x55f2d5357810;
 .timescale 0 0;
    .port_info 0 /INPUT 1 "d"
    .port_info 1 /INPUT 1 "clk"
    .port_info 2 /INPUT 1 "reset"
    .port_info 3 /OUTPUT 1 "q"
v0x55f2d5358830_0 .net "clk", 0 0, v0x55f2d53598a0_0;  alias, 1 drivers
v0x55f2d53588d0_0 .net "d", 0 0, L_0x55f2d535a110;  1 drivers
v0x55f2d5358990_0 .var "q", 0 0;
v0x55f2d5358a60_0 .net "reset", 0 0, v0x55f2d5359af0_0;  alias, 1 drivers
S_0x55f2d5358bb0 .scope module, "dff_4" "DFF" 3 11, 4 1 0, S_0x55f2d5357810;
 .timescale 0 0;
    .port_info 0 /INPUT 1 "d"
    .port_info 1 /INPUT 1 "clk"
    .port_info 2 /INPUT 1 "reset"
    .port_info 3 /OUTPUT 1 "q"
v0x55f2d5358df0_0 .net "clk", 0 0, v0x55f2d53598a0_0;  alias, 1 drivers
v0x55f2d5358eb0_0 .net "d", 0 0, L_0x55f2d535a1e0;  1 drivers
v0x55f2d5358f70_0 .var "q", 0 0;
v0x55f2d5359040_0 .net "reset", 0 0, v0x55f2d5359af0_0;  alias, 1 drivers
    .scope S_0x55f2d5335080;
T_0 ;
    %wait E_0x55f2d53344c0;
    %load/vec4 v0x55f2d5328bd0_0;
    %flag_set/vec4 8;
    %jmp/0xz  T_0.0, 8;
    %pushi/vec4 0, 0, 1;
    %assign/vec4 v0x55f2d5328ad0_0, 0;
    %jmp T_0.1;
T_0.0 ;
    %load/vec4 v0x55f2d53299e0_0;
    %assign/vec4 v0x55f2d5328ad0_0, 0;
T_0.1 ;
    %jmp T_0;
    .thread T_0;
    .scope S_0x55f2d5356460;
T_1 ;
    %wait E_0x55f2d53344c0;
    %load/vec4 v0x55f2d5356720_0;
    %flag_set/vec4 8;
    %jmp/0xz  T_1.0, 8;
    %pushi/vec4 0, 0, 1;
    %assign/vec4 v0x55f2d53285b0_0, 0;
    %jmp T_1.1;
T_1.0 ;
    %load/vec4 v0x55f2d532c9e0_0;
    %assign/vec4 v0x55f2d53285b0_0, 0;
T_1.1 ;
    %jmp T_1;
    .thread T_1;
    .scope S_0x55f2d5356880;
T_2 ;
    %wait E_0x55f2d53344c0;
    %load/vec4 v0x55f2d5356d40_0;
    %flag_set/vec4 8;
    %jmp/0xz  T_2.0, 8;
    %pushi/vec4 0, 0, 1;
    %assign/vec4 v0x55f2d5356ca0_0, 0;
    %jmp T_2.1;
T_2.0 ;
    %load/vec4 v0x55f2d5356be0_0;
    %assign/vec4 v0x55f2d5356ca0_0, 0;
T_2.1 ;
    %jmp T_2;
    .thread T_2;
    .scope S_0x55f2d5356eb0;
T_3 ;
    %wait E_0x55f2d53344c0;
    %load/vec4 v0x55f2d5357340_0;
    %flag_set/vec4 8;
    %jmp/0xz  T_3.0, 8;
    %pushi/vec4 0, 0, 1;
    %assign/vec4 v0x55f2d5357270_0, 0;
    %jmp T_3.1;
T_3.0 ;
    %load/vec4 v0x55f2d53571b0_0;
    %assign/vec4 v0x55f2d5357270_0, 0;
T_3.1 ;
    %jmp T_3;
    .thread T_3;
    .scope S_0x55f2d5357a20;
T_4 ;
    %wait E_0x55f2d53344c0;
    %load/vec4 v0x55f2d5357e90_0;
    %flag_set/vec4 8;
    %jmp/0xz  T_4.0, 8;
    %pushi/vec4 0, 0, 1;
    %assign/vec4 v0x55f2d5357dc0_0, 0;
    %jmp T_4.1;
T_4.0 ;
    %load/vec4 v0x55f2d5357d00_0;
    %assign/vec4 v0x55f2d5357dc0_0, 0;
T_4.1 ;
    %jmp T_4;
    .thread T_4;
    .scope S_0x55f2d5357fe0;
T_5 ;
    %wait E_0x55f2d53344c0;
    %load/vec4 v0x55f2d5358470_0;
    %flag_set/vec4 8;
    %jmp/0xz  T_5.0, 8;
    %pushi/vec4 0, 0, 1;
    %assign/vec4 v0x55f2d53583a0_0, 0;
    %jmp T_5.1;
T_5.0 ;
    %load/vec4 v0x55f2d53582e0_0;
    %assign/vec4 v0x55f2d53583a0_0, 0;
T_5.1 ;
    %jmp T_5;
    .thread T_5;
    .scope S_0x55f2d53585c0;
T_6 ;
    %wait E_0x55f2d53344c0;
    %load/vec4 v0x55f2d5358a60_0;
    %flag_set/vec4 8;
    %jmp/0xz  T_6.0, 8;
    %pushi/vec4 0, 0, 1;
    %assign/vec4 v0x55f2d5358990_0, 0;
    %jmp T_6.1;
T_6.0 ;
    %load/vec4 v0x55f2d53588d0_0;
    %assign/vec4 v0x55f2d5358990_0, 0;
T_6.1 ;
    %jmp T_6;
    .thread T_6;
    .scope S_0x55f2d5358bb0;
T_7 ;
    %wait E_0x55f2d53344c0;
    %load/vec4 v0x55f2d5359040_0;
    %flag_set/vec4 8;
    %jmp/0xz  T_7.0, 8;
    %pushi/vec4 0, 0, 1;
    %assign/vec4 v0x55f2d5358f70_0, 0;
    %jmp T_7.1;
T_7.0 ;
    %load/vec4 v0x55f2d5358eb0_0;
    %assign/vec4 v0x55f2d5358f70_0, 0;
T_7.1 ;
    %jmp T_7;
    .thread T_7;
    .scope S_0x55f2d532d430;
T_8 ;
    %vpi_call 2 12 "$dumpfile", "SR_SIPO_tb.vcd" {0 0 0};
    %vpi_call 2 13 "$dumpvars", 32'sb00000000000000000000000000000000, S_0x55f2d532d430 {0 0 0};
    %end;
    .thread T_8;
    .scope S_0x55f2d532d430;
T_9 ;
    %pushi/vec4 0, 0, 1;
    %store/vec4 v0x55f2d5359960_0, 0, 1;
    %pushi/vec4 0, 0, 1;
    %store/vec4 v0x55f2d5359af0_0, 0, 1;
    %pushi/vec4 0, 0, 1;
    %store/vec4 v0x55f2d53598a0_0, 0, 1;
    %end;
    .thread T_9;
    .scope S_0x55f2d532d430;
T_10 ;
    %wait E_0x55f2d52ffa50;
    %load/vec4 v0x55f2d5359960_0;
    %inv;
    %store/vec4 v0x55f2d5359960_0, 0, 1;
    %jmp T_10;
    .thread T_10;
    .scope S_0x55f2d532d430;
T_11 ;
    %delay 5, 0;
    %load/vec4 v0x55f2d53598a0_0;
    %nor/r;
    %store/vec4 v0x55f2d53598a0_0, 0, 1;
    %jmp T_11;
    .thread T_11;
    .scope S_0x55f2d532d430;
T_12 ;
    %vpi_call 2 33 "$monitor", $time, ": clk=%b, rst=%b, inp=%b, q=%b\012", v0x55f2d53598a0_0, v0x55f2d5359af0_0, v0x55f2d5359960_0, v0x55f2d5359a20_0 {0 0 0};
    %end;
    .thread T_12;
    .scope S_0x55f2d532d430;
T_13 ;
    %delay 100, 0;
    %vpi_call 2 36 "$finish" {0 0 0};
    %end;
    .thread T_13;
# The file index is used to find the file name in the following table.
:file_names 5;
    "N/A";
    "<interactive>";
    "SR_SIPO_tb.v";
    "./SR_SIPO.v";
    "./DFF.v";
