#! /usr/bin/vvp
:ivl_version "10.3 (stable)";
:ivl_delay_selection "TYPICAL";
:vpi_time_precision + 0;
:vpi_module "system";
:vpi_module "vhdl_sys";
:vpi_module "v2005_math";
:vpi_module "va_math";
S_0x555d382af220 .scope module, "SR_SISO_tb" "SR_SISO_tb" 2 3;
 .timescale 0 0;
v0x555d382d0140_0 .var "clk", 0 0;
v0x555d382d0200_0 .var "inp", 0 0;
v0x555d382d0310_0 .net "q", 0 0, v0x555d382cf5b0_0;  1 drivers
v0x555d382d0400_0 .var "reset", 0 0;
E_0x555d38279a10 .event negedge, v0x555d382a3170_0;
S_0x555d382b2320 .scope module, "srsiso" "SR_SISO" 2 16, 3 17 0, S_0x555d382af220;
 .timescale 0 0;
    .port_info 0 /INPUT 1 "d"
    .port_info 1 /INPUT 1 "clk"
    .port_info 2 /INPUT 1 "reset"
    .port_info 3 /OUTPUT 1 "q"
v0x555d382cf790_0 .net "clk", 0 0, v0x555d382d0140_0;  1 drivers
v0x555d382cf850_0 .net "d", 0 0, v0x555d382d0200_0;  1 drivers
v0x555d382cf910_0 .net "q", 0 0, v0x555d382cf5b0_0;  alias, 1 drivers
v0x555d382cfa10_0 .net "reset", 0 0, v0x555d382d0400_0;  1 drivers
v0x555d382cfab0_0 .net "w1", 0 0, v0x555d382a2a80_0;  1 drivers
v0x555d382cfbf0_0 .net "w2", 0 0, v0x555d382a1ca0_0;  1 drivers
v0x555d382cfce0_0 .net "w3", 0 0, v0x555d382cd900_0;  1 drivers
v0x555d382cfdd0_0 .net "w4", 0 0, v0x555d382cdef0_0;  1 drivers
v0x555d382cfec0_0 .net "w5", 0 0, v0x555d382ce4e0_0;  1 drivers
v0x555d382cff60_0 .net "w6", 0 0, v0x555d382cea60_0;  1 drivers
v0x555d382d0050_0 .net "w7", 0 0, v0x555d382cefe0_0;  1 drivers
S_0x555d382b2560 .scope module, "dff_1" "DFF" 3 24, 3 1 0, S_0x555d382b2320;
 .timescale 0 0;
    .port_info 0 /INPUT 1 "d"
    .port_info 1 /INPUT 1 "clk"
    .port_info 2 /INPUT 1 "reset"
    .port_info 3 /OUTPUT 1 "q"
v0x555d382a3170_0 .net "clk", 0 0, v0x555d382d0140_0;  alias, 1 drivers
v0x555d382a2980_0 .net "d", 0 0, v0x555d382d0200_0;  alias, 1 drivers
v0x555d382a2a80_0 .var "q", 0 0;
v0x555d382a2290_0 .net "reset", 0 0, v0x555d382d0400_0;  alias, 1 drivers
E_0x555d38279b60/0 .event negedge, v0x555d382a3170_0;
E_0x555d38279b60/1 .event posedge, v0x555d382a2290_0;
E_0x555d38279b60 .event/or E_0x555d38279b60/0, E_0x555d38279b60/1;
S_0x555d382cd100 .scope module, "dff_2" "DFF" 3 25, 3 1 0, S_0x555d382b2320;
 .timescale 0 0;
    .port_info 0 /INPUT 1 "d"
    .port_info 1 /INPUT 1 "clk"
    .port_info 2 /INPUT 1 "reset"
    .port_info 3 /OUTPUT 1 "q"
v0x555d382a2390_0 .net "clk", 0 0, v0x555d382d0140_0;  alias, 1 drivers
v0x555d382a1ba0_0 .net "d", 0 0, v0x555d382a2a80_0;  alias, 1 drivers
v0x555d382a1ca0_0 .var "q", 0 0;
v0x555d382cd3c0_0 .net "reset", 0 0, v0x555d382d0400_0;  alias, 1 drivers
S_0x555d382cd4e0 .scope module, "dff_3" "DFF" 3 26, 3 1 0, S_0x555d382b2320;
 .timescale 0 0;
    .port_info 0 /INPUT 1 "d"
    .port_info 1 /INPUT 1 "clk"
    .port_info 2 /INPUT 1 "reset"
    .port_info 3 /OUTPUT 1 "q"
v0x555d382cd750_0 .net "clk", 0 0, v0x555d382d0140_0;  alias, 1 drivers
v0x555d382cd840_0 .net "d", 0 0, v0x555d382a1ca0_0;  alias, 1 drivers
v0x555d382cd900_0 .var "q", 0 0;
v0x555d382cd9d0_0 .net "reset", 0 0, v0x555d382d0400_0;  alias, 1 drivers
S_0x555d382cdb00 .scope module, "dff_4" "DFF" 3 27, 3 1 0, S_0x555d382b2320;
 .timescale 0 0;
    .port_info 0 /INPUT 1 "d"
    .port_info 1 /INPUT 1 "clk"
    .port_info 2 /INPUT 1 "reset"
    .port_info 3 /OUTPUT 1 "q"
v0x555d382cdd40_0 .net "clk", 0 0, v0x555d382d0140_0;  alias, 1 drivers
v0x555d382cde00_0 .net "d", 0 0, v0x555d382cd900_0;  alias, 1 drivers
v0x555d382cdef0_0 .var "q", 0 0;
v0x555d382cdfc0_0 .net "reset", 0 0, v0x555d382d0400_0;  alias, 1 drivers
S_0x555d382ce0d0 .scope module, "dff_5" "DFF" 3 28, 3 1 0, S_0x555d382b2320;
 .timescale 0 0;
    .port_info 0 /INPUT 1 "d"
    .port_info 1 /INPUT 1 "clk"
    .port_info 2 /INPUT 1 "reset"
    .port_info 3 /OUTPUT 1 "q"
v0x555d382ce360_0 .net "clk", 0 0, v0x555d382d0140_0;  alias, 1 drivers
v0x555d382ce420_0 .net "d", 0 0, v0x555d382cdef0_0;  alias, 1 drivers
v0x555d382ce4e0_0 .var "q", 0 0;
v0x555d382ce5b0_0 .net "reset", 0 0, v0x555d382d0400_0;  alias, 1 drivers
S_0x555d382ce6c0 .scope module, "dff_6" "DFF" 3 29, 3 1 0, S_0x555d382b2320;
 .timescale 0 0;
    .port_info 0 /INPUT 1 "d"
    .port_info 1 /INPUT 1 "clk"
    .port_info 2 /INPUT 1 "reset"
    .port_info 3 /OUTPUT 1 "q"
v0x555d382ce8b0_0 .net "clk", 0 0, v0x555d382d0140_0;  alias, 1 drivers
v0x555d382ce970_0 .net "d", 0 0, v0x555d382ce4e0_0;  alias, 1 drivers
v0x555d382cea60_0 .var "q", 0 0;
v0x555d382ceb30_0 .net "reset", 0 0, v0x555d382d0400_0;  alias, 1 drivers
S_0x555d382cec40 .scope module, "dff_7" "DFF" 3 30, 3 1 0, S_0x555d382b2320;
 .timescale 0 0;
    .port_info 0 /INPUT 1 "d"
    .port_info 1 /INPUT 1 "clk"
    .port_info 2 /INPUT 1 "reset"
    .port_info 3 /OUTPUT 1 "q"
v0x555d382cee30_0 .net "clk", 0 0, v0x555d382d0140_0;  alias, 1 drivers
v0x555d382ceef0_0 .net "d", 0 0, v0x555d382cea60_0;  alias, 1 drivers
v0x555d382cefe0_0 .var "q", 0 0;
v0x555d382cf0b0_0 .net "reset", 0 0, v0x555d382d0400_0;  alias, 1 drivers
S_0x555d382cf1c0 .scope module, "dff_8" "DFF" 3 31, 3 1 0, S_0x555d382b2320;
 .timescale 0 0;
    .port_info 0 /INPUT 1 "d"
    .port_info 1 /INPUT 1 "clk"
    .port_info 2 /INPUT 1 "reset"
    .port_info 3 /OUTPUT 1 "q"
v0x555d382cf400_0 .net "clk", 0 0, v0x555d382d0140_0;  alias, 1 drivers
v0x555d382cf4c0_0 .net "d", 0 0, v0x555d382cefe0_0;  alias, 1 drivers
v0x555d382cf5b0_0 .var "q", 0 0;
v0x555d382cf680_0 .net "reset", 0 0, v0x555d382d0400_0;  alias, 1 drivers
    .scope S_0x555d382b2560;
T_0 ;
    %wait E_0x555d38279b60;
    %load/vec4 v0x555d382a2290_0;
    %flag_set/vec4 8;
    %jmp/0xz  T_0.0, 8;
    %pushi/vec4 0, 0, 1;
    %assign/vec4 v0x555d382a2a80_0, 0;
    %jmp T_0.1;
T_0.0 ;
    %load/vec4 v0x555d382a2980_0;
    %assign/vec4 v0x555d382a2a80_0, 0;
T_0.1 ;
    %jmp T_0;
    .thread T_0;
    .scope S_0x555d382cd100;
T_1 ;
    %wait E_0x555d38279b60;
    %load/vec4 v0x555d382cd3c0_0;
    %flag_set/vec4 8;
    %jmp/0xz  T_1.0, 8;
    %pushi/vec4 0, 0, 1;
    %assign/vec4 v0x555d382a1ca0_0, 0;
    %jmp T_1.1;
T_1.0 ;
    %load/vec4 v0x555d382a1ba0_0;
    %assign/vec4 v0x555d382a1ca0_0, 0;
T_1.1 ;
    %jmp T_1;
    .thread T_1;
    .scope S_0x555d382cd4e0;
T_2 ;
    %wait E_0x555d38279b60;
    %load/vec4 v0x555d382cd9d0_0;
    %flag_set/vec4 8;
    %jmp/0xz  T_2.0, 8;
    %pushi/vec4 0, 0, 1;
    %assign/vec4 v0x555d382cd900_0, 0;
    %jmp T_2.1;
T_2.0 ;
    %load/vec4 v0x555d382cd840_0;
    %assign/vec4 v0x555d382cd900_0, 0;
T_2.1 ;
    %jmp T_2;
    .thread T_2;
    .scope S_0x555d382cdb00;
T_3 ;
    %wait E_0x555d38279b60;
    %load/vec4 v0x555d382cdfc0_0;
    %flag_set/vec4 8;
    %jmp/0xz  T_3.0, 8;
    %pushi/vec4 0, 0, 1;
    %assign/vec4 v0x555d382cdef0_0, 0;
    %jmp T_3.1;
T_3.0 ;
    %load/vec4 v0x555d382cde00_0;
    %assign/vec4 v0x555d382cdef0_0, 0;
T_3.1 ;
    %jmp T_3;
    .thread T_3;
    .scope S_0x555d382ce0d0;
T_4 ;
    %wait E_0x555d38279b60;
    %load/vec4 v0x555d382ce5b0_0;
    %flag_set/vec4 8;
    %jmp/0xz  T_4.0, 8;
    %pushi/vec4 0, 0, 1;
    %assign/vec4 v0x555d382ce4e0_0, 0;
    %jmp T_4.1;
T_4.0 ;
    %load/vec4 v0x555d382ce420_0;
    %assign/vec4 v0x555d382ce4e0_0, 0;
T_4.1 ;
    %jmp T_4;
    .thread T_4;
    .scope S_0x555d382ce6c0;
T_5 ;
    %wait E_0x555d38279b60;
    %load/vec4 v0x555d382ceb30_0;
    %flag_set/vec4 8;
    %jmp/0xz  T_5.0, 8;
    %pushi/vec4 0, 0, 1;
    %assign/vec4 v0x555d382cea60_0, 0;
    %jmp T_5.1;
T_5.0 ;
    %load/vec4 v0x555d382ce970_0;
    %assign/vec4 v0x555d382cea60_0, 0;
T_5.1 ;
    %jmp T_5;
    .thread T_5;
    .scope S_0x555d382cec40;
T_6 ;
    %wait E_0x555d38279b60;
    %load/vec4 v0x555d382cf0b0_0;
    %flag_set/vec4 8;
    %jmp/0xz  T_6.0, 8;
    %pushi/vec4 0, 0, 1;
    %assign/vec4 v0x555d382cefe0_0, 0;
    %jmp T_6.1;
T_6.0 ;
    %load/vec4 v0x555d382ceef0_0;
    %assign/vec4 v0x555d382cefe0_0, 0;
T_6.1 ;
    %jmp T_6;
    .thread T_6;
    .scope S_0x555d382cf1c0;
T_7 ;
    %wait E_0x555d38279b60;
    %load/vec4 v0x555d382cf680_0;
    %flag_set/vec4 8;
    %jmp/0xz  T_7.0, 8;
    %pushi/vec4 0, 0, 1;
    %assign/vec4 v0x555d382cf5b0_0, 0;
    %jmp T_7.1;
T_7.0 ;
    %load/vec4 v0x555d382cf4c0_0;
    %assign/vec4 v0x555d382cf5b0_0, 0;
T_7.1 ;
    %jmp T_7;
    .thread T_7;
    .scope S_0x555d382af220;
T_8 ;
    %vpi_call 2 12 "$dumpfile", "SR_SISO_tb.vcd" {0 0 0};
    %vpi_call 2 13 "$dumpvars", 32'sb00000000000000000000000000000000, S_0x555d382af220 {0 0 0};
    %end;
    .thread T_8;
    .scope S_0x555d382af220;
T_9 ;
    %pushi/vec4 0, 0, 1;
    %store/vec4 v0x555d382d0200_0, 0, 1;
    %pushi/vec4 0, 0, 1;
    %store/vec4 v0x555d382d0400_0, 0, 1;
    %pushi/vec4 0, 0, 1;
    %store/vec4 v0x555d382d0140_0, 0, 1;
    %end;
    .thread T_9;
    .scope S_0x555d382af220;
T_10 ;
    %wait E_0x555d38279a10;
    %load/vec4 v0x555d382d0200_0;
    %inv;
    %store/vec4 v0x555d382d0200_0, 0, 1;
    %jmp T_10;
    .thread T_10;
    .scope S_0x555d382af220;
T_11 ;
    %delay 5, 0;
    %load/vec4 v0x555d382d0140_0;
    %nor/r;
    %store/vec4 v0x555d382d0140_0, 0, 1;
    %jmp T_11;
    .thread T_11;
    .scope S_0x555d382af220;
T_12 ;
    %vpi_call 2 33 "$monitor", $time, ": clk=%b, rst=%b, inp=%b, q=%b\012", v0x555d382d0140_0, v0x555d382d0400_0, v0x555d382d0200_0, v0x555d382d0310_0 {0 0 0};
    %end;
    .thread T_12;
    .scope S_0x555d382af220;
T_13 ;
    %delay 100, 0;
    %vpi_call 2 36 "$finish" {0 0 0};
    %end;
    .thread T_13;
# The file index is used to find the file name in the following table.
:file_names 4;
    "N/A";
    "<interactive>";
    "SR_SISO_tb.v";
    "./SR_SISO.v";
