#! /usr/bin/vvp
:ivl_version "0.9.7 " "(v0_9_7)";
:vpi_time_precision + 0;
:vpi_module "system";
:vpi_module "v2005_math";
:vpi_module "va_math";
S_0x970e30 .scope module, "top" "top" 2 3;
 .timescale 0 0;
v0x99b2c0_0 .var "L_in", 0 0;
v0x99b360_0 .var "R_in", 0 0;
v0x99b3e0_0 .var "clk", 0 0;
RS_0x7f5ea43a03b8 .resolv tri, L_0x9a0f10, L_0x9a6520, C4<zzzzzzzz>, C4<zzzzzzzz>;
v0x99b460_0 .net8 "out", 7 0, RS_0x7f5ea43a03b8; 2 drivers
v0x99b4e0_0 .var "pload", 7 0;
v0x99b560_0 .var "select", 1 0;
S_0x964c60 .scope module, "usr0" "USR_8bit" 2 10, 3 61, S_0x970e30;
 .timescale 0 0;
v0x99af00_0 .net "L_in", 0 0, v0x99b2c0_0; 1 drivers
v0x99afd0_0 .net "R_in", 0 0, v0x99b360_0; 1 drivers
v0x99b0a0_0 .net "clk", 0 0, v0x99b3e0_0; 1 drivers
v0x99b120_0 .alias "out", 7 0, v0x99b460_0;
v0x99b1a0_0 .net "pload", 7 0, v0x99b4e0_0; 1 drivers
v0x99b240_0 .net "select", 1 0, v0x99b560_0; 1 drivers
RS_0x7f5ea43a0358 .resolv tri, L_0x99bac0, L_0x99c030, L_0x99c6c0, L_0x99cc00;
L_0x9a0f10 .part/pv RS_0x7f5ea43a0358, 4, 4, 8;
L_0x9a0fb0 .part v0x99b4e0_0, 4, 4;
L_0x9a1050 .part RS_0x7f5ea43a03b8, 3, 1;
RS_0x7f5ea439f1b8 .resolv tri, L_0x9a1550, L_0x9a1a50, L_0x9a1fa0, L_0x9a24e0;
L_0x9a6520 .part/pv RS_0x7f5ea439f1b8, 0, 4, 8;
L_0x9a65c0 .part v0x99b4e0_0, 0, 4;
L_0x9a6660 .part RS_0x7f5ea43a03b8, 4, 1;
S_0x995b70 .scope module, "usr0" "USR_4bit" 3 69, 3 38, S_0x964c60;
 .timescale 0 0;
v0x99a840_0 .net "L_in", 0 0, L_0x9a1050; 1 drivers
v0x99a8e0_0 .alias "R_in", 0 0, v0x99afd0_0;
v0x99a990_0 .alias "clk", 0 0, v0x99b0a0_0;
v0x99aa10_0 .net8 "out", 3 0, RS_0x7f5ea43a0358; 4 drivers
v0x99aac0_0 .net "pload", 3 0, L_0x9a0fb0; 1 drivers
v0x99ab40_0 .alias "select", 1 0, v0x99b240_0;
v0x99abc0_0 .net "w0", 0 0, L_0x9a08a0; 1 drivers
v0x99ac90_0 .net "w1", 0 0, L_0x99f790; 1 drivers
v0x99adb0_0 .net "w2", 0 0, L_0x99e740; 1 drivers
v0x99ae80_0 .net "w3", 0 0, L_0x99d980; 1 drivers
L_0x99bac0 .part/pv L_0x99b8e0, 3, 1, 4;
L_0x99c030 .part/pv L_0x99be20, 2, 1, 4;
L_0x99c6c0 .part/pv L_0x99c4e0, 1, 1, 4;
L_0x99cc00 .part/pv L_0x99ca20, 0, 1, 4;
L_0x99db60 .part RS_0x7f5ea43a0358, 3, 1;
L_0x99dc50 .part RS_0x7f5ea43a0358, 2, 1;
L_0x99dd80 .part L_0x9a0fb0, 3, 1;
L_0x99e920 .part RS_0x7f5ea43a0358, 2, 1;
L_0x99ea60 .part RS_0x7f5ea43a0358, 3, 1;
L_0x99ec60 .part RS_0x7f5ea43a0358, 1, 1;
L_0x99ed60 .part L_0x9a0fb0, 2, 1;
L_0x99f970 .part RS_0x7f5ea43a0358, 1, 1;
L_0x99fad0 .part RS_0x7f5ea43a0358, 2, 1;
L_0x99fbc0 .part RS_0x7f5ea43a0358, 0, 1;
L_0x99fd30 .part L_0x9a0fb0, 1, 1;
L_0x9a0a80 .part RS_0x7f5ea43a0358, 0, 1;
L_0x9a0c00 .part RS_0x7f5ea43a0358, 1, 1;
L_0x9a0cf0 .part L_0x9a0fb0, 0, 1;
S_0x99a1d0 .scope module, "df3" "DFF" 3 48, 3 2, S_0x995b70;
 .timescale 0 0;
L_0x99b620 .functor NAND 1, L_0x99b680, L_0x99b830, C4<1>, C4<1>;
L_0x99b680 .functor NAND 1, L_0x99b620, v0x99b3e0_0, C4<1>, C4<1>;
L_0x99b780 .functor NAND 1, L_0x99b680, L_0x99b830, v0x99b3e0_0, C4<1>;
L_0x99b830 .functor NAND 1, L_0x99b780, L_0x99d980, C4<1>, C4<1>;
L_0x99b8e0 .functor NAND 1, L_0x99b680, L_0x99b9d0, C4<1>, C4<1>;
L_0x99b9d0 .functor NAND 1, L_0x99b780, L_0x99b8e0, C4<1>, C4<1>;
v0x99a2c0_0 .alias "D", 0 0, v0x99ae80_0;
v0x99a360_0 .net "Q", 0 0, L_0x99b8e0; 1 drivers
v0x99a3e0_0 .net "Q_bar", 0 0, L_0x99b9d0; 1 drivers
v0x99a480_0 .alias "clk", 0 0, v0x99b0a0_0;
v0x995600_0 .net "w0", 0 0, L_0x99b620; 1 drivers
v0x99a610_0 .net "w1", 0 0, L_0x99b680; 1 drivers
v0x99a6b0_0 .net "w2", 0 0, L_0x99b780; 1 drivers
v0x99a750_0 .net "w3", 0 0, L_0x99b830; 1 drivers
S_0x999bf0 .scope module, "df2" "DFF" 3 49, 3 2, S_0x995b70;
 .timescale 0 0;
L_0x99bb60 .functor NAND 1, L_0x99bbc0, L_0x99bd70, C4<1>, C4<1>;
L_0x99bbc0 .functor NAND 1, L_0x99bb60, v0x99b3e0_0, C4<1>, C4<1>;
L_0x99bcc0 .functor NAND 1, L_0x99bbc0, L_0x99bd70, v0x99b3e0_0, C4<1>;
L_0x99bd70 .functor NAND 1, L_0x99bcc0, L_0x99e740, C4<1>, C4<1>;
L_0x99be20 .functor NAND 1, L_0x99bbc0, L_0x99bf40, C4<1>, C4<1>;
L_0x99bf40 .functor NAND 1, L_0x99bcc0, L_0x99be20, C4<1>, C4<1>;
v0x999ce0_0 .alias "D", 0 0, v0x99adb0_0;
v0x999d80_0 .net "Q", 0 0, L_0x99be20; 1 drivers
v0x999e00_0 .net "Q_bar", 0 0, L_0x99bf40; 1 drivers
v0x999ea0_0 .alias "clk", 0 0, v0x99b0a0_0;
v0x999f20_0 .net "w0", 0 0, L_0x99bb60; 1 drivers
v0x999fa0_0 .net "w1", 0 0, L_0x99bbc0; 1 drivers
v0x99a040_0 .net "w2", 0 0, L_0x99bcc0; 1 drivers
v0x99a0e0_0 .net "w3", 0 0, L_0x99bd70; 1 drivers
S_0x999610 .scope module, "df1" "DFF" 3 50, 3 2, S_0x995b70;
 .timescale 0 0;
L_0x99c120 .functor NAND 1, L_0x99c180, L_0x99a5b0, C4<1>, C4<1>;
L_0x99c180 .functor NAND 1, L_0x99c120, v0x99b3e0_0, C4<1>, C4<1>;
L_0x99a500 .functor NAND 1, L_0x99c180, L_0x99a5b0, v0x99b3e0_0, C4<1>;
L_0x99a5b0 .functor NAND 1, L_0x99a500, L_0x99f790, C4<1>, C4<1>;
L_0x99c4e0 .functor NAND 1, L_0x99c180, L_0x99c5d0, C4<1>, C4<1>;
L_0x99c5d0 .functor NAND 1, L_0x99a500, L_0x99c4e0, C4<1>, C4<1>;
v0x999700_0 .alias "D", 0 0, v0x99ac90_0;
v0x9997a0_0 .net "Q", 0 0, L_0x99c4e0; 1 drivers
v0x999820_0 .net "Q_bar", 0 0, L_0x99c5d0; 1 drivers
v0x9998c0_0 .alias "clk", 0 0, v0x99b0a0_0;
v0x999940_0 .net "w0", 0 0, L_0x99c120; 1 drivers
v0x9999c0_0 .net "w1", 0 0, L_0x99c180; 1 drivers
v0x999a60_0 .net "w2", 0 0, L_0x99a500; 1 drivers
v0x999b00_0 .net "w3", 0 0, L_0x99a5b0; 1 drivers
S_0x9990e0 .scope module, "df0" "DFF" 3 51, 3 2, S_0x995b70;
 .timescale 0 0;
L_0x99c760 .functor NAND 1, L_0x99c7c0, L_0x99c970, C4<1>, C4<1>;
L_0x99c7c0 .functor NAND 1, L_0x99c760, v0x99b3e0_0, C4<1>, C4<1>;
L_0x99c8c0 .functor NAND 1, L_0x99c7c0, L_0x99c970, v0x99b3e0_0, C4<1>;
L_0x99c970 .functor NAND 1, L_0x99c8c0, L_0x9a08a0, C4<1>, C4<1>;
L_0x99ca20 .functor NAND 1, L_0x99c7c0, L_0x99cb10, C4<1>, C4<1>;
L_0x99cb10 .functor NAND 1, L_0x99c8c0, L_0x99ca20, C4<1>, C4<1>;
v0x9991d0_0 .alias "D", 0 0, v0x99abc0_0;
v0x999250_0 .net "Q", 0 0, L_0x99ca20; 1 drivers
v0x9992d0_0 .net "Q_bar", 0 0, L_0x99cb10; 1 drivers
v0x999350_0 .alias "clk", 0 0, v0x99b0a0_0;
v0x9993d0_0 .net "w0", 0 0, L_0x99c760; 1 drivers
v0x999450_0 .net "w1", 0 0, L_0x99c7c0; 1 drivers
v0x9994d0_0 .net "w2", 0 0, L_0x99c8c0; 1 drivers
v0x999570_0 .net "w3", 0 0, L_0x99c970; 1 drivers
S_0x998390 .scope module, "mx3" "mux_4_1" 3 53, 3 18, S_0x995b70;
 .timescale 0 0;
L_0x99cd30 .functor NOT 1, L_0x99cd90, C4<0>, C4<0>, C4<0>;
L_0x99ce30 .functor NOT 1, L_0x99cec0, C4<0>, C4<0>, C4<0>;
L_0x99cfb0 .functor AND 1, L_0x99ce30, L_0x99cd30, L_0x99db60, C4<1>;
L_0x99d0e0 .functor AND 1, L_0x99ce30, L_0x99d260, v0x99b360_0, C4<1>;
L_0x99d300 .functor AND 1, L_0x99d3f0, L_0x99cd30, L_0x99dc50, C4<1>;
L_0x99d4e0 .functor AND 1, L_0x99d640, L_0x998d40, L_0x99dd80, C4<1>;
L_0x99d980 .functor OR 1, L_0x99cfb0, L_0x99d0e0, L_0x99d300, L_0x99d4e0;
v0x998480_0 .net *"_s1", 0 0, L_0x99cd90; 1 drivers
v0x998500_0 .net *"_s11", 0 0, L_0x998d40; 1 drivers
v0x998580_0 .net *"_s3", 0 0, L_0x99cec0; 1 drivers
v0x998620_0 .net *"_s5", 0 0, L_0x99d260; 1 drivers
v0x9986a0_0 .net *"_s7", 0 0, L_0x99d3f0; 1 drivers
v0x998740_0 .net *"_s9", 0 0, L_0x99d640; 1 drivers
v0x9987e0_0 .net "in0", 0 0, L_0x99db60; 1 drivers
v0x998880_0 .alias "in1", 0 0, v0x99afd0_0;
v0x998920_0 .net "in2", 0 0, L_0x99dc50; 1 drivers
v0x9989c0_0 .net "in3", 0 0, L_0x99dd80; 1 drivers
v0x998a60_0 .alias "out", 0 0, v0x99ae80_0;
v0x998b00_0 .net "s0", 0 0, L_0x99cd30; 1 drivers
v0x998ba0_0 .net "s1", 0 0, L_0x99ce30; 1 drivers
v0x998c40_0 .alias "select", 1 0, v0x99b240_0;
v0x995840_0 .net "w0", 0 0, L_0x99cfb0; 1 drivers
v0x998e70_0 .net "w1", 0 0, L_0x99d0e0; 1 drivers
v0x998cc0_0 .net "w2", 0 0, L_0x99d300; 1 drivers
v0x998fc0_0 .net "w3", 0 0, L_0x99d4e0; 1 drivers
L_0x99cd90 .part v0x99b560_0, 0, 1;
L_0x99cec0 .part v0x99b560_0, 1, 1;
L_0x99d260 .part v0x99b560_0, 0, 1;
L_0x99d3f0 .part v0x99b560_0, 1, 1;
L_0x99d640 .part v0x99b560_0, 1, 1;
L_0x998d40 .part v0x99b560_0, 0, 1;
S_0x9976d0 .scope module, "mx2" "mux_4_1" 3 54, 3 18, S_0x995b70;
 .timescale 0 0;
L_0x99de70 .functor NOT 1, L_0x99ded0, C4<0>, C4<0>, C4<0>;
L_0x998f50 .functor NOT 1, L_0x99dfc0, C4<0>, C4<0>, C4<0>;
L_0x99d570 .functor AND 1, L_0x998f50, L_0x99de70, L_0x99e920, C4<1>;
L_0x99e100 .functor AND 1, L_0x998f50, L_0x99e160, L_0x99ea60, C4<1>;
L_0x99e250 .functor AND 1, L_0x99e310, L_0x99de70, L_0x99ec60, C4<1>;
L_0x99e400 .functor AND 1, L_0x99e520, L_0x99e610, L_0x99ed60, C4<1>;
L_0x99e740 .functor OR 1, L_0x99d570, L_0x99e100, L_0x99e250, L_0x99e400;
v0x9977c0_0 .net *"_s1", 0 0, L_0x99ded0; 1 drivers
v0x997840_0 .net *"_s11", 0 0, L_0x99e610; 1 drivers
v0x9978c0_0 .net *"_s3", 0 0, L_0x99dfc0; 1 drivers
v0x997960_0 .net *"_s5", 0 0, L_0x99e160; 1 drivers
v0x9979e0_0 .net *"_s7", 0 0, L_0x99e310; 1 drivers
v0x997a80_0 .net *"_s9", 0 0, L_0x99e520; 1 drivers
v0x997b20_0 .net "in0", 0 0, L_0x99e920; 1 drivers
v0x997bc0_0 .net "in1", 0 0, L_0x99ea60; 1 drivers
v0x997c60_0 .net "in2", 0 0, L_0x99ec60; 1 drivers
v0x997d00_0 .net "in3", 0 0, L_0x99ed60; 1 drivers
v0x997da0_0 .alias "out", 0 0, v0x99adb0_0;
v0x997e40_0 .net "s0", 0 0, L_0x99de70; 1 drivers
v0x997ee0_0 .net "s1", 0 0, L_0x998f50; 1 drivers
v0x997f80_0 .alias "select", 1 0, v0x99b240_0;
v0x998080_0 .net "w0", 0 0, L_0x99d570; 1 drivers
v0x998120_0 .net "w1", 0 0, L_0x99e100; 1 drivers
v0x998000_0 .net "w2", 0 0, L_0x99e250; 1 drivers
v0x998270_0 .net "w3", 0 0, L_0x99e400; 1 drivers
L_0x99ded0 .part v0x99b560_0, 0, 1;
L_0x99dfc0 .part v0x99b560_0, 1, 1;
L_0x99e160 .part v0x99b560_0, 0, 1;
L_0x99e310 .part v0x99b560_0, 1, 1;
L_0x99e520 .part v0x99b560_0, 1, 1;
L_0x99e610 .part v0x99b560_0, 0, 1;
S_0x996a10 .scope module, "mx1" "mux_4_1" 3 55, 3 18, S_0x995b70;
 .timescale 0 0;
L_0x99ee50 .functor NOT 1, L_0x99eeb0, C4<0>, C4<0>, C4<0>;
L_0x99efa0 .functor NOT 1, L_0x99f000, C4<0>, C4<0>, C4<0>;
L_0x99f0f0 .functor AND 1, L_0x99efa0, L_0x99ee50, L_0x99f970, C4<1>;
L_0x99f1f0 .functor AND 1, L_0x99efa0, L_0x99f250, L_0x99fad0, C4<1>;
L_0x99f340 .functor AND 1, L_0x99f3a0, L_0x99ee50, L_0x99fbc0, C4<1>;
L_0x99f490 .functor AND 1, L_0x99f5b0, L_0x99f6a0, L_0x99fd30, C4<1>;
L_0x99f790 .functor OR 1, L_0x99f0f0, L_0x99f1f0, L_0x99f340, L_0x99f490;
v0x996b00_0 .net *"_s1", 0 0, L_0x99eeb0; 1 drivers
v0x996b80_0 .net *"_s11", 0 0, L_0x99f6a0; 1 drivers
v0x996c00_0 .net *"_s3", 0 0, L_0x99f000; 1 drivers
v0x996ca0_0 .net *"_s5", 0 0, L_0x99f250; 1 drivers
v0x996d20_0 .net *"_s7", 0 0, L_0x99f3a0; 1 drivers
v0x996dc0_0 .net *"_s9", 0 0, L_0x99f5b0; 1 drivers
v0x996e60_0 .net "in0", 0 0, L_0x99f970; 1 drivers
v0x996f00_0 .net "in1", 0 0, L_0x99fad0; 1 drivers
v0x996fa0_0 .net "in2", 0 0, L_0x99fbc0; 1 drivers
v0x997040_0 .net "in3", 0 0, L_0x99fd30; 1 drivers
v0x9970e0_0 .alias "out", 0 0, v0x99ac90_0;
v0x997180_0 .net "s0", 0 0, L_0x99ee50; 1 drivers
v0x997220_0 .net "s1", 0 0, L_0x99efa0; 1 drivers
v0x9972c0_0 .alias "select", 1 0, v0x99b240_0;
v0x9973c0_0 .net "w0", 0 0, L_0x99f0f0; 1 drivers
v0x997460_0 .net "w1", 0 0, L_0x99f1f0; 1 drivers
v0x997340_0 .net "w2", 0 0, L_0x99f340; 1 drivers
v0x9975b0_0 .net "w3", 0 0, L_0x99f490; 1 drivers
L_0x99eeb0 .part v0x99b560_0, 0, 1;
L_0x99f000 .part v0x99b560_0, 1, 1;
L_0x99f250 .part v0x99b560_0, 0, 1;
L_0x99f3a0 .part v0x99b560_0, 1, 1;
L_0x99f5b0 .part v0x99b560_0, 1, 1;
L_0x99f6a0 .part v0x99b560_0, 0, 1;
S_0x995c60 .scope module, "mx0" "mux_4_1" 3 56, 3 18, S_0x995b70;
 .timescale 0 0;
L_0x99ed00 .functor NOT 1, L_0x99fe20, C4<0>, C4<0>, C4<0>;
L_0x99ff10 .functor NOT 1, L_0x99ff70, C4<0>, C4<0>, C4<0>;
L_0x9a0060 .functor AND 1, L_0x99ff10, L_0x99ed00, L_0x9a0a80, C4<1>;
L_0x9a0160 .functor AND 1, L_0x99ff10, L_0x9a01c0, L_0x9a0c00, C4<1>;
L_0x9974e0 .functor AND 1, L_0x99d730, L_0x99ed00, L_0x9a1050, C4<1>;
L_0x99d820 .functor AND 1, L_0x9a06c0, L_0x9a07b0, L_0x9a0cf0, C4<1>;
L_0x9a08a0 .functor OR 1, L_0x9a0060, L_0x9a0160, L_0x9974e0, L_0x99d820;
v0x995d50_0 .net *"_s1", 0 0, L_0x99fe20; 1 drivers
v0x995df0_0 .net *"_s11", 0 0, L_0x9a07b0; 1 drivers
v0x995e90_0 .net *"_s3", 0 0, L_0x99ff70; 1 drivers
v0x995f30_0 .net *"_s5", 0 0, L_0x9a01c0; 1 drivers
v0x995fb0_0 .net *"_s7", 0 0, L_0x99d730; 1 drivers
v0x996050_0 .net *"_s9", 0 0, L_0x9a06c0; 1 drivers
v0x9960f0_0 .net "in0", 0 0, L_0x9a0a80; 1 drivers
v0x996190_0 .net "in1", 0 0, L_0x9a0c00; 1 drivers
v0x996280_0 .alias "in2", 0 0, v0x99a840_0;
v0x996320_0 .net "in3", 0 0, L_0x9a0cf0; 1 drivers
v0x996420_0 .alias "out", 0 0, v0x99abc0_0;
v0x9964c0_0 .net "s0", 0 0, L_0x99ed00; 1 drivers
v0x996560_0 .net "s1", 0 0, L_0x99ff10; 1 drivers
v0x996600_0 .alias "select", 1 0, v0x99b240_0;
v0x996700_0 .net "w0", 0 0, L_0x9a0060; 1 drivers
v0x9967a0_0 .net "w1", 0 0, L_0x9a0160; 1 drivers
v0x996680_0 .net "w2", 0 0, L_0x9974e0; 1 drivers
v0x9968f0_0 .net "w3", 0 0, L_0x99d820; 1 drivers
L_0x99fe20 .part v0x99b560_0, 0, 1;
L_0x99ff70 .part v0x99b560_0, 1, 1;
L_0x9a01c0 .part v0x99b560_0, 0, 1;
L_0x99d730 .part v0x99b560_0, 1, 1;
L_0x9a06c0 .part v0x99b560_0, 1, 1;
L_0x9a07b0 .part v0x99b560_0, 0, 1;
S_0x9710b0 .scope module, "usr1" "USR_4bit" 3 70, 3 38, S_0x964c60;
 .timescale 0 0;
v0x995430_0 .alias "L_in", 0 0, v0x99af00_0;
v0x9954d0_0 .net "R_in", 0 0, L_0x9a6660; 1 drivers
v0x995580_0 .alias "clk", 0 0, v0x99b0a0_0;
v0x995690_0 .net8 "out", 3 0, RS_0x7f5ea439f1b8; 4 drivers
v0x995740_0 .net "pload", 3 0, L_0x9a65c0; 1 drivers
v0x9957c0_0 .alias "select", 1 0, v0x99b240_0;
v0x9958d0_0 .net "w0", 0 0, L_0x9a5eb0; 1 drivers
v0x995950_0 .net "w1", 0 0, L_0x9a4f10; 1 drivers
v0x995a20_0 .net "w2", 0 0, L_0x9a3ee0; 1 drivers
v0x995af0_0 .net "w3", 0 0, L_0x9a3000; 1 drivers
L_0x9a1550 .part/pv L_0x9a13b0, 3, 1, 4;
L_0x9a1a50 .part/pv L_0x9a18b0, 2, 1, 4;
L_0x9a1fa0 .part/pv L_0x9a1e00, 1, 1, 4;
L_0x9a24e0 .part/pv L_0x9a2300, 0, 1, 4;
L_0x9a31e0 .part RS_0x7f5ea439f1b8, 3, 1;
L_0x9a32d0 .part RS_0x7f5ea439f1b8, 2, 1;
L_0x9a3400 .part L_0x9a65c0, 3, 1;
L_0x9a40c0 .part RS_0x7f5ea439f1b8, 2, 1;
L_0x9a4200 .part RS_0x7f5ea439f1b8, 3, 1;
L_0x9a4400 .part RS_0x7f5ea439f1b8, 1, 1;
L_0x9a4500 .part L_0x9a65c0, 2, 1;
L_0x9a50f0 .part RS_0x7f5ea439f1b8, 1, 1;
L_0x9a5250 .part RS_0x7f5ea439f1b8, 2, 1;
L_0x9a5340 .part RS_0x7f5ea439f1b8, 0, 1;
L_0x9a5430 .part L_0x9a65c0, 1, 1;
L_0x9a6090 .part RS_0x7f5ea439f1b8, 0, 1;
L_0x9a6210 .part RS_0x7f5ea439f1b8, 1, 1;
L_0x9a6300 .part L_0x9a65c0, 0, 1;
S_0x994e50 .scope module, "df3" "DFF" 3 48, 3 2, S_0x9710b0;
 .timescale 0 0;
L_0x9a10f0 .functor NAND 1, L_0x9a1150, L_0x9a1300, C4<1>, C4<1>;
L_0x9a1150 .functor NAND 1, L_0x9a10f0, v0x99b3e0_0, C4<1>, C4<1>;
L_0x9a1250 .functor NAND 1, L_0x9a1150, L_0x9a1300, v0x99b3e0_0, C4<1>;
L_0x9a1300 .functor NAND 1, L_0x9a1250, L_0x9a3000, C4<1>, C4<1>;
L_0x9a13b0 .functor NAND 1, L_0x9a1150, L_0x9a14a0, C4<1>, C4<1>;
L_0x9a14a0 .functor NAND 1, L_0x9a1250, L_0x9a13b0, C4<1>, C4<1>;
v0x994f40_0 .alias "D", 0 0, v0x995af0_0;
v0x994fe0_0 .net "Q", 0 0, L_0x9a13b0; 1 drivers
v0x995060_0 .net "Q_bar", 0 0, L_0x9a14a0; 1 drivers
v0x995100_0 .alias "clk", 0 0, v0x99b0a0_0;
v0x995180_0 .net "w0", 0 0, L_0x9a10f0; 1 drivers
v0x995200_0 .net "w1", 0 0, L_0x9a1150; 1 drivers
v0x9952a0_0 .net "w2", 0 0, L_0x9a1250; 1 drivers
v0x995340_0 .net "w3", 0 0, L_0x9a1300; 1 drivers
S_0x9947f0 .scope module, "df2" "DFF" 3 49, 3 2, S_0x9710b0;
 .timescale 0 0;
L_0x9a15f0 .functor NAND 1, L_0x9a1650, L_0x9a1800, C4<1>, C4<1>;
L_0x9a1650 .functor NAND 1, L_0x9a15f0, v0x99b3e0_0, C4<1>, C4<1>;
L_0x9a1750 .functor NAND 1, L_0x9a1650, L_0x9a1800, v0x99b3e0_0, C4<1>;
L_0x9a1800 .functor NAND 1, L_0x9a1750, L_0x9a3ee0, C4<1>, C4<1>;
L_0x9a18b0 .functor NAND 1, L_0x9a1650, L_0x9a19a0, C4<1>, C4<1>;
L_0x9a19a0 .functor NAND 1, L_0x9a1750, L_0x9a18b0, C4<1>, C4<1>;
v0x9948e0_0 .alias "D", 0 0, v0x995a20_0;
v0x994980_0 .net "Q", 0 0, L_0x9a18b0; 1 drivers
v0x994a00_0 .net "Q_bar", 0 0, L_0x9a19a0; 1 drivers
v0x994aa0_0 .alias "clk", 0 0, v0x99b0a0_0;
v0x994ba0_0 .net "w0", 0 0, L_0x9a15f0; 1 drivers
v0x994c20_0 .net "w1", 0 0, L_0x9a1650; 1 drivers
v0x994cc0_0 .net "w2", 0 0, L_0x9a1750; 1 drivers
v0x994d60_0 .net "w3", 0 0, L_0x9a1800; 1 drivers
S_0x9941d0 .scope module, "df1" "DFF" 3 50, 3 2, S_0x9710b0;
 .timescale 0 0;
L_0x9a1b40 .functor NAND 1, L_0x9a1ba0, L_0x9a1d50, C4<1>, C4<1>;
L_0x9a1ba0 .functor NAND 1, L_0x9a1b40, v0x99b3e0_0, C4<1>, C4<1>;
L_0x9a1ca0 .functor NAND 1, L_0x9a1ba0, L_0x9a1d50, v0x99b3e0_0, C4<1>;
L_0x9a1d50 .functor NAND 1, L_0x9a1ca0, L_0x9a4f10, C4<1>, C4<1>;
L_0x9a1e00 .functor NAND 1, L_0x9a1ba0, L_0x9a1ef0, C4<1>, C4<1>;
L_0x9a1ef0 .functor NAND 1, L_0x9a1ca0, L_0x9a1e00, C4<1>, C4<1>;
v0x9942c0_0 .alias "D", 0 0, v0x995950_0;
v0x994360_0 .net "Q", 0 0, L_0x9a1e00; 1 drivers
v0x9943e0_0 .net "Q_bar", 0 0, L_0x9a1ef0; 1 drivers
v0x994480_0 .alias "clk", 0 0, v0x99b0a0_0;
v0x994560_0 .net "w0", 0 0, L_0x9a1b40; 1 drivers
v0x9945e0_0 .net "w1", 0 0, L_0x9a1ba0; 1 drivers
v0x994660_0 .net "w2", 0 0, L_0x9a1ca0; 1 drivers
v0x994700_0 .net "w3", 0 0, L_0x9a1d50; 1 drivers
S_0x993c80 .scope module, "df0" "DFF" 3 51, 3 2, S_0x9710b0;
 .timescale 0 0;
L_0x9a2040 .functor NAND 1, L_0x9a20a0, L_0x9a2250, C4<1>, C4<1>;
L_0x9a20a0 .functor NAND 1, L_0x9a2040, v0x99b3e0_0, C4<1>, C4<1>;
L_0x9a21a0 .functor NAND 1, L_0x9a20a0, L_0x9a2250, v0x99b3e0_0, C4<1>;
L_0x9a2250 .functor NAND 1, L_0x9a21a0, L_0x9a5eb0, C4<1>, C4<1>;
L_0x9a2300 .functor NAND 1, L_0x9a20a0, L_0x9a23f0, C4<1>, C4<1>;
L_0x9a23f0 .functor NAND 1, L_0x9a21a0, L_0x9a2300, C4<1>, C4<1>;
v0x993d70_0 .alias "D", 0 0, v0x9958d0_0;
v0x993df0_0 .net "Q", 0 0, L_0x9a2300; 1 drivers
v0x993e70_0 .net "Q_bar", 0 0, L_0x9a23f0; 1 drivers
v0x993ef0_0 .alias "clk", 0 0, v0x99b0a0_0;
v0x993f70_0 .net "w0", 0 0, L_0x9a2040; 1 drivers
v0x993ff0_0 .net "w1", 0 0, L_0x9a20a0; 1 drivers
v0x994090_0 .net "w2", 0 0, L_0x9a21a0; 1 drivers
v0x994130_0 .net "w3", 0 0, L_0x9a2250; 1 drivers
S_0x992f70 .scope module, "mx3" "mux_4_1" 3 53, 3 18, S_0x9710b0;
 .timescale 0 0;
L_0x9a2610 .functor NOT 1, L_0x9a2670, C4<0>, C4<0>, C4<0>;
L_0x9a2710 .functor NOT 1, L_0x9a2770, C4<0>, C4<0>, C4<0>;
L_0x9a2860 .functor AND 1, L_0x9a2710, L_0x9a2610, L_0x9a31e0, C4<1>;
L_0x9a2960 .functor AND 1, L_0x9a2710, L_0x9a2a10, L_0x9a6660, C4<1>;
L_0x9a2b00 .functor AND 1, L_0x9a2b90, L_0x9a2610, L_0x9a32d0, C4<1>;
L_0x9a2c80 .functor AND 1, L_0x9a2de0, L_0x9a2ed0, L_0x9a3400, C4<1>;
L_0x9a3000 .functor OR 1, L_0x9a2860, L_0x9a2960, L_0x9a2b00, L_0x9a2c80;
v0x993060_0 .net *"_s1", 0 0, L_0x9a2670; 1 drivers
v0x9930e0_0 .net *"_s11", 0 0, L_0x9a2ed0; 1 drivers
v0x993160_0 .net *"_s3", 0 0, L_0x9a2770; 1 drivers
v0x993200_0 .net *"_s5", 0 0, L_0x9a2a10; 1 drivers
v0x993280_0 .net *"_s7", 0 0, L_0x9a2b90; 1 drivers
v0x993320_0 .net *"_s9", 0 0, L_0x9a2de0; 1 drivers
v0x9933c0_0 .net "in0", 0 0, L_0x9a31e0; 1 drivers
v0x993460_0 .alias "in1", 0 0, v0x9954d0_0;
v0x993550_0 .net "in2", 0 0, L_0x9a32d0; 1 drivers
v0x9935f0_0 .net "in3", 0 0, L_0x9a3400; 1 drivers
v0x993690_0 .alias "out", 0 0, v0x995af0_0;
v0x993730_0 .net "s0", 0 0, L_0x9a2610; 1 drivers
v0x9937d0_0 .net "s1", 0 0, L_0x9a2710; 1 drivers
v0x993870_0 .alias "select", 1 0, v0x99b240_0;
v0x993970_0 .net "w0", 0 0, L_0x9a2860; 1 drivers
v0x993a10_0 .net "w1", 0 0, L_0x9a2960; 1 drivers
v0x9938f0_0 .net "w2", 0 0, L_0x9a2b00; 1 drivers
v0x993b60_0 .net "w3", 0 0, L_0x9a2c80; 1 drivers
L_0x9a2670 .part v0x99b560_0, 0, 1;
L_0x9a2770 .part v0x99b560_0, 1, 1;
L_0x9a2a10 .part v0x99b560_0, 0, 1;
L_0x9a2b90 .part v0x99b560_0, 1, 1;
L_0x9a2de0 .part v0x99b560_0, 1, 1;
L_0x9a2ed0 .part v0x99b560_0, 0, 1;
S_0x992280 .scope module, "mx2" "mux_4_1" 3 54, 3 18, S_0x9710b0;
 .timescale 0 0;
L_0x9a34f0 .functor NOT 1, L_0x9a3550, C4<0>, C4<0>, C4<0>;
L_0x9a3640 .functor NOT 1, L_0x9a36a0, C4<0>, C4<0>, C4<0>;
L_0x9a3790 .functor AND 1, L_0x9a3640, L_0x9a34f0, L_0x9a40c0, C4<1>;
L_0x9a3890 .functor AND 1, L_0x9a3640, L_0x9a38f0, L_0x9a4200, C4<1>;
L_0x9a39e0 .functor AND 1, L_0x9a3a70, L_0x9a34f0, L_0x9a4400, C4<1>;
L_0x9a3b60 .functor AND 1, L_0x9a3cc0, L_0x9a3db0, L_0x9a4500, C4<1>;
L_0x9a3ee0 .functor OR 1, L_0x9a3790, L_0x9a3890, L_0x9a39e0, L_0x9a3b60;
v0x992370_0 .net *"_s1", 0 0, L_0x9a3550; 1 drivers
v0x9923f0_0 .net *"_s11", 0 0, L_0x9a3db0; 1 drivers
v0x992470_0 .net *"_s3", 0 0, L_0x9a36a0; 1 drivers
v0x992510_0 .net *"_s5", 0 0, L_0x9a38f0; 1 drivers
v0x9925c0_0 .net *"_s7", 0 0, L_0x9a3a70; 1 drivers
v0x992660_0 .net *"_s9", 0 0, L_0x9a3cc0; 1 drivers
v0x992700_0 .net "in0", 0 0, L_0x9a40c0; 1 drivers
v0x9927a0_0 .net "in1", 0 0, L_0x9a4200; 1 drivers
v0x992840_0 .net "in2", 0 0, L_0x9a4400; 1 drivers
v0x9928e0_0 .net "in3", 0 0, L_0x9a4500; 1 drivers
v0x992980_0 .alias "out", 0 0, v0x995a20_0;
v0x992a20_0 .net "s0", 0 0, L_0x9a34f0; 1 drivers
v0x992ac0_0 .net "s1", 0 0, L_0x9a3640; 1 drivers
v0x992b60_0 .alias "select", 1 0, v0x99b240_0;
v0x992c60_0 .net "w0", 0 0, L_0x9a3790; 1 drivers
v0x992d00_0 .net "w1", 0 0, L_0x9a3890; 1 drivers
v0x992be0_0 .net "w2", 0 0, L_0x9a39e0; 1 drivers
v0x992e50_0 .net "w3", 0 0, L_0x9a3b60; 1 drivers
L_0x9a3550 .part v0x99b560_0, 0, 1;
L_0x9a36a0 .part v0x99b560_0, 1, 1;
L_0x9a38f0 .part v0x99b560_0, 0, 1;
L_0x9a3a70 .part v0x99b560_0, 1, 1;
L_0x9a3cc0 .part v0x99b560_0, 1, 1;
L_0x9a3db0 .part v0x99b560_0, 0, 1;
S_0x9915e0 .scope module, "mx1" "mux_4_1" 3 55, 3 18, S_0x9710b0;
 .timescale 0 0;
L_0x9a45f0 .functor NOT 1, L_0x9a4650, C4<0>, C4<0>, C4<0>;
L_0x9a4740 .functor NOT 1, L_0x9a47a0, C4<0>, C4<0>, C4<0>;
L_0x9a4890 .functor AND 1, L_0x9a4740, L_0x9a45f0, L_0x9a50f0, C4<1>;
L_0x9a4990 .functor AND 1, L_0x9a4740, L_0x9a49f0, L_0x9a5250, C4<1>;
L_0x9a4ae0 .functor AND 1, L_0x9a4b40, L_0x9a45f0, L_0x9a5340, C4<1>;
L_0x9a4c30 .functor AND 1, L_0x9a4cf0, L_0x9a4de0, L_0x9a5430, C4<1>;
L_0x9a4f10 .functor OR 1, L_0x9a4890, L_0x9a4990, L_0x9a4ae0, L_0x9a4c30;
v0x9916d0_0 .net *"_s1", 0 0, L_0x9a4650; 1 drivers
v0x991750_0 .net *"_s11", 0 0, L_0x9a4de0; 1 drivers
v0x9917d0_0 .net *"_s3", 0 0, L_0x9a47a0; 1 drivers
v0x991870_0 .net *"_s5", 0 0, L_0x9a49f0; 1 drivers
v0x9918f0_0 .net *"_s7", 0 0, L_0x9a4b40; 1 drivers
v0x991990_0 .net *"_s9", 0 0, L_0x9a4cf0; 1 drivers
v0x991a30_0 .net "in0", 0 0, L_0x9a50f0; 1 drivers
v0x991ad0_0 .net "in1", 0 0, L_0x9a5250; 1 drivers
v0x991b70_0 .net "in2", 0 0, L_0x9a5340; 1 drivers
v0x991c10_0 .net "in3", 0 0, L_0x9a5430; 1 drivers
v0x991cb0_0 .alias "out", 0 0, v0x995950_0;
v0x991d50_0 .net "s0", 0 0, L_0x9a45f0; 1 drivers
v0x991df0_0 .net "s1", 0 0, L_0x9a4740; 1 drivers
v0x991e90_0 .alias "select", 1 0, v0x99b240_0;
v0x991f90_0 .net "w0", 0 0, L_0x9a4890; 1 drivers
v0x992010_0 .net "w1", 0 0, L_0x9a4990; 1 drivers
v0x991f10_0 .net "w2", 0 0, L_0x9a4ae0; 1 drivers
v0x992160_0 .net "w3", 0 0, L_0x9a4c30; 1 drivers
L_0x9a4650 .part v0x99b560_0, 0, 1;
L_0x9a47a0 .part v0x99b560_0, 1, 1;
L_0x9a49f0 .part v0x99b560_0, 0, 1;
L_0x9a4b40 .part v0x99b560_0, 1, 1;
L_0x9a4cf0 .part v0x99b560_0, 1, 1;
L_0x9a4de0 .part v0x99b560_0, 0, 1;
S_0x95d410 .scope module, "mx0" "mux_4_1" 3 56, 3 18, S_0x9710b0;
 .timescale 0 0;
L_0x9a44a0 .functor NOT 1, L_0x9a5520, C4<0>, C4<0>, C4<0>;
L_0x9a5610 .functor NOT 1, L_0x9a5670, C4<0>, C4<0>, C4<0>;
L_0x9a5760 .functor AND 1, L_0x9a5610, L_0x9a44a0, L_0x9a6090, C4<1>;
L_0x9a5860 .functor AND 1, L_0x9a5610, L_0x9a58c0, L_0x9a6210, C4<1>;
L_0x9a59b0 .functor AND 1, L_0x9a5aa0, L_0x9a44a0, v0x99b2c0_0, C4<1>;
L_0x9a5b40 .functor AND 1, L_0x9a5c90, L_0x9a5d80, L_0x9a6300, C4<1>;
L_0x9a5eb0 .functor OR 1, L_0x9a5760, L_0x9a5860, L_0x9a59b0, L_0x9a5b40;
v0x94b0e0_0 .net *"_s1", 0 0, L_0x9a5520; 1 drivers
v0x9908c0_0 .net *"_s11", 0 0, L_0x9a5d80; 1 drivers
v0x990960_0 .net *"_s3", 0 0, L_0x9a5670; 1 drivers
v0x990a00_0 .net *"_s5", 0 0, L_0x9a58c0; 1 drivers
v0x990ab0_0 .net *"_s7", 0 0, L_0x9a5aa0; 1 drivers
v0x990b50_0 .net *"_s9", 0 0, L_0x9a5c90; 1 drivers
v0x990c30_0 .net "in0", 0 0, L_0x9a6090; 1 drivers
v0x990cd0_0 .net "in1", 0 0, L_0x9a6210; 1 drivers
v0x990dc0_0 .alias "in2", 0 0, v0x99af00_0;
v0x990e60_0 .net "in3", 0 0, L_0x9a6300; 1 drivers
v0x990f60_0 .alias "out", 0 0, v0x9958d0_0;
v0x991000_0 .net "s0", 0 0, L_0x9a44a0; 1 drivers
v0x991110_0 .net "s1", 0 0, L_0x9a5610; 1 drivers
v0x9911b0_0 .alias "select", 1 0, v0x99b240_0;
v0x9912d0_0 .net "w0", 0 0, L_0x9a5760; 1 drivers
v0x991370_0 .net "w1", 0 0, L_0x9a5860; 1 drivers
v0x991230_0 .net "w2", 0 0, L_0x9a59b0; 1 drivers
v0x9914c0_0 .net "w3", 0 0, L_0x9a5b40; 1 drivers
L_0x9a5520 .part v0x99b560_0, 0, 1;
L_0x9a5670 .part v0x99b560_0, 1, 1;
L_0x9a58c0 .part v0x99b560_0, 0, 1;
L_0x9a5aa0 .part v0x99b560_0, 1, 1;
L_0x9a5c90 .part v0x99b560_0, 1, 1;
L_0x9a5d80 .part v0x99b560_0, 0, 1;
    .scope S_0x970e30;
T_0 ;
    %delay 5, 0;
    %load/v 8, v0x99b3e0_0, 1;
    %inv 8, 1;
    %set/v v0x99b3e0_0, 8, 1;
    %jmp T_0;
    .thread T_0;
    .scope S_0x970e30;
T_1 ;
    %vpi_call 2 16 "$monitor", $time, " select = %2b ..... pload = %8b ..... L_in = %b ..... R_in = %b ..... out = %8b", v0x99b560_0, v0x99b4e0_0, v0x99b2c0_0, v0x99b360_0, v0x99b460_0;
    %end;
    .thread T_1;
    .scope S_0x970e30;
T_2 ;
    %set/v v0x99b3e0_0, 0, 1;
    %set/v v0x99b560_0, 1, 2;
    %set/v v0x99b4e0_0, 0, 8;
    %set/v v0x99b2c0_0, 0, 1;
    %set/v v0x99b360_0, 0, 1;
    %delay 10, 0;
    %set/v v0x99b560_0, 1, 2;
    %movi 8, 65, 8;
    %set/v v0x99b4e0_0, 8, 8;
    %delay 10, 0;
    %set/v v0x99b560_0, 1, 2;
    %movi 8, 142, 8;
    %set/v v0x99b4e0_0, 8, 8;
    %delay 10, 0;
    %set/v v0x99b560_0, 1, 2;
    %movi 8, 165, 8;
    %set/v v0x99b4e0_0, 8, 8;
    %delay 10, 0;
    %movi 8, 1, 2;
    %set/v v0x99b560_0, 8, 2;
    %set/v v0x99b360_0, 1, 1;
    %delay 10, 0;
    %movi 8, 1, 2;
    %set/v v0x99b560_0, 8, 2;
    %set/v v0x99b360_0, 0, 1;
    %delay 10, 0;
    %movi 8, 1, 2;
    %set/v v0x99b560_0, 8, 2;
    %set/v v0x99b360_0, 0, 1;
    %delay 10, 0;
    %movi 8, 1, 2;
    %set/v v0x99b560_0, 8, 2;
    %set/v v0x99b360_0, 0, 1;
    %delay 10, 0;
    %movi 8, 1, 2;
    %set/v v0x99b560_0, 8, 2;
    %set/v v0x99b360_0, 0, 1;
    %delay 10, 0;
    %set/v v0x99b560_0, 0, 2;
    %delay 10, 0;
    %movi 8, 2, 2;
    %set/v v0x99b560_0, 8, 2;
    %set/v v0x99b2c0_0, 1, 1;
    %delay 10, 0;
    %movi 8, 2, 2;
    %set/v v0x99b560_0, 8, 2;
    %set/v v0x99b2c0_0, 1, 1;
    %delay 10, 0;
    %movi 8, 2, 2;
    %set/v v0x99b560_0, 8, 2;
    %set/v v0x99b2c0_0, 1, 1;
    %delay 10, 0;
    %movi 8, 2, 2;
    %set/v v0x99b560_0, 8, 2;
    %set/v v0x99b2c0_0, 0, 1;
    %delay 10, 0;
    %movi 8, 2, 2;
    %set/v v0x99b560_0, 8, 2;
    %set/v v0x99b2c0_0, 0, 1;
    %end;
    .thread T_2;
    .scope S_0x970e30;
T_3 ;
    %delay 150, 0;
    %vpi_call 2 54 "$finish";
    %end;
    .thread T_3;
    .scope S_0x970e30;
T_4 ;
    %vpi_call 2 57 "$dumpfile", "USR.vcd";
    %vpi_call 2 58 "$dumpvars";
    %end;
    .thread T_4;
# The file index is used to find the file name in the following table.
:file_names 4;
    "N/A";
    "<interactive>";
    "usr_tb.v";
    "./usr.v";
